C51 COMPILER V9.00   UART_T1                                                               01/02/2002 05:04:22 PAGE 1   


C51 COMPILER V9.00, COMPILATION OF MODULE UART_T1
OBJECT MODULE PLACED IN Uart T1.OBJ
COMPILER INVOKED BY: C:\Keil\C51\BIN\C51.EXE Uart T1.C BROWSE DEBUG OBJECTEXTEND

line level    source

   1          #include<stdio.h>
   2          #include<Reg51f.h>
   3          
   4          void init_uart();
   5          void clr_screen();
   6          void home_screen();
   7          void tx(unsigned char);
   8          void delay(unsigned int);
   9          
  10          
  11          void main()
  12          {
  13   1       init_uart();
  14   1       clr_screen();
  15   1       while(1)
  16   1       {
  17   2        home_screen();
  18   2        tx('H');
  19   2        delay(2);
  20   2      
  21   2        tx('E');
  22   2        delay(2);
  23   2       }                 
  24   1      }
  25          
  26          void init_uart()
  27          {
  28   1       TMOD=0x20;
  29   1       TH1=0xFD;
  30   1       TR1=1;
  31   1       SCON=0x53;
  32   1      }
  33          
  34          void clr_screen()
  35          {
  36   1       tx(0x1b);
  37   1       delay(1);
  38   1       tx('[');
  39   1       delay(1);
  40   1       tx('2');
  41   1       delay(1);
  42   1       tx('J');
  43   1       delay(1);
  44   1      }
  45          
  46          void home_screen()
  47          {
  48   1       tx(0x1b);
  49   1       delay(1);
  50   1       tx('[');
  51   1       delay(1);
  52   1       tx('H');
  53   1       delay(1);
  54   1      }
  55          
C51 COMPILER V9.00   UART_T1                                                               01/02/2002 05:04:22 PAGE 2   

  56          void tx(unsigned char tx_data)
  57          {
  58   1       while(TI!=1);
  59   1       SBUF=tx_data;
  60   1       TI=0;
  61   1      }
  62          
  63          void delay(unsigned int del)
  64          {
  65   1       int j,i;
  66   1       for(i=0;i<=del;i++)
  67   1        for(j=0;j<=120;j++);
  68   1      
  69   1      }
  70          
  71          


MODULE INFORMATION:   STATIC OVERLAYABLE
   CODE SIZE        =    155    ----
   CONSTANT SIZE    =   ----    ----
   XDATA SIZE       =   ----    ----
   PDATA SIZE       =   ----    ----
   DATA SIZE        =   ----    ----
   IDATA SIZE       =   ----    ----
   BIT SIZE         =   ----    ----
END OF MODULE INFORMATION.


C51 COMPILATION COMPLETE.  0 WARNING(S),  0 ERROR(S)
