C51 COMPILER V9.00   DAC1                                                                  01/02/2002 16:19:15 PAGE 1   


C51 COMPILER V9.00, COMPILATION OF MODULE DAC1
OBJECT MODULE PLACED IN DAC1.OBJ
COMPILER INVOKED BY: C:\Keil\C51\BIN\C51.EXE DAC1.C BROWSE DEBUG OBJECTEXTEND

line level    source

   1          #include<reg51f.h>
   2          #include<i2c.h>
   3          
   4          int adcvolt;
   5          unsigned char adc,adc1,adc2,adc3,adc4,adc5,temp1,adc6,adc7,adc8,temp2;
   6          unsigned char asciitab[16]={"0123456789ABCDEF"};
   7          float i=1.961;
   8          
   9          void read_adc();
  10          void display();
  11          void adc_write();
  12          
  13          
  14          void main()
  15          {
  16   1       init_lcd();
  17   1       adc_write();
  18   1      
  19   1       while(1)
  20   1       {
  21   2        read_adc();
  22   2        display();
  23   2       }
  24   1      }
  25          
  26          void adc_write()
  27          {
  28   1       start_i2c();
  29   1      
  30   1       shout_i2c(0x90); //device address and write mode
  31   1       ack_i2c();
  32   1      
  33   1       shout_i2c(0x40); //control byte
  34   1       ack_i2c();
  35   1      
  36   1       //shout_i2c(0x91); //device address and read mode
  37   1       //ack_i2c();
  38   1       
  39   1       shout_i2c(0x7f);
  40   1       ack_i2c();
  41   1      
  42   1       stop_i2c();
  43   1      
  44   1      }
  45          
  46          void read_adc()
  47          {
  48   1       start_i2c();
  49   1      
  50   1       shout_i2c(0x90); //device address and write mode
  51   1       ack_i2c();
  52   1      
  53   1       shout_i2c(0x40); //control byte
  54   1       ack_i2c();
  55   1      
C51 COMPILER V9.00   DAC1                                                                  01/02/2002 16:19:15 PAGE 2   

  56   1       start_i2c();
  57   1      
  58   1       shout_i2c(0x91); //device address and read mode
  59   1       ack_i2c();
  60   1       
  61   1       adc=shin_i2c();
  62   1       nack_i2c();
  63   1       
  64   1       stop_i2c();
  65   1      
  66   1      }
  67          
  68          void display()
  69          {
  70   1       cmd_wr(0x80);
  71   1       delay(2);
  72   1       adc1=adc&0xf0;
  73   1       adc1=adc1>>4;
  74   1       adc2=adc&0x0f;
  75   1      
  76   1       adc3=adc/100;
  77   1       temp1=adc%100;
  78   1       adc4=temp1/10;
  79   1       adc5=temp1%10;
  80   1      
  81   1       data_wr(asciitab[adc1]);
  82   1       delay(2);
  83   1      
  84   1       data_wr(asciitab[adc2]);
  85   1       delay(2);
  86   1      
  87   1       cmd_wr(0xC0);
  88   1       delay(2);
  89   1      
  90   1       data_wr(asciitab[adc3]);
  91   1       delay(2);
  92   1      
  93   1       data_wr(asciitab[adc4]);
  94   1       delay(2);
  95   1      
  96   1       data_wr(asciitab[adc5]);
  97   1       delay(2);
  98   1      
  99   1       adcvolt=adc*i;
 100   1       adc6=adcvolt/100;
 101   1       temp2=adcvolt%100;
 102   1       adc7=temp2/10;
 103   1       adc8=temp2%10;
 104   1       
 105   1       cmd_wr(0x8B);
 106   1       delay(2);
 107   1      
 108   1       data_wr(asciitab[adc6]);
 109   1       delay(2);
 110   1      
 111   1       data_wr('.');
 112   1       delay(2);
 113   1      
 114   1       data_wr(asciitab[adc7]);
 115   1       delay(2);
 116   1      
 117   1       data_wr(asciitab[adc8]);
C51 COMPILER V9.00   DAC1                                                                  01/02/2002 16:19:15 PAGE 3   

 118   1       delay(2);
 119   1      
 120   1       data_wr('V');
 121   1       delay(2);
 122   1       
 123   1      }
 124          
 125          
 126          
 127          
 128          
 129          
 130          
 131          


MODULE INFORMATION:   STATIC OVERLAYABLE
   CODE SIZE        =    701    ----
   CONSTANT SIZE    =   ----    ----
   XDATA SIZE       =   ----    ----
   PDATA SIZE       =   ----    ----
   DATA SIZE        =     36       1
   IDATA SIZE       =   ----    ----
   BIT SIZE         =   ----    ----
END OF MODULE INFORMATION.


C51 COMPILATION COMPLETE.  0 WARNING(S),  0 ERROR(S)
