C51 COMPILER V9.00   ADC1                                                                  01/02/2002 15:56:53 PAGE 1   


C51 COMPILER V9.00, COMPILATION OF MODULE ADC1
OBJECT MODULE PLACED IN ADC1.OBJ
COMPILER INVOKED BY: C:\Keil\C51\BIN\C51.EXE ADC1.C BROWSE DEBUG OBJECTEXTEND

line level    source

   1          #include<reg51f.h>
   2          #include<i2c.h>
   3          
   4          int adcvolt;
   5          unsigned char adc,adc1,adc2,adc3,adc4,adc5,temp1,adc6,adc7,adc8,temp2;
   6          unsigned char asciitab[16]={"0123456789ABCDEF"};
   7          float i=1.961;
   8          
   9          void read_adc();
  10          void display();
  11          
  12          
  13          void main()
  14          {
  15   1       init_lcd();
  16   1      
  17   1       while(1)
  18   1       {
  19   2        read_adc();
  20   2        display();
  21   2       }
  22   1      }
  23          
  24          void read_adc()
  25          {
  26   1       start_i2c();
  27   1      
  28   1       shout_i2c(0x90); //device address and write mode
  29   1       ack_i2c();
  30   1      
  31   1       shout_i2c(0x01); //control byte
  32   1       ack_i2c();
  33   1      
  34   1       start_i2c();
  35   1      
  36   1       shout_i2c(0x91); //device address and read mode
  37   1       ack_i2c();
  38   1       
  39   1       adc=shin_i2c();
  40   1       nack_i2c();
  41   1       
  42   1       stop_i2c();
  43   1      
  44   1      }
  45          
  46          void display()
  47          {
  48   1       cmd_wr(0x80);
  49   1       delay(2);
  50   1       adc1=adc&0xf0;
  51   1       adc1=adc1>>4;
  52   1       adc2=adc&0x0f;
  53   1      
  54   1       adc3=adc/100;
  55   1       temp1=adc%100;
C51 COMPILER V9.00   ADC1                                                                  01/02/2002 15:56:53 PAGE 2   

  56   1       adc4=temp1/10;
  57   1       adc5=temp1%10;
  58   1      
  59   1       data_wr(asciitab[adc1]);
  60   1       delay(2);
  61   1      
  62   1       data_wr(asciitab[adc2]);
  63   1       delay(2);
  64   1      
  65   1       cmd_wr(0xC0);
  66   1       delay(2);
  67   1      
  68   1       data_wr(asciitab[adc3]);
  69   1       delay(2);
  70   1      
  71   1       data_wr(asciitab[adc4]);
  72   1       delay(2);
  73   1      
  74   1       data_wr(asciitab[adc5]);
  75   1       delay(2);
  76   1      
  77   1       adcvolt=adc*i;
  78   1       adc6=adcvolt/100;
  79   1       temp2=adcvolt%100;
  80   1       adc7=temp2/10;
  81   1       adc8=temp2%10;
  82   1       
  83   1       cmd_wr(0x8B);
  84   1       delay(2);
  85   1      
  86   1       data_wr(asciitab[adc6]);
  87   1       delay(2);
  88   1      
  89   1       data_wr('.');
  90   1       delay(2);
  91   1      
  92   1       data_wr(asciitab[adc7]);
  93   1       delay(2);
  94   1      
  95   1       data_wr(asciitab[adc8]);
  96   1       delay(2);
  97   1      
  98   1       data_wr('V');
  99   1       delay(2);
 100   1       
 101   1      }
 102          
 103          
 104          
 105          
 106          
 107          
 108          
 109          


MODULE INFORMATION:   STATIC OVERLAYABLE
   CODE SIZE        =    678    ----
   CONSTANT SIZE    =   ----    ----
   XDATA SIZE       =   ----    ----
   PDATA SIZE       =   ----    ----
   DATA SIZE        =     36       1
C51 COMPILER V9.00   ADC1                                                                  01/02/2002 15:56:53 PAGE 3   

   IDATA SIZE       =   ----    ----
   BIT SIZE         =   ----    ----
END OF MODULE INFORMATION.


C51 COMPILATION COMPLETE.  0 WARNING(S),  0 ERROR(S)
