C51 COMPILER V9.00   DC_MOTOR                                                              03/08/2000 15:47:31 PAGE 1   


C51 COMPILER V9.00, COMPILATION OF MODULE DC_MOTOR
OBJECT MODULE PLACED IN dc_motor.OBJ
COMPILER INVOKED BY: C:\Keil\C51\BIN\C51.EXE dc_motor.C BROWSE DEBUG OBJECTEXTEND

line level    source

   1          #include<reg51f.h>
   2          
   3          sbit EN1 = P1^0;
   4          sbit DCM1 = P1^1;
   5          sbit DCM2 = P1^2;
   6          sbit DCM3 = P1^3;
   7          sbit DCM4 = P1^4;
   8          sbit EN2 = P1^5;
   9          
  10          void delay(unsigned int);
  11          
  12          void main()
  13          {
  14   1        EN1=1;
  15   1        EN2=1;
  16   1      
  17   1       while(1)
  18   1       {
  19   2        DCM1=1;
  20   2        DCM2=0;
  21   2      
  22   2        DCM3=1;
  23   2        DCM4=0;
  24   2      
  25   2       delay(5000);
  26   2      
  27   2        DCM1=0;
  28   2        DCM2=1;
  29   2      
  30   2        DCM3=0;
  31   2        DCM4=1;
  32   2      
  33   2       delay(5000);
  34   2      
  35   2       }
  36   1      }
  37          
  38          void delay(unsigned int a)
  39          {
  40   1       int i,j;
  41   1      
  42   1       for(i=0;i<=a;i++)
  43   1       for(j=0;j<=120;j++);
  44   1      }
  45          
  46          


MODULE INFORMATION:   STATIC OVERLAYABLE
   CODE SIZE        =     68    ----
   CONSTANT SIZE    =   ----    ----
   XDATA SIZE       =   ----    ----
   PDATA SIZE       =   ----    ----
   DATA SIZE        =   ----    ----
   IDATA SIZE       =   ----    ----
C51 COMPILER V9.00   DC_MOTOR                                                              03/08/2000 15:47:31 PAGE 2   

   BIT SIZE         =   ----    ----
END OF MODULE INFORMATION.


C51 COMPILATION COMPLETE.  0 WARNING(S),  0 ERROR(S)
