A51 MACRO ASSEMBLER  T9_UART                                                              01/01/2002 16:08:58 PAGE     1


MACRO ASSEMBLER A51 V8.01
OBJECT MODULE PLACED IN T9 uart.OBJ
ASSEMBLER INVOKED BY: C:\Keil\C51\BIN\A51.EXE T9 uart.asm SET(SMALL) DEBUG EP

LOC  OBJ            LINE     SOURCE

  0030                 1     ds1 equ 30h
  0031                 2     ds2 equ 31h
  0032                 3     ds3 equ 32h
  0033                 4     ds4 equ 33h
                       5     
  0034                 6     dcount1 equ 34h
  0035                 7     dcount2 equ 35h
  0036                 8     dcount3 equ 36h
                       9     
  0037                10     count equ 37h
  0038                11     scan_no equ 38h
  0039                12     dcount equ 39h
  0040                13     krcount equ 40h
  0041                14     key_code equ 41h
                      15     
  0042                16     tx_data equ 42h
  0043                17     rx_data equ 43h
                      18     
  0060                19     top_of_stack equ 60h
                      20     
  00A0                21     sl1 bit p2.0
  00A1                22     sl2 bit p2.1
  00A2                23     sl3 bit p2.2
  00A3                24     sl4 bit p2.3
                      25     
  00A4                26     krl1 bit p2.4
  00A5                27     krl2 bit p2.5
  00A6                28     krl3 bit p2.6
  00A7                29     krl4 bit p2.7
                      30     
  0000                31     key_ready bit 00h
  0001                32     nkp bit 01h
  0002                33     tb bit 02h
  0003                34     start_buzzer bit 03h
                      35     
                      36     
0000                  37     org 0000h
0000 802A             38     jmp main
                      39     
0003                  40     org 0003h
0003 32               41     reti 
                      42     
000B                  43     org 000bh
000B 020083           44     ljmp isr_t0
                      45     
0013                  46     org 0013h
0013 32               47     reti
                      48     
001B                  49     org 001bh
001B 32               50     reti
                      51     
0023                  52     org 0023h
0023 32               53     reti
                      54     
002B                  55     org 002bh
002B 32               56     reti
                      57     
                      58     
A51 MACRO ASSEMBLER  T9_UART                                                              01/01/2002 16:08:58 PAGE     2

                      59     
002C                  60     main:
                      61     
002C 31E6             62     call init_uart
002E 31F2             63     call clr_screen
                      64     
                      65     
                      66     
0030 758160           67     mov sp,#top_of_stack
0033 1158             68     call init
0035 D2AF             69     setb ea
                      70     
                      71     
                      72     
                      73     
                      74     
                      75     
                      76     
0037                  77     l1_main:
                      78     
0037 3000FD           79     jnb key_ready,$
003A E541             80     mov a,key_code
                      81     
003C 900048           82     mov dptr,#ascii_tab
003F 93               83     movc a,@a+dptr
0040 F530             84     mov ds1,a
0042 31CE             85     call key_release
                      86     
0044 31DC             87     call tx_disp
                      88     
0046 80EF             89     jmp l1_main
                      90     
0048                  91     ascii_tab:
0048 30313233         92     db "0123456789ABCDEF"
004C 34353637                
0050 38394142                
0054 43444546                
                      93     
0058                  94     init:
                      95     
                      96     
0058 115D             97     call init_keypad
005A 1175             98     call init_timer0
005C 22               99     ret
                     100     
                     101     
                     102     
                     103     
                     104     
                     105     
                     106     
                     107     
                     108     
                     109     
005D                 110     init_keypad:
                     111     
005D D2A4            112     setb krl1
005F D2A5            113     setb krl2
0061 D2A6            114     setb krl3
0063 D2A7            115     setb krl4
0065 753800          116     mov scan_no,#00d
0068 753921          117     mov dcount,#33d
006B 754020          118     mov krcount,#32d
006E C200            119     clr key_ready
0070 C201            120     clr nkp
0072 C203            121     clr start_buzzer
A51 MACRO ASSEMBLER  T9_UART                                                              01/01/2002 16:08:58 PAGE     3

0074 22              122     ret
                     123     
0075                 124     init_timer0:
                     125     
0075 438901          126     orl tmod,#01h
0078 758A66          127     mov tl0,#66h
007B 758CFC          128     mov th0,#0fch
007E D28C            129     setb tr0
0080 D2A9            130     setb et0
0082 22              131     ret
                     132     
                     133     
0083                 134     isr_t0:
                     135     
0083 C0E0            136     push acc
0085 C0D0            137     push psw
0087 C083            138     push dph
0089 C082            139     push dpl
                     140     
008B 1175            141     call init_timer0
008D 31D6            142     call buzzer
008F 119A            143     call scanner
                     144     
0091                 145     out_isr:
                     146     
0091 D082            147     pop dpl
0093 D083            148     pop dph
0095 D0D0            149     pop psw
0097 D0E0            150     pop acc
0099 32              151     reti
                     152     
                     153     
009A                 154     scanner:
                     155     
009A E538            156     mov a,scan_no
                     157     
                     158     
009C                 159     zero:
                     160     
009C B40011          161     cjne a,#00d,one
                     162     
                     163     
009F C2A0            164     clr sl1
00A1 D2A1            165     setb sl2
00A3 D2A2            166     setb sl3
00A5 D2A3            167     setb sl4
                     168     
                     169     
                     170     
00A7 A2A4            171     mov c,krl1
00A9 317D            172     call k
                     173     
00AB 753801          174     mov scan_no,#01d
00AE 217C            175     ajmp out_scanner
                     176     
                     177     
00B0                 178     one:
                     179     
00B0 B40109          180     cjne a,#01d,two
                     181     
00B3 A2A5            182     mov c,krl2
00B5 317D            183     call k
                     184     
00B7 753802          185     mov scan_no,#02d
00BA 217C            186     ajmp out_scanner
                     187     
A51 MACRO ASSEMBLER  T9_UART                                                              01/01/2002 16:08:58 PAGE     4

                     188     
00BC                 189     two:
                     190     
00BC B40209          191     cjne a,#02d,three
                     192     
00BF A2A6            193     mov c,krl3
00C1 317D            194     call k
                     195     
00C3 753803          196     mov scan_no,#03d
00C6 217C            197     ajmp out_scanner
                     198     
                     199     
00C8                 200     three:
                     201     
00C8 B40309          202     cjne a,#03d,four
                     203     
                     204     
                     205     
00CB A2A7            206     mov c,krl4
00CD 317D            207     call k
                     208     
00CF 753804          209     mov scan_no,#04d
00D2 217C            210     ajmp out_scanner
                     211     
                     212     
00D4                 213     four:
                     214     
00D4 B40411          215     cjne a,#04d,five
                     216     
                     217     
00D7 D2A0            218     setb sl1
00D9 C2A1            219     clr sl2
00DB D2A2            220     setb sl3
00DD D2A3            221     setb sl4
                     222     
                     223     
                     224     
00DF A2A4            225     mov c,krl1
00E1 317D            226     call k
                     227     
00E3 753805          228     mov scan_no,#05d
00E6 217C            229     ajmp out_scanner
                     230     
                     231     
00E8                 232     five:
                     233     
00E8 B40509          234     cjne a,#05d,six
                     235     
00EB A2A5            236     mov c,krl2
00ED 317D            237     call k
                     238     
00EF 753806          239     mov scan_no,#06d
00F2 217C            240     ajmp out_scanner
                     241     
                     242     
00F4                 243     six:
                     244     
00F4 B40609          245     cjne a,#06d,seven
                     246     
00F7 A2A6            247     mov c,krl3
00F9 317D            248     call k
                     249     
00FB 753807          250     mov scan_no,#07d
00FE 217C            251     ajmp out_scanner
                     252     
                     253     
A51 MACRO ASSEMBLER  T9_UART                                                              01/01/2002 16:08:58 PAGE     5

0100                 254     seven:
                     255     
0100 B40709          256     cjne a,#07d,eight
                     257     
                     258     
                     259     
0103 A2A7            260     mov c,krl4
0105 317D            261     call k
                     262     
                     263     
0107 753808          264     mov scan_no,#08d
010A 217C            265     ajmp out_scanner
                     266     
                     267     
010C                 268     eight:
                     269     
010C B40811          270     cjne a,#08d,nine
                     271     
                     272     
010F D2A0            273     setb sl1
0111 D2A1            274     setb sl2
0113 C2A2            275     clr sl3
0115 D2A3            276     setb sl4
                     277     
                     278     
                     279     
0117 A2A4            280     mov c,krl1
0119 317D            281     call k
                     282     
                     283     
011B 753809          284     mov scan_no,#09d
011E 217C            285     ajmp out_scanner
                     286     
                     287     
0120                 288     nine:
                     289     
0120 B40909          290     cjne a,#09d,ten
                     291     
0123 A2A5            292     mov c,krl2
0125 317D            293     call k
                     294     
                     295     
0127 75380A          296     mov scan_no,#10d
012A 217C            297     ajmp out_scanner
                     298     
                     299     
012C                 300     ten:
                     301     
012C B40A09          302     cjne a,#10d,eleven
                     303     
012F A2A6            304     mov c,krl3
0131 317D            305     call k
                     306     
                     307     
0133 75380B          308     mov scan_no,#11d
0136 217C            309     ajmp out_scanner
                     310     
                     311     
0138                 312     eleven:
                     313     
0138 B40B09          314     cjne a,#11d,twelve
                     315     
                     316     
                     317     
013B A2A7            318     mov c,krl4
013D 317D            319     call k
A51 MACRO ASSEMBLER  T9_UART                                                              01/01/2002 16:08:58 PAGE     6

                     320     
                     321     
013F 75380C          322     mov scan_no,#12d
0142 217C            323     ajmp out_scanner
                     324     
                     325     
0144                 326     twelve:
                     327     
0144 B40C11          328     cjne a,#12d,thirteen
                     329     
                     330     
0147 D2A0            331     setb sl1
0149 D2A1            332     setb sl2
014B D2A2            333     setb sl3
014D C2A3            334     clr sl4
                     335     
                     336     
                     337     
014F A2A4            338     mov c,krl1
0151 317D            339     call k
                     340     
                     341     
0153 75380D          342     mov scan_no,#13d
0156 217C            343     ajmp out_scanner
                     344     
                     345     
0158                 346     thirteen:
                     347     
0158 B40D09          348     cjne a,#13d,fourteen
                     349     
015B A2A5            350     mov c,krl2
015D 317D            351     call k
                     352     
                     353     
015F 75380E          354     mov scan_no,#14d
0162 217C            355     ajmp out_scanner
                     356     
                     357     
0164                 358     fourteen:
                     359     
0164 B40E09          360     cjne a,#14d,fifteen
                     361     
0167 A2A6            362     mov c,krl3
0169 317D            363     call k
                     364     
                     365     
016B 75380F          366     mov scan_no,#15d
016E 217C            367     ajmp out_scanner
                     368     
                     369     
0170                 370     fifteen:
                     371     
0170 B40F04          372     cjne a,#15d,dummy
                     373     
                     374     
                     375     
0173 A2A7            376     mov c,krl4
0175 317D            377     call k
                     378     
                     379     
                     380     
0177                 381     dummy:
                     382     
0177 753800          383     mov scan_no,#00d
017A 217C            384     ajmp out_scanner
                     385     
A51 MACRO ASSEMBLER  T9_UART                                                              01/01/2002 16:08:58 PAGE     7

017C                 386     out_scanner:
                     387     
017C 22              388     ret
                     389     
017D                 390     k:
                     391     
017D 200027          392     jb key_ready,out_debounce
                     393     
0180 9202            394     mov tb,c
0182 E539            395     mov a,dcount
0184 B4210B          396     cjne a,#33d,debounce
0187 A202            397     mov c,tb
0189 402F            398     jc out_k
                     399     
018B 1539            400     dec dcount
018D 853841          401     mov key_code,scan_no
0190 8028            402     jmp out_k
                     403     
0192                 404     debounce:
                     405     
0192 D53925          406     djnz dcount,out_k
                     407     
0195 A202            408     mov c,tb
0197 4009            409     jc spurious_key
0199 753921          410     mov dcount,#33d
019C D200            411     setb key_ready
019E D203            412     setb start_buzzer
01A0 8018            413     jmp out_k
                     414     
01A2                 415     spurious_key:
                     416     
01A2 753921          417     mov dcount,#33d
01A5 8013            418     jmp out_k
                     419     
01A7                 420     out_debounce:
                     421     
01A7 4005            422     jc l1_k
01A9 754020          423     mov krcount,#32d
01AC 800C            424     jmp out_k
                     425     
01AE                 426     l1_k:
                     427     
01AE D54009          428     djnz krcount,out_k
01B1 D201            429     setb nkp
01B3 C203            430     clr start_buzzer
01B5 754020          431     mov krcount,#32d
01B8 8000            432     jmp out_k
                     433     
                     434     
01BA                 435     out_k:
01BA 22              436     ret
                     437     
                     438     
01BB                 439     wait_1sec:
                     440     
01BB 753602          441     mov dcount3,#02h
01BE 7535FF          442     L2: mov dcount2,#0ffh
01C1 7534FF          443     L1: mov dcount1,#0ffh
01C4 D534FD          444     djnz dcount1,$
01C7 D535F7          445     djnz dcount2,L1
01CA D536F1          446     djnz dcount3,L2
01CD 22              447     ret
                     448     
01CE                 449     key_release:
01CE 3001FD          450     jnb nkp,$
01D1 C200            451     clr key_ready
A51 MACRO ASSEMBLER  T9_UART                                                              01/01/2002 16:08:58 PAGE     8

01D3 C201            452     clr nkp
01D5 22              453     ret
                     454     
01D6                 455     buzzer:
                     456     
01D6 300302          457     jnb start_buzzer,out_b
01D9 B295            458     cpl p1.5
                     459     
01DB                 460     out_b:
                     461     
01DB 22              462     ret
                     463     
                     464     
                     465     
01DC                 466     tx_disp:
                     467     
01DC 510F            468     call home_screen
                     469     
01DE 853042          470     mov tx_data,ds1
01E1 5125            471     call tx
01E3 512E            472     call uart_delay
                     473      
01E5 22              474     ret
                     475     
                     476     
                     477     
01E6                 478     init_uart:
                     479     
                     480     
01E6 438920          481     orl tmod,#20h
01E9 758DFD          482     mov th1,#0FDh    
01EC D28E            483     setb tr1
01EE 759852          484     mov scon,#52h
                     485     
01F1 22              486     ret
                     487     
01F2                 488     clr_screen:
                     489     
01F2 75421B          490     mov tx_data,#1bh
01F5 5125            491     call tx
01F7 512E            492     call uart_delay
                     493     
01F9 75425B          494     mov tx_data,#"["
01FC 5125            495     call tx
01FE 512E            496     call uart_delay
                     497     
0200 754232          498     mov tx_data,#"2"
0203 5125            499     call tx
0205 512E            500     call uart_delay
                     501     
0207 75424A          502     mov tx_data,#"J"
020A 5125            503     call tx
020C 512E            504     call uart_delay
                     505     
020E 22              506     ret
                     507     
020F                 508     home_screen:
                     509     
020F 75421B          510     mov tx_data,#1bh
0212 5125            511     call tx
0214 512E            512     call uart_delay
                     513     
0216 75425B          514     mov tx_data,#"["
0219 5125            515     call tx
021B 512E            516     call uart_delay
                     517     
A51 MACRO ASSEMBLER  T9_UART                                                              01/01/2002 16:08:58 PAGE     9

021D 754248          518     mov tx_data,#"H"
0220 5125            519     call tx
0222 512E            520     call uart_delay
                     521     
0224 22              522     ret
                     523     
0225                 524     tx:
0225 3099FD          525     jnb ti,$
0228 854299          526     mov sbuf,tx_data
022B C299            527     clr ti
022D 22              528     ret
                     529     
                     530     
022E                 531     uart_delay:
                     532     
022E 753602          533     mov dcount3,#02h
0231 75353F          534     K2: mov dcount2,#3fh
0234 7534FF          535     K1: mov dcount1,#0ffh
0237 D534FD          536     djnz dcount1,$
023A D535F7          537     djnz dcount2,K1
023D D536F1          538     djnz dcount3,K2
0240 22              539     ret
                     540     
                     541     
                     542     
                     543     
                     544     end
A51 MACRO ASSEMBLER  T9_UART                                                              01/01/2002 16:08:58 PAGE    10

SYMBOL TABLE LISTING
------ ----- -------


N A M E             T Y P E  V A L U E   ATTRIBUTES

ACC. . . . . . . .  D ADDR   00E0H   A   
ASCII_TAB. . . . .  C ADDR   0048H   A   
BUZZER . . . . . .  C ADDR   01D6H   A   
CLR_SCREEN . . . .  C ADDR   01F2H   A   
COUNT. . . . . . .  N NUMB   0037H   A   
DCOUNT . . . . . .  N NUMB   0039H   A   
DCOUNT1. . . . . .  N NUMB   0034H   A   
DCOUNT2. . . . . .  N NUMB   0035H   A   
DCOUNT3. . . . . .  N NUMB   0036H   A   
DEBOUNCE . . . . .  C ADDR   0192H   A   
DPH. . . . . . . .  D ADDR   0083H   A   
DPL. . . . . . . .  D ADDR   0082H   A   
DS1. . . . . . . .  N NUMB   0030H   A   
DS2. . . . . . . .  N NUMB   0031H   A   
DS3. . . . . . . .  N NUMB   0032H   A   
DS4. . . . . . . .  N NUMB   0033H   A   
DUMMY. . . . . . .  C ADDR   0177H   A   
EA . . . . . . . .  B ADDR   00A8H.7 A   
EIGHT. . . . . . .  C ADDR   010CH   A   
ELEVEN . . . . . .  C ADDR   0138H   A   
ET0. . . . . . . .  B ADDR   00A8H.1 A   
FIFTEEN. . . . . .  C ADDR   0170H   A   
FIVE . . . . . . .  C ADDR   00E8H   A   
FOUR . . . . . . .  C ADDR   00D4H   A   
FOURTEEN . . . . .  C ADDR   0164H   A   
HOME_SCREEN. . . .  C ADDR   020FH   A   
INIT . . . . . . .  C ADDR   0058H   A   
INIT_KEYPAD. . . .  C ADDR   005DH   A   
INIT_TIMER0. . . .  C ADDR   0075H   A   
INIT_UART. . . . .  C ADDR   01E6H   A   
ISR_T0 . . . . . .  C ADDR   0083H   A   
K. . . . . . . . .  C ADDR   017DH   A   
K1 . . . . . . . .  C ADDR   0234H   A   
K2 . . . . . . . .  C ADDR   0231H   A   
KEY_CODE . . . . .  N NUMB   0041H   A   
KEY_READY. . . . .  B ADDR   0020H.0 A   
KEY_RELEASE. . . .  C ADDR   01CEH   A   
KRCOUNT. . . . . .  N NUMB   0040H   A   
KRL1 . . . . . . .  B ADDR   00A0H.4 A   
KRL2 . . . . . . .  B ADDR   00A0H.5 A   
KRL3 . . . . . . .  B ADDR   00A0H.6 A   
KRL4 . . . . . . .  B ADDR   00A0H.7 A   
L1 . . . . . . . .  C ADDR   01C1H   A   
L1_K . . . . . . .  C ADDR   01AEH   A   
L1_MAIN. . . . . .  C ADDR   0037H   A   
L2 . . . . . . . .  C ADDR   01BEH   A   
MAIN . . . . . . .  C ADDR   002CH   A   
NINE . . . . . . .  C ADDR   0120H   A   
NKP. . . . . . . .  B ADDR   0020H.1 A   
ONE. . . . . . . .  C ADDR   00B0H   A   
OUT_B. . . . . . .  C ADDR   01DBH   A   
OUT_DEBOUNCE . . .  C ADDR   01A7H   A   
OUT_ISR. . . . . .  C ADDR   0091H   A   
OUT_K. . . . . . .  C ADDR   01BAH   A   
OUT_SCANNER. . . .  C ADDR   017CH   A   
P1 . . . . . . . .  D ADDR   0090H   A   
P2 . . . . . . . .  D ADDR   00A0H   A   
PSW. . . . . . . .  D ADDR   00D0H   A   
RX_DATA. . . . . .  N NUMB   0043H   A   
SBUF . . . . . . .  D ADDR   0099H   A   
A51 MACRO ASSEMBLER  T9_UART                                                              01/01/2002 16:08:58 PAGE    11

SCANNER. . . . . .  C ADDR   009AH   A   
SCAN_NO. . . . . .  N NUMB   0038H   A   
SCON . . . . . . .  D ADDR   0098H   A   
SEVEN. . . . . . .  C ADDR   0100H   A   
SIX. . . . . . . .  C ADDR   00F4H   A   
SL1. . . . . . . .  B ADDR   00A0H.0 A   
SL2. . . . . . . .  B ADDR   00A0H.1 A   
SL3. . . . . . . .  B ADDR   00A0H.2 A   
SL4. . . . . . . .  B ADDR   00A0H.3 A   
SP . . . . . . . .  D ADDR   0081H   A   
SPURIOUS_KEY . . .  C ADDR   01A2H   A   
START_BUZZER . . .  B ADDR   0020H.3 A   
TB . . . . . . . .  B ADDR   0020H.2 A   
TEN. . . . . . . .  C ADDR   012CH   A   
TH0. . . . . . . .  D ADDR   008CH   A   
TH1. . . . . . . .  D ADDR   008DH   A   
THIRTEEN . . . . .  C ADDR   0158H   A   
THREE. . . . . . .  C ADDR   00C8H   A   
TI . . . . . . . .  B ADDR   0098H.1 A   
TL0. . . . . . . .  D ADDR   008AH   A   
TMOD . . . . . . .  D ADDR   0089H   A   
TOP_OF_STACK . . .  N NUMB   0060H   A   
TR0. . . . . . . .  B ADDR   0088H.4 A   
TR1. . . . . . . .  B ADDR   0088H.6 A   
TWELVE . . . . . .  C ADDR   0144H   A   
TWO. . . . . . . .  C ADDR   00BCH   A   
TX . . . . . . . .  C ADDR   0225H   A   
TX_DATA. . . . . .  N NUMB   0042H   A   
TX_DISP. . . . . .  C ADDR   01DCH   A   
UART_DELAY . . . .  C ADDR   022EH   A   
WAIT_1SEC. . . . .  C ADDR   01BBH   A   
ZERO . . . . . . .  C ADDR   009CH   A   


REGISTER BANK(S) USED: 0 


ASSEMBLY COMPLETE.  0 WARNING(S), 0 ERROR(S)
