C51 COMPILER V9.00   SERVO_MOTOR                                                           03/09/2000 16:54:43 PAGE 1   


C51 COMPILER V9.00, COMPILATION OF MODULE SERVO_MOTOR
OBJECT MODULE PLACED IN servo_motor.OBJ
COMPILER INVOKED BY: C:\Keil\C51\BIN\C51.EXE servo_motor.C BROWSE DEBUG OBJECTEXTEND

line level    source

   1          #include<reg51f.h>
   2          
   3          
   4          sbit SVM1=P1^6;
   5          
   6          int i;
   7          
   8          void delay(unsigned int);
   9          void t1();
  10          void t2();
  11          void t3();
  12          
  13          void main()
  14          {
  15   1      SVM1=0;
  16   1       //while(1)
  17   1       {
  18   2        for(i=0;i<=200;i++)
  19   2        {
  20   3         t1();
  21   3        }
  22   2        delay(500);
  23   2      
  24   2        for(i=0;i<=200;i++)
  25   2        {
  26   3         t2();
  27   3        }
  28   2        delay(500);
  29   2      
  30   2        for(i=0;i<=200;i++)
  31   2        {
  32   3         t3();
  33   3        }
  34   2        delay(500);
  35   2      
  36   2        for(i=0;i<=200;i++)
  37   2        {
  38   3         t2();
  39   3        }
  40   2        delay(500);
  41   2      
  42   2       }
  43   1      }
  44          
  45          void t1()
  46          {
  47   1       TMOD=0x01;
  48   1         TH0=0xfC;
  49   1         TL0=0x66;
  50   1         TR0=1;
  51   1        while(TF0!=1);
  52   1        SVM1=~SVM1;
  53   1        TF0=0;
  54   1        TR0=0;
  55   1      }
C51 COMPILER V9.00   SERVO_MOTOR                                                           03/09/2000 16:54:43 PAGE 2   

  56          
  57          void t3()
  58          {
  59   1       TMOD=0x01;
  60   1         TH0=0xf8;
  61   1         TL0=0xCD;
  62   1         TR0=1;
  63   1        while(TF0!=1);
  64   1        SVM1=~SVM1;
  65   1        TF0=0;
  66   1        TR0=0;
  67   1      }
  68          
  69          void t2()
  70          {
  71   1       TMOD=0x01;
  72   1         TH0=0xFA;
  73   1         TL0=0x9A;
  74   1         TR0=1;
  75   1        while(TF0!=1);
  76   1        SVM1=~SVM1;
  77   1        TF0=0;
  78   1        TR0=0;
  79   1      }
  80          
  81          void delay(unsigned int x)
  82          {
  83   1       int i,j;
  84   1       for(i=0;i<=x;i++)
  85   1       for(j=0;j<=120;j++);
  86   1      
  87   1      }
  88          
  89          
  90          
  91          


MODULE INFORMATION:   STATIC OVERLAYABLE
   CODE SIZE        =    225    ----
   CONSTANT SIZE    =   ----    ----
   XDATA SIZE       =   ----    ----
   PDATA SIZE       =   ----    ----
   DATA SIZE        =      2    ----
   IDATA SIZE       =   ----    ----
   BIT SIZE         =   ----    ----
END OF MODULE INFORMATION.


C51 COMPILATION COMPLETE.  0 WARNING(S),  0 ERROR(S)
