A51 MACRO ASSEMBLER  T8_UART                                                              01/01/2002 15:57:38 PAGE     1


MACRO ASSEMBLER A51 V8.01
OBJECT MODULE PLACED IN T8 uart.OBJ
ASSEMBLER INVOKED BY: C:\Keil\C51\BIN\A51.EXE T8 uart.asm SET(SMALL) DEBUG EP

LOC  OBJ            LINE     SOURCE

  0030                 1     ds1 equ 30h
  0031                 2     ds2 equ 31h
  0032                 3     ds3 equ 32h
  0033                 4     ds4 equ 33h
                       5     
  0034                 6     dcount1 equ 34h
  0035                 7     dcount2 equ 35h
  0036                 8     dcount3 equ 36h
                       9     
  0037                10     count equ 37h
  0038                11     scan_no equ 38h
                      12     
  0060                13     top_of_stack equ 60h
                      14     
  00A0                15     sl1 bit p2.0
  00A1                16     sl2 bit p2.1
  00A2                17     sl3 bit p2.2
  00A3                18     sl4 bit p2.3
                      19     
  0039                20     tx_data equ     39h
  0040                21     rx_data equ 40h
                      22     
0000                  23     org 0000h
0000 802A             24     jmp main
                      25     
0003                  26     org 0003h
0003 32               27     reti 
                      28     
000B                  29     org 000bh
000B 02005F           30     ljmp isr_t0
                      31     
0013                  32     org 0013h
0013 32               33     reti
                      34     
001B                  35     org 001bh
001B 32               36     reti
                      37     
0023                  38     org 0023h
0023 32               39     reti
                      40     
002B                  41     org 002bh
002B 32               42     reti
                      43     
002C                  44     main:
                      45     
002C 319A             46     call init_uart
002E 31A6             47     call clr_screen
                      48     
0030 758160           49     mov sp,#top_of_stack
0033 114B             50     call init
0035 D2AF             51     setb ea
                      52     
                      53     
0037 753030           54     mov ds1,#"0"
003A 753130           55     mov ds2,#"0"
003D 753230           56     mov ds3,#"0"
0040 753330           57     mov ds4,#"0"
                      58     
A51 MACRO ASSEMBLER  T8_UART                                                              01/01/2002 15:57:38 PAGE     2

0043                  59     l1_main:
                      60     
0043 3172             61     call tx_disp
                      62     
                      63     
0045 3117             64     call wait_1sec
0047 3137             65     call inc_d
0049 80F8             66     jmp l1_main
                      67     
                      68     
                      69     
004B                  70     init:
                      71     
004B 753800           72     mov scan_no,#00h
004E 1151             73     call init_timer0
0050 22               74     ret
                      75     
                      76     
0051                  77     init_timer0:
                      78     
0051 438901           79     orl tmod,#01h
0054 758A66           80     mov tl0,#66h
0057 758CFC           81     mov th0,#0fch
005A D28C             82     setb tr0
005C D2A9             83     setb et0
005E 22               84     ret
                      85     
                      86     
005F                  87     isr_t0:
                      88     
005F C0E0             89     push acc
0061 C0D0             90     push psw
0063 C083             91     push dph
0065 C082             92     push dpl
                      93     
0067 1151             94     call init_timer0
0069 1174             95     call scanner
                      96     
006B                  97     out_isr:
                      98     
006B D082             99     pop dpl
006D D083            100     pop dph
006F D0D0            101     pop psw
0071 D0E0            102     pop acc
0073 32              103     reti
                     104     
                     105     
0074                 106     scanner:
                     107     
0074 E538            108     mov a,scan_no
                     109     
                     110     
                     111     
0076                 112     zero:
                     113     
0076 B4000D          114     cjne a,#00d,one
                     115     
                     116     
0079 C2A0            117     clr sl1
007B D2A1            118     setb sl2
007D D2A2            119     setb sl3
007F D2A3            120     setb sl4
                     121     
                     122     
                     123     
0081 753801          124     mov scan_no,#01d
A51 MACRO ASSEMBLER  T8_UART                                                              01/01/2002 15:57:38 PAGE     3

0084 2116            125     ajmp out_scanner
                     126     
                     127     
0086                 128     one:
                     129     
0086 B40105          130     cjne a,#01d,two
                     131     
0089 753802          132     mov scan_no,#02d
008C 2116            133     ajmp out_scanner
                     134     
                     135     
008E                 136     two:
                     137     
008E B40205          138     cjne a,#02d,three
                     139     
0091 753803          140     mov scan_no,#03d
0094 2116            141     ajmp out_scanner
                     142     
                     143     
0096                 144     three:
                     145     
0096 B40305          146     cjne a,#03d,four
                     147     
                     148     
                     149     
0099 753804          150     mov scan_no,#04d
009C 2116            151     ajmp out_scanner
                     152     
                     153     
009E                 154     four:
                     155     
009E B4040D          156     cjne a,#04d,five
                     157     
                     158     
00A1 D2A0            159     setb sl1
00A3 C2A1            160     clr sl2
00A5 D2A2            161     setb sl3
00A7 D2A3            162     setb sl4
                     163     
                     164     
                     165     
00A9 753805          166     mov scan_no,#05d
00AC 2116            167     ajmp out_scanner
                     168     
                     169     
00AE                 170     five:
                     171     
00AE B40505          172     cjne a,#05d,six
                     173     
00B1 753806          174     mov scan_no,#06d
00B4 2116            175     ajmp out_scanner
                     176     
                     177     
00B6                 178     six:
                     179     
00B6 B40605          180     cjne a,#06d,seven
                     181     
00B9 753807          182     mov scan_no,#07d
00BC 2116            183     ajmp out_scanner
                     184     
                     185     
00BE                 186     seven:
                     187     
00BE B40705          188     cjne a,#07d,eight
                     189     
                     190     
A51 MACRO ASSEMBLER  T8_UART                                                              01/01/2002 15:57:38 PAGE     4

                     191     
00C1 753808          192     mov scan_no,#08d
00C4 2116            193     ajmp out_scanner
                     194     
                     195     
00C6                 196     eight:
                     197     
00C6 B4080D          198     cjne a,#08d,nine
                     199     
                     200     
00C9 D2A0            201     setb sl1
00CB D2A1            202     setb sl2
00CD C2A2            203     clr sl3
00CF D2A3            204     setb sl4
                     205     
                     206     
                     207     
00D1 753809          208     mov scan_no,#09d
00D4 2116            209     ajmp out_scanner
                     210     
                     211     
00D6                 212     nine:
                     213     
00D6 B40905          214     cjne a,#09d,ten
                     215     
00D9 75380A          216     mov scan_no,#10d
00DC 2116            217     ajmp out_scanner
                     218     
                     219     
00DE                 220     ten:
                     221     
00DE B40A05          222     cjne a,#10d,eleven
                     223     
00E1 75380B          224     mov scan_no,#11d
00E4 2116            225     ajmp out_scanner
                     226     
                     227     
00E6                 228     eleven:
                     229     
00E6 B40B05          230     cjne a,#11d,twelve
                     231     
                     232     
                     233     
00E9 75380C          234     mov scan_no,#12d
00EC 2116            235     ajmp out_scanner
                     236     
                     237     
00EE                 238     twelve:
                     239     
00EE B40C0D          240     cjne a,#12d,thirteen
                     241     
                     242     
00F1 D2A0            243     setb sl1
00F3 D2A1            244     setb sl2
00F5 D2A2            245     setb sl3
00F7 C2A3            246     clr sl4
                     247     
                     248     
                     249     
00F9 75380D          250     mov scan_no,#13d
00FC 2116            251     ajmp out_scanner
                     252     
                     253     
00FE                 254     thirteen:
                     255     
00FE B40D05          256     cjne a,#13d,fourteen
A51 MACRO ASSEMBLER  T8_UART                                                              01/01/2002 15:57:38 PAGE     5

                     257     
0101 75380E          258     mov scan_no,#14d
0104 2116            259     ajmp out_scanner
                     260     
                     261     
0106                 262     fourteen:
                     263     
0106 B40E05          264     cjne a,#14d,fifteen
                     265     
0109 75380F          266     mov scan_no,#15d
010C 2116            267     ajmp out_scanner
                     268     
                     269     
010E                 270     fifteen:
                     271     
010E B40F00          272     cjne a,#15d,dummy
                     273     
                     274     
                     275     
                     276     
0111                 277     dummy:
                     278     
0111 753800          279     mov scan_no,#00d
0114 2116            280     ajmp out_scanner
                     281     
0116                 282     out_scanner:
                     283     
0116 22              284     ret
                     285     
                     286     
0117                 287     wait_1sec:
                     288     
0117 753602          289     mov dcount3,#02h
011A 7535FF          290     L2: mov dcount2,#0ffh
011D 7534FF          291     L1: mov dcount1,#0ffh
0120 D534FD          292     djnz dcount1,$
0123 D535F7          293     djnz dcount2,L1
0126 D536F1          294     djnz dcount3,L2
0129 22              295     ret
                     296     
012A                 297     wait_20ms:
                     298     
012A 753555          299     mov dcount2,#55h
012D 7534FF          300     mov dcount1,#0ffh
0130 D534FD          301     djnz dcount1,$
0133 D535F7          302     djnz dcount2,$-3-3
0136 22              303     ret
                     304     
                     305     
0137                 306     inc_d:
                     307     
0137 0530            308     inc ds1
0139 E530            309     mov a,ds1
013B B43A00          310     cjne a,#"9"+1,$+3
013E 5001            311     jnc L1_id
0140 22              312     ret
                     313     
0141                 314     L1_id:
                     315     
0141 753030          316     mov ds1,#"0"
0144 0531            317     inc ds2
0146 E531            318     mov a,ds2
0148 B43A00          319     cjne a,#"9"+1,$+3
014B 5001            320     jnc L2_id
014D 22              321     ret
                     322     
A51 MACRO ASSEMBLER  T8_UART                                                              01/01/2002 15:57:38 PAGE     6

014E                 323     L2_id:
                     324     
014E 753130          325     mov ds2,#"0"
0151 0532            326     inc ds3
0153 E532            327     mov a,ds3
0155 B43A00          328     cjne a,#"9"+1,$+3
0158 5001            329     jnc L3_id
015A 22              330     ret
                     331     
015B                 332     L3_id:
                     333     
015B 753230          334     mov ds3,#"0"
015E 0533            335     inc ds4
0160 E533            336     mov a,ds4
0162 B43A0C          337     cjne a,#"9"+1,out_id
                     338     
0165 753000          339     mov ds1,#00h
0168 753100          340     mov ds2,#00h
016B 753200          341     mov ds3,#00h
016E 753300          342     mov ds4,#00h
                     343     
                     344     
0171                 345     out_id:
                     346     
0171 22              347     ret
                     348     
0172                 349     tx_disp:
                     350     
0172 31C3            351     call home_screen
                     352     
0174 853339          353     mov tx_data,ds4
0177 3191            354     call tx
0179 31E2            355     call uart_delay
                     356     
017B 853239          357     mov tx_data,ds3
017E 3191            358     call tx
0180 31E2            359     call uart_delay
                     360     
0182 853139          361     mov tx_data,ds2
0185 3191            362     call tx
0187 31E2            363     call uart_delay
                     364     
0189 853039          365     mov tx_data,ds1
018C 3191            366     call tx
018E 31E2            367     call uart_delay
0190 22              368     ret
                     369     
0191                 370     tx:
0191 3099FD          371     jnb ti,$
0194 853999          372     mov sbuf,tx_data
0197 C299            373     clr ti
0199 22              374     ret
                     375     
019A                 376     init_uart:
                     377     
                     378     
019A 438920          379     orl tmod,#20h
019D 758DFD          380     mov th1,#0FDh    
01A0 D28E            381     setb tr1
01A2 759852          382     mov scon,#52h
                     383     
01A5 22              384     ret
                     385     
01A6                 386     clr_screen:
                     387     
01A6 75391B          388     mov tx_data,#1bh
A51 MACRO ASSEMBLER  T8_UART                                                              01/01/2002 15:57:38 PAGE     7

01A9 3191            389     call tx
01AB 31E2            390     call uart_delay
                     391     
01AD 75395B          392     mov tx_data,#"["
01B0 3191            393     call tx
01B2 31E2            394     call uart_delay
                     395     
01B4 753932          396     mov tx_data,#"2"
01B7 3191            397     call tx
01B9 31E2            398     call uart_delay
                     399     
01BB 75394A          400     mov tx_data,#"J"
01BE 3191            401     call tx
01C0 31E2            402     call uart_delay
                     403     
01C2 22              404     ret
                     405     
01C3                 406     home_screen:
                     407     
01C3 75391B          408     mov tx_data,#1bh
01C6 3191            409     call tx
01C8 31E2            410     call uart_delay
                     411     
01CA 75395B          412     mov tx_data,#"["
01CD 3191            413     call tx
01CF 31E2            414     call uart_delay
                     415     
01D1 753948          416     mov tx_data,#"H"
01D4 3191            417     call tx
01D6 31E2            418     call uart_delay
                     419     
01D8 22              420     ret
                     421     
01D9                 422     tx1:
01D9 3099FD          423     jnb ti,$
01DC 853999          424     mov sbuf,tx_data
01DF C299            425     clr ti
01E1 22              426     ret
                     427     
01E2                 428     uart_delay:
                     429     
01E2 753602          430     mov dcount3,#02h
01E5 75353F          431     K2: mov dcount2,#3fh
01E8 7534FF          432     K1: mov dcount1,#0ffh
01EB D534FD          433     djnz dcount1,$
01EE D535F7          434     djnz dcount2,K1
01F1 D536F1          435     djnz dcount3,K2
01F4 22              436     ret
                     437     
                     438     end
                             
A51 MACRO ASSEMBLER  T8_UART                                                              01/01/2002 15:57:38 PAGE     8

SYMBOL TABLE LISTING
------ ----- -------


N A M E             T Y P E  V A L U E   ATTRIBUTES

ACC. . . . . . . .  D ADDR   00E0H   A   
CLR_SCREEN . . . .  C ADDR   01A6H   A   
COUNT. . . . . . .  N NUMB   0037H   A   
DCOUNT1. . . . . .  N NUMB   0034H   A   
DCOUNT2. . . . . .  N NUMB   0035H   A   
DCOUNT3. . . . . .  N NUMB   0036H   A   
DPH. . . . . . . .  D ADDR   0083H   A   
DPL. . . . . . . .  D ADDR   0082H   A   
DS1. . . . . . . .  N NUMB   0030H   A   
DS2. . . . . . . .  N NUMB   0031H   A   
DS3. . . . . . . .  N NUMB   0032H   A   
DS4. . . . . . . .  N NUMB   0033H   A   
DUMMY. . . . . . .  C ADDR   0111H   A   
EA . . . . . . . .  B ADDR   00A8H.7 A   
EIGHT. . . . . . .  C ADDR   00C6H   A   
ELEVEN . . . . . .  C ADDR   00E6H   A   
ET0. . . . . . . .  B ADDR   00A8H.1 A   
FIFTEEN. . . . . .  C ADDR   010EH   A   
FIVE . . . . . . .  C ADDR   00AEH   A   
FOUR . . . . . . .  C ADDR   009EH   A   
FOURTEEN . . . . .  C ADDR   0106H   A   
HOME_SCREEN. . . .  C ADDR   01C3H   A   
INC_D. . . . . . .  C ADDR   0137H   A   
INIT . . . . . . .  C ADDR   004BH   A   
INIT_TIMER0. . . .  C ADDR   0051H   A   
INIT_UART. . . . .  C ADDR   019AH   A   
ISR_T0 . . . . . .  C ADDR   005FH   A   
K1 . . . . . . . .  C ADDR   01E8H   A   
K2 . . . . . . . .  C ADDR   01E5H   A   
L1 . . . . . . . .  C ADDR   011DH   A   
L1_ID. . . . . . .  C ADDR   0141H   A   
L1_MAIN. . . . . .  C ADDR   0043H   A   
L2 . . . . . . . .  C ADDR   011AH   A   
L2_ID. . . . . . .  C ADDR   014EH   A   
L3_ID. . . . . . .  C ADDR   015BH   A   
MAIN . . . . . . .  C ADDR   002CH   A   
NINE . . . . . . .  C ADDR   00D6H   A   
ONE. . . . . . . .  C ADDR   0086H   A   
OUT_ID . . . . . .  C ADDR   0171H   A   
OUT_ISR. . . . . .  C ADDR   006BH   A   
OUT_SCANNER. . . .  C ADDR   0116H   A   
P2 . . . . . . . .  D ADDR   00A0H   A   
PSW. . . . . . . .  D ADDR   00D0H   A   
RX_DATA. . . . . .  N NUMB   0040H   A   
SBUF . . . . . . .  D ADDR   0099H   A   
SCANNER. . . . . .  C ADDR   0074H   A   
SCAN_NO. . . . . .  N NUMB   0038H   A   
SCON . . . . . . .  D ADDR   0098H   A   
SEVEN. . . . . . .  C ADDR   00BEH   A   
SIX. . . . . . . .  C ADDR   00B6H   A   
SL1. . . . . . . .  B ADDR   00A0H.0 A   
SL2. . . . . . . .  B ADDR   00A0H.1 A   
SL3. . . . . . . .  B ADDR   00A0H.2 A   
SL4. . . . . . . .  B ADDR   00A0H.3 A   
SP . . . . . . . .  D ADDR   0081H   A   
TEN. . . . . . . .  C ADDR   00DEH   A   
TH0. . . . . . . .  D ADDR   008CH   A   
TH1. . . . . . . .  D ADDR   008DH   A   
THIRTEEN . . . . .  C ADDR   00FEH   A   
THREE. . . . . . .  C ADDR   0096H   A   
A51 MACRO ASSEMBLER  T8_UART                                                              01/01/2002 15:57:38 PAGE     9

TI . . . . . . . .  B ADDR   0098H.1 A   
TL0. . . . . . . .  D ADDR   008AH   A   
TMOD . . . . . . .  D ADDR   0089H   A   
TOP_OF_STACK . . .  N NUMB   0060H   A   
TR0. . . . . . . .  B ADDR   0088H.4 A   
TR1. . . . . . . .  B ADDR   0088H.6 A   
TWELVE . . . . . .  C ADDR   00EEH   A   
TWO. . . . . . . .  C ADDR   008EH   A   
TX . . . . . . . .  C ADDR   0191H   A   
TX1. . . . . . . .  C ADDR   01D9H   A   
TX_DATA. . . . . .  N NUMB   0039H   A   
TX_DISP. . . . . .  C ADDR   0172H   A   
UART_DELAY . . . .  C ADDR   01E2H   A   
WAIT_1SEC. . . . .  C ADDR   0117H   A   
WAIT_20MS. . . . .  C ADDR   012AH   A   
ZERO . . . . . . .  C ADDR   0076H   A   


REGISTER BANK(S) USED: 0 


ASSEMBLY COMPLETE.  0 WARNING(S), 0 ERROR(S)
