

HI-TECH Software PIC LITE Macro Assembler V9.70 build 5239 
                                                                                               Wed Jan 02 15:41:00 2002

HI-TECH Software Omniscient Code Generator (Lite mode) build 5239
     1  0000                     opt subtitle "HI-TECH Software Omniscient Code Generator (Lite mode) build 5239"
     2                           
     3                           opt pagewidth 120
     4                           
     5                           	opt lm
     6                           
     7                           	processor	16F876A
     8                           clrc	macro
     9                           	bcf	3,0
    10  0000                     	endm
    11                           clrz	macro
    12                           	bcf	3,2
    13  0000                     	endm
    14                           setc	macro
    15                           	bsf	3,0
    16  0000                     	endm
    17                           setz	macro
    18                           	bsf	3,2
    19  0000                     	endm
    20                           skipc	macro
    21                           	btfss	3,0
    22  0000                     	endm
    23                           skipz	macro
    24                           	btfss	3,2
    25  0000                     	endm
    26                           skipnc	macro
    27                           	btfsc	3,0
    28  0000                     	endm
    29                           skipnz	macro
    30                           	btfsc	3,2
    31  0000                     	endm
    32  0000                     indf	equ	0
    33  0000                     indf0	equ	0
    34  0002                     pc	equ	2
    35  0002                     pcl	equ	2
    36  0003                     status	equ	3
    37  0004                     fsr	equ	4
    38  0004                     fsr0	equ	4
    39  0001                     c	equ	1
    40  0000                     z	equ	0
    41  000A                     pclath	equ	10
    42                           	FNCALL	_main,_timer_func
    43                           	FNROOT	_main
    44                           	FNCALL	_isr_t0,i1_timer_func
    45                           	FNCALL	intlevel1,_isr_t0
    46                           	global	intlevel1
    47                           	FNROOT	intlevel1
    48                           	global	_i
    49                           psect	nvCOMMON,class=COMMON,space=1
    50                           global __pnvCOMMON
    51  0074                     __pnvCOMMON:
    52  0074                     _i:
    53  0074                            ds      2
    54                           
    55                           	global	_ADCON0
    56  001F                     _ADCON0  equ     31
    57                           	global	_ADRESH
    58  001E                     _ADRESH  equ     30
    59                           	global	_CCP1CON
    60  0017                     _CCP1CON  equ     23
    61                           	global	_CCP2CON
    62  001D                     _CCP2CON  equ     29
    63                           	global	_CCPR1H
    64  0016                     _CCPR1H  equ     22
    65                           	global	_CCPR1L
    66  0015                     _CCPR1L  equ     21
    67                           	global	_CCPR2H
    68  001C                     _CCPR2H  equ     28
    69                           	global	_CCPR2L
    70  001B                     _CCPR2L  equ     27
    71                           	global	_FSR
    72  0004                     _FSR  equ     4
    73                           	global	_INDF
    74  0000                     _INDF  equ     0
    75                           	global	_INTCON
    76  000B                     _INTCON  equ     11
    77                           	global	_PCL
    78  0002                     _PCL  equ     2
    79                           	global	_PCLATH
    80  000A                     _PCLATH  equ     10
    81                           	global	_PIR1
    82  000C                     _PIR1  equ     12
    83                           	global	_PIR2
    84  000D                     _PIR2  equ     13
    85                           	global	_PORTA
    86  0005                     _PORTA  equ     5
    87                           	global	_PORTB
    88  0006                     _PORTB  equ     6
    89                           	global	_PORTC
    90  0007                     _PORTC  equ     7
    91                           	global	_RCREG
    92  001A                     _RCREG  equ     26
    93                           	global	_RCSTA
    94  0018                     _RCSTA  equ     24
    95                           	global	_SSPBUF
    96  0013                     _SSPBUF  equ     19
    97                           	global	_SSPCON
    98  0014                     _SSPCON  equ     20
    99                           	global	_STATUS
   100  0003                     _STATUS  equ     3
   101                           	global	_T1CON
   102  0010                     _T1CON  equ     16
   103                           	global	_T2CON
   104  0012                     _T2CON  equ     18
   105                           	global	_TMR0
   106  0001                     _TMR0  equ     1
   107                           	global	_TMR1H
   108  000F                     _TMR1H  equ     15
   109                           	global	_TMR1L
   110  000E                     _TMR1L  equ     14
   111                           	global	_TMR2
   112  0011                     _TMR2  equ     17
   113                           	global	_TXREG
   114  0019                     _TXREG  equ     25
   115                           	global	_ADCS0
   116  00FE                     _ADCS0  equ     254
   117                           	global	_ADCS1
   118  00FF                     _ADCS1  equ     255
   119                           	global	_ADDEN
   120  00C3                     _ADDEN  equ     195
   121                           	global	_ADGO
   122  00FA                     _ADGO  equ     250
   123                           	global	_ADIF
   124  0066                     _ADIF  equ     102
   125                           	global	_ADON
   126  00F8                     _ADON  equ     248
   127                           	global	_BCLIF
   128  006B                     _BCLIF  equ     107
   129                           	global	_CARRY
   130  0018                     _CARRY  equ     24
   131                           	global	_CCP1IF
   132  0062                     _CCP1IF  equ     98
   133                           	global	_CCP1M0
   134  00B8                     _CCP1M0  equ     184
   135                           	global	_CCP1M1
   136  00B9                     _CCP1M1  equ     185
   137                           	global	_CCP1M2
   138  00BA                     _CCP1M2  equ     186
   139                           	global	_CCP1M3
   140  00BB                     _CCP1M3  equ     187
   141                           	global	_CCP1X
   142  00BD                     _CCP1X  equ     189
   143                           	global	_CCP1Y
   144  00BC                     _CCP1Y  equ     188
   145                           	global	_CCP2IF
   146  0068                     _CCP2IF  equ     104
   147                           	global	_CCP2M0
   148  00E8                     _CCP2M0  equ     232
   149                           	global	_CCP2M1
   150  00E9                     _CCP2M1  equ     233
   151                           	global	_CCP2M2
   152  00EA                     _CCP2M2  equ     234
   153                           	global	_CCP2M3
   154  00EB                     _CCP2M3  equ     235
   155                           	global	_CCP2X
   156  00ED                     _CCP2X  equ     237
   157                           	global	_CCP2Y
   158  00EC                     _CCP2Y  equ     236
   159                           	global	_CHS0
   160  00FB                     _CHS0  equ     251
   161                           	global	_CHS1
   162  00FC                     _CHS1  equ     252
   163                           	global	_CHS2
   164  00FD                     _CHS2  equ     253
   165                           	global	_CKP
   166  00A4                     _CKP  equ     164
   167                           	global	_CMIF
   168  006E                     _CMIF  equ     110
   169                           	global	_CREN
   170  00C4                     _CREN  equ     196
   171                           	global	_DC
   172  0019                     _DC  equ     25
   173                           	global	_EEIF
   174  006C                     _EEIF  equ     108
   175                           	global	_FERR
   176  00C2                     _FERR  equ     194
   177                           	global	_GIE
   178  005F                     _GIE  equ     95
   179                           	global	_GODONE
   180  00FA                     _GODONE  equ     250
   181                           	global	_INTE
   182  005C                     _INTE  equ     92
   183                           	global	_INTF
   184  0059                     _INTF  equ     89
   185                           	global	_IRP
   186  001F                     _IRP  equ     31
   187                           	global	_OERR
   188  00C1                     _OERR  equ     193
   189                           	global	_PD
   190  001B                     _PD  equ     27
   191                           	global	_PEIE
   192  005E                     _PEIE  equ     94
   193                           	global	_RA0
   194  0028                     _RA0  equ     40
   195                           	global	_RA1
   196  0029                     _RA1  equ     41
   197                           	global	_RA2
   198  002A                     _RA2  equ     42
   199                           	global	_RA3
   200  002B                     _RA3  equ     43
   201                           	global	_RA4
   202  002C                     _RA4  equ     44
   203                           	global	_RA5
   204  002D                     _RA5  equ     45
   205                           	global	_RB0
   206  0030                     _RB0  equ     48
   207                           	global	_RB1
   208  0031                     _RB1  equ     49
   209                           	global	_RB2
   210  0032                     _RB2  equ     50
   211+                          	global	_RB3
   212+ 0033                     _RB3  equ     51
   213                           	global	_RB4
   214  0034                     _RB4  equ     52
   215                           	global	_RB5
   216  0035                     _RB5  equ     53
   217+                          	global	_RB6
   218+ 0036                     _RB6  equ     54
   219+                          	global	_RB7
   220+ 0037                     _RB7  equ     55
   221                           	global	_RBIE
   222  005B                     _RBIE  equ     91
   223+                          	global	_RBIF
   224+ 0058                     _RBIF  equ     88
   225                           	global	_RC0
   226  0038                     _RC0  equ     56
   227+                          	global	_RC1
   228+ 0039                     _RC1  equ     57
   229                           	global	_RC2
   230  003A                     _RC2  equ     58
   231+                          	global	_RC3
   232+ 003B                     _RC3  equ     59
   233+                          	global	_RC4
   234+ 003C                     _RC4  equ     60
   235+                          	global	_RC5
   236+ 003D                     _RC5  equ     61
   237+                          	global	_RC6
   238+ 003E                     _RC6  equ     62
   239+                          	global	_RC7
   240+ 003F                     _RC7  equ     63
   241                           	global	_RCIF
   242  0065                     _RCIF  equ     101
   243                           	global	_RP0
   244  001D                     _RP0  equ     29
   245+                          	global	_RP1
   246+ 001E                     _RP1  equ     30
   247+                          	global	_RX9
   248+ 00C6                     _RX9  equ     198
   249+                          	global	_RX9D
   250+ 00C0                     _RX9D  equ     192
   251+                          	global	_SPEN
   252+ 00C7                     _SPEN  equ     199
   253                           	global	_SREN
   254  00C5                     _SREN  equ     197
   255+                          	global	_SSPEN
   256+ 00A5                     _SSPEN  equ     165
   257                           	global	_SSPIF
   258  0063                     _SSPIF  equ     99
   259+                          	global	_SSPM0
   260+ 00A0                     _SSPM0  equ     160
   261+                          	global	_SSPM1
   262+ 00A1                     _SSPM1  equ     161
   263+                          	global	_SSPM2
   264+ 00A2                     _SSPM2  equ     162
   265+                          	global	_SSPM3
   266+ 00A3                     _SSPM3  equ     163
   267+                          	global	_SSPOV
   268+ 00A6                     _SSPOV  equ     166
   269                           	global	_T0IE
   270  005D                     _T0IE  equ     93
   271+                          	global	_T0IF
   272+ 005A                     _T0IF  equ     90
   273+                          	global	_T1CKPS0
   274+ 0084                     _T1CKPS0  equ     132
   275+                          	global	_T1CKPS1
   276+ 0085                     _T1CKPS1  equ     133
   277+                          	global	_T1OSCEN
   278+ 0083                     _T1OSCEN  equ     131
   279+                          	global	_T1SYNC
   280+ 0082                     _T1SYNC  equ     130
   281                           	global	_T2CKPS0
   282  0090                     _T2CKPS0  equ     144
   283+                          	global	_T2CKPS1
   284+ 0091                     _T2CKPS1  equ     145
   285                           	global	_TMR0IE
   286  005D                     _TMR0IE  equ     93
   287+                          	global	_TMR0IF
   288+ 005A                     _TMR0IF  equ     90
   289+                          	global	_TMR1CS
   290+ 0081                     _TMR1CS  equ     129
   291+                          	global	_TMR1IF
   292+ 0060                     _TMR1IF  equ     96
   293+                          	global	_TMR1ON
   294+ 0080                     _TMR1ON  equ     128
   295+                          	global	_TMR2IF
   296+ 0061                     _TMR2IF  equ     97
   297                           	global	_TMR2ON
   298  0092                     _TMR2ON  equ     146
   299+                          	global	_TO
   300+ 001C                     _TO  equ     28
   301+                          	global	_TOUTPS0
   302+ 0093                     _TOUTPS0  equ     147
   303+                          	global	_TOUTPS1
   304+ 0094                     _TOUTPS1  equ     148
   305+                          	global	_TOUTPS2
   306+ 0095                     _TOUTPS2  equ     149
   307+                          	global	_TOUTPS3
   308+ 0096                     _TOUTPS3  equ     150
   309                           	global	_TXIF
   310  0064                     _TXIF  equ     100
   311+                          	global	_WCOL
   312+ 00A7                     _WCOL  equ     167
   313                           	global	_ZERO
   314  001A                     _ZERO  equ     26
   315+                          	global	_ADCON1
   316+ 009F                     _ADCON1  equ     159
   317+                          	global	_ADRESL
   318+ 009E                     _ADRESL  equ     158
   319+                          	global	_CMCON
   320+ 009C                     _CMCON  equ     156
   321+                          	global	_CVRCON
   322+ 009D                     _CVRCON  equ     157
   323+                          	global	_OPTION
   324+ 0081                     _OPTION  equ     129
   325                           	global	_PCON
   326  008E                     _PCON  equ     142
   327+                          	global	_PIE1
   328+ 008C                     _PIE1  equ     140
   329+                          	global	_PIE2
   330+ 008D                     _PIE2  equ     141
   331+                          	global	_PR2
   332+ 0092                     _PR2  equ     146
   333+                          	global	_SPBRG
   334+ 0099                     _SPBRG  equ     153
   335+                          	global	_SSPADD
   336+ 0093                     _SSPADD  equ     147
   337                           	global	_SSPCON2
   338  0091                     _SSPCON2  equ     145
   339+                          	global	_SSPSTAT
   340+ 0094                     _SSPSTAT  equ     148
   341                           	global	_TRISA
   342  0085                     _TRISA  equ     133
   343+                          	global	_TRISB
   344+ 0086                     _TRISB  equ     134
   345+                          	global	_TRISC
   346+ 0087                     _TRISC  equ     135
   347+                          	global	_TXSTA
   348+ 0098                     _TXSTA  equ     152
   349+                          	global	_ACKDT
   350+ 048D                     _ACKDT  equ     1165
   351+                          	global	_ACKEN
   352+ 048C                     _ACKEN  equ     1164
   353                           	global	_ACKSTAT
   354  048E                     _ACKSTAT  equ     1166
   355+                          	global	_ADCS2
   356+ 04FE                     _ADCS2  equ     1278
   357+                          	global	_ADFM
   358+ 04FF                     _ADFM  equ     1279
   359+                          	global	_ADIE
   360+ 0466                     _ADIE  equ     1126
   361                           	global	_BCLIE
   362  046B                     _BCLIE  equ     1131
   363+                          	global	_BF
   364+ 04A0                     _BF  equ     1184
   365                           	global	_BOR
   366  0470                     _BOR  equ     1136
   367+                          	global	_BRGH
   368+ 04C2                     _BRGH  equ     1218
   369                           	global	_C1INV
   370  04E4                     _C1INV  equ     1252
   371+                          	global	_C1OUT
   372+ 04E6                     _C1OUT  equ     1254
   373+                          	global	_C2INV
   374+ 04E5                     _C2INV  equ     1253
   375+                          	global	_C2OUT
   376+ 04E7                     _C2OUT  equ     1255
   377+                          	global	_CCP1IE
   378+ 0462                     _CCP1IE  equ     1122
   379+                          	global	_CCP2IE
   380+ 0468                     _CCP2IE  equ     1128
   381                           	global	_CIS
   382  04E3                     _CIS  equ     1251
   383+                          	global	_CKE
   384+ 04A6                     _CKE  equ     1190
   385+                          	global	_CM0
   386+ 04E0                     _CM0  equ     1248
   387+                          	global	_CM1
   388+ 04E1                     _CM1  equ     1249
   389+                          	global	_CM2
   390+ 04E2                     _CM2  equ     1250
   391+                          	global	_CMIE
   392+ 046E                     _CMIE  equ     1134
   393                           	global	_CSRC
   394  04C7                     _CSRC  equ     1223
   395+                          	global	_CVR0
   396+ 04E8                     _CVR0  equ     1256
   397                           	global	_CVR1
   398  04E9                     _CVR1  equ     1257
   399+                          	global	_CVR2
   400+ 04EA                     _CVR2  equ     1258
   401+                          	global	_CVR3
   402+ 04EB                     _CVR3  equ     1259
   403+                          	global	_CVREN
   404+ 04EF                     _CVREN  equ     1263
   405+                          	global	_CVROE
   406+ 04EE                     _CVROE  equ     1262
   407+                          	global	_CVRR
   408+ 04ED                     _CVRR  equ     1261
   409                           	global	_DA
   410  04A5                     _DA  equ     1189
   411+                          	global	_EEIE
   412+ 046C                     _EEIE  equ     1132
   413+                          	global	_GCEN
   414+ 048F                     _GCEN  equ     1167
   415+                          	global	_INTEDG
   416+ 040E                     _INTEDG  equ     1038
   417+                          	global	_PCFG0
   418+ 04F8                     _PCFG0  equ     1272
   419+                          	global	_PCFG1
   420+ 04F9                     _PCFG1  equ     1273
   421                           	global	_PCFG2
   422  04FA                     _PCFG2  equ     1274
   423+                          	global	_PCFG3
   424+ 04FB                     _PCFG3  equ     1275
   425+                          	global	_PEN
   426+ 048A                     _PEN  equ     1162
   427+                          	global	_POR
   428+ 0471                     _POR  equ     1137
   429+                          	global	_PS0
   430+ 0408                     _PS0  equ     1032
   431+                          	global	_PS1
   432+ 0409                     _PS1  equ     1033
   433                           	global	_PS2
   434  040A                     _PS2  equ     1034
   435+                          	global	_PSA
   436+ 040B                     _PSA  equ     1035
   437                           	global	_RBPU
   438  040F                     _RBPU  equ     1039
   439+                          	global	_RCEN
   440+ 048B                     _RCEN  equ     1163
   441+                          	global	_RCIE
   442+ 0465                     _RCIE  equ     1125
   443+                          	global	_RSEN
   444+ 0489                     _RSEN  equ     1161
   445+                          	global	_RW
   446+ 04A2                     _RW  equ     1186
   447+                          	global	_SEN
   448+ 0488                     _SEN  equ     1160
   449                           	global	_SMP
   450  04A7                     _SMP  equ     1191
   451+                          	global	_SSPIE
   452+ 0463                     _SSPIE  equ     1123
   453+                          	global	_START
   454+ 04A3                     _START  equ     1187
   455+                          	global	_STOP
   456+ 04A4                     _STOP  equ     1188
   457+                          	global	_SYNC
   458+ 04C4                     _SYNC  equ     1220
   459+                          	global	_T0CS
   460+ 040D                     _T0CS  equ     1037
   461                           	global	_T0SE
   462  040C                     _T0SE  equ     1036
   463+                          	global	_TMR1IE
   464+ 0460                     _TMR1IE  equ     1120
   465                           	global	_TMR2IE
   466  0461                     _TMR2IE  equ     1121
   467+                          	global	_TRISA0
   468+ 0428                     _TRISA0  equ     1064
   469+                          	global	_TRISA1
   470+ 0429                     _TRISA1  equ     1065
   471+                          	global	_TRISA2
   472+ 042A                     _TRISA2  equ     1066
   473+                          	global	_TRISA3
   474+ 042B                     _TRISA3  equ     1067
   475+                          	global	_TRISA4
   476+ 042C                     _TRISA4  equ     1068
   477                           	global	_TRISA5
   478  042D                     _TRISA5  equ     1069
   479                           	global	_TRISB0
   480  0430                     _TRISB0  equ     1072
   481+                          	global	_TRISB1
   482+ 0431                     _TRISB1  equ     1073
   483+                          	global	_TRISB2
   484+ 0432                     _TRISB2  equ     1074
   485                           	global	_TRISB3
   486  0433                     _TRISB3  equ     1075
   487+                          	global	_TRISB4
   488+ 0434                     _TRISB4  equ     1076
   489                           	global	_TRISB5
   490  0435                     _TRISB5  equ     1077
   491+                          	global	_TRISB6
   492+ 0436                     _TRISB6  equ     1078
   493                           	global	_TRISB7
   494  0437                     _TRISB7  equ     1079
   495+                          	global	_TRISC0
   496+ 0438                     _TRISC0  equ     1080
   497+                          	global	_TRISC1
   498+ 0439                     _TRISC1  equ     1081
   499+                          	global	_TRISC2
   500+ 043A                     _TRISC2  equ     1082
   501+                          	global	_TRISC3
   502+ 043B                     _TRISC3  equ     1083
   503+                          	global	_TRISC4
   504+ 043C                     _TRISC4  equ     1084
   505                           	global	_TRISC5
   506  043D                     _TRISC5  equ     1085
   507+                          	global	_TRISC6
   508+ 043E                     _TRISC6  equ     1086
   509+                          	global	_TRISC7
   510+ 043F                     _TRISC7  equ     1087
   511+                          	global	_TRMT
   512+ 04C1                     _TRMT  equ     1217
   513+                          	global	_TX9
   514+ 04C6                     _TX9  equ     1222
   515+                          	global	_TX9D
   516+ 04C0                     _TX9D  equ     1216
   517                           	global	_TXEN
   518  04C5                     _TXEN  equ     1221
   519+                          	global	_TXIE
   520+ 0464                     _TXIE  equ     1124
   521                           	global	_UA
   522  04A1                     _UA  equ     1185
   523+                          	global	_EEADR
   524+ 010D                     _EEADR  equ     269
   525+                          	global	_EEADRH
   526+ 010F                     _EEADRH  equ     271
   527+                          	global	_EEADRL
   528+ 010D                     _EEADRL  equ     269
   529+                          	global	_EEDATA
   530+ 010C                     _EEDATA  equ     268
   531+                          	global	_EEDATH
   532+ 010E                     _EEDATH  equ     270
   533                           	global	_EECON1
   534  018C                     _EECON1  equ     396
   535+                          	global	_EECON2
   536+ 018D                     _EECON2  equ     397
   537+                          	global	_EEPGD
   538+ 0C67                     _EEPGD  equ     3175
   539+                          	global	_RD
   540+ 0C60                     _RD  equ     3168
   541+                          	global	_WR
   542+ 0C61                     _WR  equ     3169
   543+                          	global	_WREN
   544+ 0C62                     _WREN  equ     3170
   545                           	global	_WRERR
   546  0C63                     _WRERR  equ     3171
   547+                          	file	"T7.as"
   548+                          	line	#
   549+                          psect cinit,class=CODE,delta=2
   550+                          global start_initialization
   551+ 0073                     start_initialization:
   552                           
   553                           psect cinit,class=CODE,delta=2
   554                           global end_of_initialization
   555                           
   556                           ;End of C runtime variable initationation code
   557                           
   558  0073                     end_of_initialization:
   559+ 0073  0183               clrf status
   560+ 0074  120A  118A  2836   ljmp _main	;jump to C main() function
   561+                          psect	cstackCOMMON,class=COMMON,space=1
   562+                          global __pcstackCOMMON
   563+ 0070                     __pcstackCOMMON:
   564+                          	global	??_isr_t0
   565+ 0070                     ??_isr_t0: ;@ 0x0
   566+                          	global	?i1_timer_func
   567+ 0070                     ?i1_timer_func: ;@ 0x0
   568                           	global	??i1_timer_func
   569  0070                     ??i1_timer_func: ;@ 0x0
   570                           	global	??_timer_func
   571  0070                     ??_timer_func: ;@ 0x0
   572+                          	global	??_main
   573+ 0070                     ??_main: ;@ 0x0
   574                           	global	?_main
   575  0070                     ?_main: ;@ 0x0
   576                           	global	?_timer_func
   577  0070                     ?_timer_func: ;@ 0x0
   578+ 0070                     	ds	4
   579                           	global	?_isr_t0
   580  0074                     ?_isr_t0: ;@ 0x4
   581+                          ;Data sizes: Strings 0, constant 0, data 0, bss 0, persistent 2 stack 0
   582+                          ;Auto spaces:   Size  Autos    Used
   583+                          ; COMMON          14      4       6
   584+                          ; BANK0           80      0       0
   585+                          ; BANK1           80      0       0
   586+                          ; BANK3           96      0       0
   587+                          ; BANK2           96      0       0
   588+                          
   589+                          
   590+                          ;Pointer list with targets:
   591+                          
   592+                          
   593+                          
   594+                          ;Main: autosize = 0, tempsize = 0, incstack = 0, save=0
   595+                          
   596+                          
   597+                          ;Call graph:                      Base Space Used Autos Args Refs Density
   598+                          ;_main                                                0    0    0   0.00
   599+                          ;         _timer_func
   600+                          ;  _timer_func                                        0    0    0   0.00
   601+                          ; Estimated maximum call depth 1
   602+                          ;_isr_t0                                              4    0    0   0.00
   603+                          ;                                    0 COMMO    4
   604+                          ;       i1_timer_func
   605+                          ;  i1_timer_func                                      0    0    0   0.00
   606+                          ; Estimated maximum call depth 1
   607+                          ; Address spaces:
   608+                          
   609+                          ;Name               Size   Autos  Total    Cost      Usage
   610+                          ;BITCOMMON            E      0       0       0        0.0%
   611+                          ;CODE                 0      0       0       0        0.0%
   612+                          ;NULL                 0      0       0       0        0.0%
   613+                          ;COMMON               E      4       6       1       42.9%
   614+                          ;SFR0                 0      0       0       1        0.0%
   615+                          ;BITSFR0              0      0       0       1        0.0%
   616+                          ;BITSFR1              0      0       0       2        0.0%
   617+                          ;SFR1                 0      0       0       2        0.0%
   618+                          ;ABS                  0      0       6       2        0.0%
   619+                          ;STACK                0      0       0       3        0.0%
   620+                          ;BITBANK0            50      0       0       4        0.0%
   621+                          ;SFR3                 0      0       0       4        0.0%
   622+                          ;BITSFR3              0      0       0       4        0.0%
   623+                          ;BANK0               50      0       0       5        0.0%
   624+                          ;BITSFR2              0      0       0       5        0.0%
   625+                          ;SFR2                 0      0       0       5        0.0%
   626+                          ;BITBANK1            50      0       0       6        0.0%
   627+                          ;BANK1               50      0       0       7        0.0%
   628+                          ;BITBANK3            60      0       0       8        0.0%
   629+                          ;BANK3               60      0       0       9        0.0%
   630+                          ;BITBANK2            60      0       0      10        0.0%
   631+                          ;BANK2               60      0       0      11        0.0%
   632+                          ;DATA                 0      0       6      12        0.0%
   633+                          ;EEDATA             100      0       0    1000        0.0%
   634+                          
   635+                          	global	_main
   636+                          psect	maintext,local,class=CODE,delta=2
   637+                          global __pmaintext
   638+ 0036                     __pmaintext:
   639+                          
   640+                          ; *************** function _main *****************
   641+                          ; Defined at:
   642+                          ;		line 21 in file "D:\ABHISHEK JOSHI\PIC\T7\T7.C"
   643+                          ; Parameters:    Size  Location     Type
   644+                          ;		None
   645+                          ; Auto vars:     Size  Location     Type
   646+                          ;		None
   647+                          ; Return value:  Size  Location     Type
   648+                          ;		None               void
   649+                          ; Registers used:
   650+                          ;		wreg, fsr0l, fsr0h, fsr1l, fsr1h, status,2, status,0, btemp+0, btemp+1, btemp+2, btem
      +                          p+3, pclath, cstack
   651+                          ; Tracked objects:
   652+                          ;		On entry : 17F/0
   653+                          ;		On exit  : 0/0
   654+                          ;		Unchanged: 0/0
   655+                          ; Data sizes:     COMMON   BANK0   BANK1   BANK3   BANK2
   656+                          ;      Locals:         0       0       0       0       0
   657+                          ;      Temp:     0
   658+                          ;      Total:    0
   659+                          ; This function calls:
   660+                          ;		_timer_func
   661+                          ; This function is called by:
   662+                          ;		Startup code after reset
   663+                          ; This function uses a non-reentrant model
   664+                          ; 
   665+                          psect	maintext
   666+                          	file	"D:\ABHISHEK JOSHI\PIC\T7\T7.C"
   667+                          	line	21
   668+                          	global	__size_of_main
   669+ 001F                     	__size_of_main	equ	__end_of_main-_main
   670+                          ;T7.C: 20: void main()
   671+                          ;T7.C: 21: {
   672+                          	
   673+ 0036                     _main:	
   674+                          	opt stack 6
   675+                          ; Regs used in _main: [allreg]
   676+                          	line	22
   677+                          	
   678+ 0036                     l30000343:	
   679+                          ;T7.C: 22: TRISB=0x00;
   680+ 0036  1003               	clrc
   681+ 0037  3000               	movlw	0
   682+ 0038  1803               	btfsc	status,0
   683  0039  3001               	movlw	1
   684+ 003A  1683               	bsf	status, 5	;RP0=1, select bank1
   685+ 003B  1303               	bcf	status, 6	;RP1=0, select bank1
   686+ 003C  0086               	movwf	(134)^080h	;volatile
   687+                          	line	23
   688+                          ;T7.C: 23: PORTB=0x00;
   689+ 003D  1003               	clrc
   690+ 003E  3000               	movlw	0
   691  003F  1803               	btfsc	status,0
   692+ 0040  3001               	movlw	1
   693  0041  1283               	bcf	status, 5	;RP0=0, select bank0
   694+ 0042  1303               	bcf	status, 6	;RP1=0, select bank0
   695+ 0043  0086               	movwf	(6)	;volatile
   696                           	
   697  0044                     l30000344:	
   698                           	line	24
   699                           ;T7.C: 24: i=1000;
   700  0044  30E8               	movlw	low(03E8h)
   701  0045  00F4               	movwf	(_i)
   702  0046  3003               	movlw	high(03E8h)
   703  0047  00F5               	movwf	((_i))+1
   704                           	
   705  0048                     l30000345:	
   706                           	line	25
   707                           ;T7.C: 25: timer_func();
   708  0048  120A  118A  2064   	fcall	_timer_func
              120A  118A         
   709                           	
   710  004D                     l30000346:	
   711                           	line	26
   712                           ;T7.C: 26: GIE=1;
   713  004D  1283               	bcf	status, 5	;RP0=0, select bank0
   714  004E  1303               	bcf	status, 6	;RP1=0, select bank0
   715  004F  178B               	bsf	(95/8),(95)&7
   716                           	
   717  0050                     l30000347:	
   718                           	line	27
   719                           ;T7.C: 27: PEIE=1;
   720  0050  170B               	bsf	(94/8),(94)&7
   721                           	
   722  0051                     l5:	
   723  0051  2851               	goto	l5
   724                           	global	start
   725  0052  120A  118A  2810   	ljmp	start
   726                           	opt stack 0
   727                           GLOBAL	__end_of_main
   728  0055                     	__end_of_main:
   729                           ; =============== function _main ends ============
   730                           
   731                           psect	maintext
   732                           	line	29
   733                           	signat	_main,88
   734                           	global	_timer_func
   735                           psect	text22,local,class=CODE,delta=2
   736                           global __ptext22
   737  0064                     __ptext22:
   738                           
   739                           ; *************** function _timer_func *****************
   740                           ; Defined at:
   741                           ;		line 32 in file "D:\ABHISHEK JOSHI\PIC\T7\T7.C"
   742                           ; Parameters:    Size  Location     Type
   743                           ;		None
   744                           ; Auto vars:     Size  Location     Type
   745                           ;		None
   746                           ; Return value:  Size  Location     Type
   747                           ;		None               void
   748                           ; Registers used:
   749                           ;		wreg
   750                           ; Tracked objects:
   751                           ;		On entry : 0/0
   752                           ;		On exit  : 0/0
   753                           ;		Unchanged: 0/0
   754                           ; Data sizes:     COMMON   BANK0   BANK1   BANK3   BANK2
   755                           ;      Locals:         0       0       0       0       0
   756                           ;      Temp:     0
   757                           ;      Total:    0
   758                           ; This function calls:
   759                           ;		Nothing
   760                           ; This function is called by:
   761                           ;		_main
   762                           ; This function uses a non-reentrant model
   763                           ; 
   764                           psect	text22
   765                           	file	"D:\ABHISHEK JOSHI\PIC\T7\T7.C"
   766                           	line	32
   767                           	global	__size_of_timer_func
   768  000F                     	__size_of_timer_func	equ	__end_of_timer_func-_timer_func
   769                           ;T7.C: 31: void timer_func()
   770                           ;T7.C: 32: {
   771                           	
   772  0064                     _timer_func:	
   773                           	opt stack 5
   774                           ; Regs used in _timer_func: [wreg]
   775                           	line	34
   776                           	
   777  0064                     l30000348:	
   778                           ;T7.C: 34: TMR1H=0xFC;
   779  0064  30FC               	movlw	(0FCh)
   780  0065  1283               	bcf	status, 5	;RP0=0, select bank0
   781  0066  1303               	bcf	status, 6	;RP1=0, select bank0
   782  0067  008F               	movwf	(15)	;volatile
   783                           	line	35
   784                           ;T7.C: 35: TMR1L=0x18;
   785  0068  3018               	movlw	(018h)
   786  0069  008E               	movwf	(14)	;volatile
   787                           	line	36
   788                           ;T7.C: 36: T1CON=0x01;
   789  006A  3001               	movlw	(01h)
   790  006B  0090               	movwf	(16)	;volatile
   791                           	
   792  006C                     l30000349:	
   793                           	line	37
   794                           ;T7.C: 37: TMR1IE=1;
   795  006C  1683               	bsf	status, 5	;RP0=1, select bank1
   796  006D  1303               	bcf	status, 6	;RP1=0, select bank1
   797  006E  140C               	bsf	(1120/8)^080h,(1120)&7
   798                           	
   799  006F                     l30000350:	
   800                           	line	38
   801                           ;T7.C: 38: TMR1IF=0;
   802  006F  1283               	bcf	status, 5	;RP0=0, select bank0
   803  0070  1303               	bcf	status, 6	;RP1=0, select bank0
   804  0071  100C               	bcf	(96/8),(96)&7
   805                           	
   806  0072                     l8:	
   807  0072  0008               	return
   808                           	opt stack 0
   809                           GLOBAL	__end_of_timer_func
   810  0073                     	__end_of_timer_func:
   811                           ; =============== function _timer_func ends ============
   812                           
   813                           psect	text23,local,class=CODE,delta=2
   814                           global __ptext23
   815  0013                     __ptext23:
   816                           	line	39
   817                           	signat	_timer_func,88
   818                           	global	_isr_t0
   819                           
   820                           ; *************** function _isr_t0 *****************
   821                           ; Defined at:
   822                           ;		line 9 in file "D:\ABHISHEK JOSHI\PIC\T7\T7.C"
   823                           ; Parameters:    Size  Location     Type
   824                           ;		None
   825                           ; Auto vars:     Size  Location     Type
   826                           ;		None
   827                           ; Return value:  Size  Location     Type
   828                           ;		None               void
   829                           ; Registers used:
   830                           ;		wreg, status,2, status,0, pclath, cstack
   831                           ; Tracked objects:
   832                           ;		On entry : 0/0
   833                           ;		On exit  : 0/0
   834                           ;		Unchanged: 0/0
   835                           ; Data sizes:     COMMON   BANK0   BANK1   BANK3   BANK2
   836                           ;      Locals:         4       0       0       0       0
   837                           ;      Temp:     4
   838                           ;      Total:    4
   839                           ; This function calls:
   840                           ;		i1_timer_func
   841                           ; This function is called by:
   842                           ;		Interrupt level 1
   843                           ; This function uses a non-reentrant model
   844                           ; 
   845                           psect	text23
   846                           	file	"D:\ABHISHEK JOSHI\PIC\T7\T7.C"
   847                           	line	9
   848                           	global	__size_of_isr_t0
   849  0023                     	__size_of_isr_t0	equ	__end_of_isr_t0-_isr_t0
   850                           ;pic168xa.h: 19: volatile unsigned char INDF @ 0x00;
   851                           ;pic168xa.h: 20: volatile unsigned char TMR0 @ 0x01;
   852                           ;pic168xa.h: 21: volatile unsigned char PCL @ 0x02;
   853                           ;pic168xa.h: 22: volatile unsigned char STATUS @ 0x03;
   854                           ;pic168xa.h: 23: unsigned char FSR @ 0x04;
   855                           ;pic168xa.h: 24: volatile unsigned char PORTA @ 0x05;
   856                           ;pic168xa.h: 25: volatile unsigned char PORTB @ 0x06;
   857                           ;pic168xa.h: 26: volatile unsigned char PORTC @ 0x07;
   858                           ;pic168xa.h: 31: unsigned char PCLATH @ 0x0A;
   859                           ;pic168xa.h: 32: volatile unsigned char INTCON @ 0x0B;
   860                           	
   861  0013                     _isr_t0:	
   862                           	opt stack 7
   863                           ; Regs used in _isr_t0: [wreg+status,2+status,0+pclath+cstack]
   864                           psect	intentry,class=CODE,delta=2
   865                           global __pintentry
   866  0004                     __pintentry:
   867                           global interrupt_function
   868  0004                     interrupt_function:
   869                           	global saved_w
   870  007F                     	saved_w	set	btemp+1
   871  0004  00FF               	movwf	saved_w
   872  0005  0803               	movf	status,w
   873  0006  00F0               	movwf	(??_isr_t0+0)
   874  0007  0804               	movf	fsr0,w
   875  0008  00F1               	movwf	(??_isr_t0+1)
   876  0009  080A               	movf	pclath,w
   877  000A  00F2               	movwf	(??_isr_t0+2)
   878  000B  087E               	movf	btemp+0,w
   879  000C  00F3               	movwf	(??_isr_t0+3)
   880  000D  120A  118A  2813   	ljmp	_isr_t0
   881                           psect	text23
   882                           	line	10
   883                           	
   884  0013                     i1l30000357:	
   885                           ;T7.C: 10: timer_func();
   886  0013  120A  118A  2055   	fcall	i1_timer_func
              120A  118A         
   887                           	
   888  0018                     i1l30000358:	
   889                           	line	11
   890                           ;T7.C: 11: i--;
   891  0018  3001               	movlw	low(01h)
   892  0019  02F4               	subwf	(_i),f
   893  001A  3000               	movlw	high(01h)
   894  001B  1C03               	skipc
   895  001C  03F5               	decf	(_i+1),f
   896  001D  02F5               	subwf	(_i+1),f
   897                           	
   898  001E                     i1l30000359:	
   899                           	line	12
   900                           ;T7.C: 12: if(i==0)
   901  001E  0875               	movf	((_i+1)),w
   902  001F  0474               	iorwf	((_i)),w
   903  0020  1D03               	skipz
   904  0021  2823               	goto	u2_21
   905  0022  2824               	goto	u2_20
   906  0023                     u2_21:
   907  0023  282B               	goto	i1l2
   908  0024                     u2_20:
   909                           	
   910  0024                     i1l30000360:	
   911                           	line	14
   912                           ;T7.C: 13: {
   913                           ;T7.C: 14: PORTB=~PORTB;
   914  0024  1283               	bcf	status, 5	;RP0=0, select bank0
   915  0025  1303               	bcf	status, 6	;RP1=0, select bank0
   916  0026  0986               	comf	(6),f	;volatile
   917                           	
   918  0027                     i1l30000361:	
   919                           	line	15
   920                           ;T7.C: 15: i=1000;
   921  0027  30E8               	movlw	low(03E8h)
   922  0028  00F4               	movwf	(_i)
   923  0029  3003               	movlw	high(03E8h)
   924  002A  00F5               	movwf	((_i))+1
   925                           	
   926  002B                     i1l2:	
   927  002B  0873               	movf	(??_isr_t0+3),w
   928  002C  00FE               	movwf	btemp+0
   929  002D  0872               	movf	(??_isr_t0+2),w
   930  002E  008A               	movwf	pclath
   931  002F  0871               	movf	(??_isr_t0+1),w
   932  0030  0084               	movwf	fsr0
   933  0031  0870               	movf	(??_isr_t0+0),w
   934  0032  0083               	movwf	status
   935  0033  0EFF               	swapf	saved_w,f
   936  0034  0E7F               	swapf	saved_w,w
   937  0035  0009               	retfie
   938                           	opt stack 0
   939                           GLOBAL	__end_of_isr_t0
   940  0036                     	__end_of_isr_t0:
   941                           ; =============== function _isr_t0 ends ============
   942                           
   943                           psect	text24,local,class=CODE,delta=2
   944                           global __ptext24
   945  0055                     __ptext24:
   946                           	line	17
   947                           	signat	_isr_t0,88
   948                           	global	i1_timer_func
   949                           
   950                           ; *************** function i1_timer_func *****************
   951                           ; Defined at:
   952                           ;		line 32 in file "D:\ABHISHEK JOSHI\PIC\T7\T7.C"
   953                           ; Parameters:    Size  Location     Type
   954                           ;		None
   955                           ; Auto vars:     Size  Location     Type
   956                           ;		None
   957                           ; Return value:  Size  Location     Type
   958                           ;		None               void
   959                           ; Registers used:
   960                           ;		wreg
   961                           ; Tracked objects:
   962                           ;		On entry : 0/0
   963                           ;		On exit  : 0/0
   964                           ;		Unchanged: 0/0
   965                           ; Data sizes:     COMMON   BANK0   BANK1   BANK3   BANK2
   966                           ;      Locals:         0       0       0       0       0
   967                           ;      Temp:     0
   968                           ;      Total:    0
   969                           ; This function calls:
   970                           ;		Nothing
   971                           ; This function is called by:
   972                           ;		_isr_t0
   973                           ; This function uses a non-reentrant model
   974                           ; 
   975                           psect	text24
   976                           	file	"D:\ABHISHEK JOSHI\PIC\T7\T7.C"
   977                           	line	32
   978                           	global	__size_ofi1_timer_func
   979  000F                     	__size_ofi1_timer_func	equ	__end_ofi1_timer_func-i1_timer_func
   980                           ;T7.C: 31: void timer_func()
   981                           ;T7.C: 32: {
   982                           	
   983  0055                     i1_timer_func:	
   984                           	opt stack 6
   985                           ; Regs used in i1_timer_func: [wreg]
   986                           	line	34
   987                           	
   988  0055                     i1l30000354:	
   989                           ;T7.C: 34: TMR1H=0xFC;
   990  0055  30FC               	movlw	(0FCh)
   991  0056  1283               	bcf	status, 5	;RP0=0, select bank0
   992  0057  1303               	bcf	status, 6	;RP1=0, select bank0
   993  0058  008F               	movwf	(15)	;volatile
   994                           	line	35
   995                           ;T7.C: 35: TMR1L=0x18;
   996  0059  3018               	movlw	(018h)
   997  005A  008E               	movwf	(14)	;volatile
   998                           	line	36
   999                           ;T7.C: 36: T1CON=0x01;
  1000  005B  3001               	movlw	(01h)
  1001  005C  0090               	movwf	(16)	;volatile
  1002                           	
  1003  005D                     i1l30000355:	
  1004                           	line	37
  1005                           ;T7.C: 37: TMR1IE=1;
  1006  005D  1683               	bsf	status, 5	;RP0=1, select bank1
  1007  005E  1303               	bcf	status, 6	;RP1=0, select bank1
  1008  005F  140C               	bsf	(1120/8)^080h,(1120)&7
  1009                           	
  1010  0060                     i1l30000356:	
  1011                           	line	38
  1012                           ;T7.C: 38: TMR1IF=0;
  1013  0060  1283               	bcf	status, 5	;RP0=0, select bank0
  1014  0061  1303               	bcf	status, 6	;RP1=0, select bank0
  1015  0062  100C               	bcf	(96/8),(96)&7
  1016                           	
  1017  0063                     i1l8:	
  1018  0063  0008               	return
  1019                           	opt stack 0
  1020                           GLOBAL	__end_ofi1_timer_func
  1021  0064                     	__end_ofi1_timer_func:
  1022                           ; =============== function i1_timer_func ends ============
  1023                           
  1024                           psect	text25,local,class=CODE,delta=2
  1025                           global __ptext25
  1026  0077                     __ptext25:
  1027                           	line	39
  1028                           	signat	i1_timer_func,88
  1029                           	global	btemp
  1030  007E                     	btemp set 07Eh


HI-TECH Software PICC Macro Assembler V9.70 build 5239 
Symbol Table                                                                                   Wed Jan 02 15:41:00 2002

                    l5 0051                      l8 0072                      _i 0074                     _DA 04A5  
                   _BF 04A0                     _DC 0019                     _PD 001B                     _RD 0C60  
                   _UA 04A1                     _TO 001C                     _RW 04A2                     _WR 0C61  
                  _CM0 04E0                    _CM1 04E1                    _CM2 04E2                    _CKE 04A6  
                  _CIS 04E3                    _CKP 00A4                    _GIE 005F                    _BOR 0470  
                  _RA0 0028                    _RA1 0029                    _RB0 0030                    _RA2 002A  
                  _RB1 0031                    _RA3 002B                    _RC0 0038                    _RB2 0032  
                  _RA4 002C                    _RC1 0039                    _RB3 0033                    _RA5 002D  
                  _RC2 003A                    _RB4 0034                    _RC3 003B                    _RB5 0035  
                  _RC4 003C                    _RB6 0036                    _RC5 003D                    _RB7 0037  
                  _RC6 003E                    _RC7 003F                    _FSR 0004                    _PCL 0002  
                  _PS0 0408                    _PR2 0092                    _PS1 0409                    _PS2 040A  
                  _PEN 048A                    _RP0 001D                    _IRP 001F                    _RP1 001E  
                  i1l2 002B                    i1l8 0063                    _SEN 0488                    _PSA 040B  
       ??i1_timer_func 0070                    _POR 0471                    _RX9 00C6                    _SMP 04A7  
                  _TX9 04C6        __size_of_isr_t0 0023                    fsr0 0004                   _ADIE 0466  
                 _ADIF 0066                   _ADFM 04FF                   _ADGO 00FA               __ptext22 0064  
             __ptext23 0013                   _ADON 00F8               __ptext24 0055               __ptext25 0077  
                 _CHS0 00FB                   _CHS1 00FC                   _CHS2 00FD                   _EEIE 046C  
                 _EEIF 006C                   _GCEN 048F                   _CMIE 046E                   _CMIF 006E  
                 _BRGH 04C2                   _T0IE 005D                   _T0IF 005A                   _CREN 00C4  
                 _T0CS 040D                   _FERR 00C2                   _CVR0 04E8                   _CVR1 04E9  
                 _CVR2 04EA                   _CVR3 04EB                   _T0SE 040C                   _CSRC 04C7  
                 _INDF 0000                   _PIE1 008C                   _PIE2 008D                   _CVRR 04ED  
                 _PEIE 005E                   _INTE 005C                   _INTF 0059                   _RBIE 005B  
                 _RBIF 0058                   _RCIE 0465                   _RCEN 048B                   _RCIF 0065  
                 _PCON 008E                   _PIR1 000C                   _PIR2 000D                   _OERR 00C1  
                 _RBPU 040F                   _RX9D 00C0                   _TMR0 0001                   _TMR2 0011  
                 _WCOL 00A7                   _SPEN 00C7                   _RSEN 0489                   _TX9D 04C0  
           _timer_func 0064                   _SREN 00C5                   _TRMT 04C1                   _STOP 04A4  
                 _TXIE 0464                   _ZERO 001A                   _WREN 0C62                   _TXEN 04C5  
                 _TXIF 0064                   _SYNC 04C4                   u2_20 0024                   u2_21 0023  
   __end_of_timer_func 0073                   _main 0036                   btemp 007E                   start 0010  
          ?_timer_func 0070      interrupt_function 0004    start_initialization 0073                _CCP1CON 0017  
              _CCP2CON 001D                _ACKSTAT 048E                ?_isr_t0 0074                  _C1INV 04E4  
             ??_isr_t0 0070                  _C2INV 04E5                  _C1OUT 04E6                  _C2OUT 04E7  
                _ADCS0 00FE                  _ADCS1 00FF                  _ADCS2 04FE                  _ADDEN 00C3  
                ?_main 0070           i1_timer_func 0055                  _ACKEN 048C                  _ACKDT 048D  
                _BCLIE 046B                  _BCLIF 006B                  _CCP1X 00BD                  _CCP1Y 00BC  
                _CCP2X 00ED                  _CCP2Y 00EC                  _EEADR 010D                  _CARRY 0018  
                _EEPGD 0C67                  _CMCON 009C                  _T1CON 0010                  _T2CON 0012  
              _T1CKPS0 0084                _T1CKPS1 0085                  _PCFG0 04F8                  _PCFG1 04F9  
                _PCFG2 04FA                  _PCFG3 04FB                _T2CKPS0 0090                _T2CKPS1 0091  
                _CVREN 04EF                  _CVROE 04EE                  _RCREG 001A                  _RCSTA 0018  
                _TMR1H 000F                  _TMR1L 000E                  _SPBRG 0099                  _PORTA 0005  
                _PORTB 0006                _T1OSCEN 0083                  _PORTC 0007                  _START 04A3  
                _SSPM0 00A0                  _SSPM1 00A1                  _SSPM2 00A2                  _SSPM3 00A3  
                _TRISA 0085                  _TRISB 0086                  _TRISC 0087                  _SSPIE 0463  
                _SSPIF 0063                  _SSPEN 00A5                  _SSPOV 00A6                  _WRERR 0C63  
                _TXREG 0019                  _TXSTA 0098   __end_ofi1_timer_func 0064           ??_timer_func 0070  
       __pcstackCOMMON 0070                _SSPCON2 0091                _SSPSTAT 0094                _TOUTPS0 0093  
              _TOUTPS1 0094                _TOUTPS2 0095                _TOUTPS3 0096                  pclath 000A  
             intlevel1 0004                  status 0003          __size_of_main 001F               l30000350 006F  
             l30000343 0036               l30000344 0044               l30000345 0048               l30000346 004D  
             l30000347 0050               l30000348 0064               l30000349 006C             __pnvCOMMON 0074  
               ??_main 0070          ?i1_timer_func 0070             __pmaintext 0036             __pintentry 0004  
               _ADCON0 001F                 _ADCON1 009F                 _CCP1M0 00B8                 _CCP1M1 00B9  
               _CCP1M2 00BA                 _CCP1M3 00BB                 _CCP2M0 00E8                 _CCP2M1 00E9  
               _CCP2M2 00EA                 _CCP2M3 00EB                 _CCP1IE 0462                 _CCP1IF 0062  
               _CCP2IE 0468                 _CCP2IF 0068                 _ADRESH 001E                 _EEADRH 010F  
               _ADRESL 009E                 _EEADRL 010D                 _EEDATA 010C                 _CCPR1H 0016  
               _EEDATH 010E                 _CCPR2H 001C                 _CCPR1L 0015                 _CCPR2L 001B  
               _EECON1 018C                 _EECON2 018D           __end_of_main 0055  __size_ofi1_timer_func 000F  
               _GODONE 00FA   end_of_initialization 0073                 _CVRCON 009D                 _T1SYNC 0082  
               _INTEDG 040E                 _PCLATH 000A                 _INTCON 000B         __end_of_isr_t0 0036  
               _TMR0IE 005D                 _TMR0IF 005A                 _TMR1IE 0460                 _TMR1IF 0060  
               _TMR1CS 0081                 _TMR2IE 0461                 _TMR2IF 0061                 _OPTION 0081  
               _TMR1ON 0080                 _TMR2ON 0092                 _SSPADD 0093                 _TRISA0 0428  
               _TRISA1 0429                 _TRISB0 0430                 _TRISA2 042A                 _TRISB1 0431  
               _TRISA3 042B                 _TRISC0 0438                 _TRISB2 0432                 _TRISA4 042C  
               _TRISC1 0439                 _TRISB3 0433                 _TRISA5 042D                 _TRISC2 043A  
               _TRISB4 0434                 _TRISC3 043B                 _TRISB5 0435                 _TRISC4 043C  
               _TRISB6 0436                 _TRISC5 043D                 _TRISB7 0437                 _TRISC6 043E  
               _TRISC7 043F                 _STATUS 0003                 _SSPCON 0014                 _SSPBUF 0013  
  __size_of_timer_func 000F                 _isr_t0 0013             i1l30000360 0024             i1l30000361 0027  
           i1l30000354 0055             i1l30000355 005D             i1l30000356 0060             i1l30000357 0013  
           i1l30000358 0018             i1l30000359 001E                 saved_w 007F  
