

HI-TECH Software PIC LITE Macro Assembler V9.70 build 5239 
                                                                                               Wed Jan 02 14:54:07 2002

HI-TECH Software Omniscient Code Generator (Lite mode) build 5239
     1  0000                     opt subtitle "HI-TECH Software Omniscient Code Generator (Lite mode) build 5239"
     2                           
     3                           opt pagewidth 120
     4                           
     5                           	opt lm
     6                           
     7                           	processor	16F876A
     8                           clrc	macro
     9                           	bcf	3,0
    10  0000                     	endm
    11                           clrz	macro
    12                           	bcf	3,2
    13  0000                     	endm
    14                           setc	macro
    15                           	bsf	3,0
    16  0000                     	endm
    17                           setz	macro
    18                           	bsf	3,2
    19  0000                     	endm
    20                           skipc	macro
    21                           	btfss	3,0
    22  0000                     	endm
    23                           skipz	macro
    24                           	btfss	3,2
    25  0000                     	endm
    26                           skipnc	macro
    27                           	btfsc	3,0
    28  0000                     	endm
    29                           skipnz	macro
    30                           	btfsc	3,2
    31  0000                     	endm
    32  0000                     indf	equ	0
    33  0000                     indf0	equ	0
    34  0002                     pc	equ	2
    35  0002                     pcl	equ	2
    36  0003                     status	equ	3
    37  0004                     fsr	equ	4
    38  0004                     fsr0	equ	4
    39  0001                     c	equ	1
    40  0000                     z	equ	0
    41  000A                     pclath	equ	10
    42                           	FNCALL	_main,_timer_func
    43                           	FNROOT	_main
    44                           	global	_ADCON0
    45                           psect	text7,local,class=CODE,delta=2
    46                           global __ptext7
    47  0003                     __ptext7:
    48  001F                     _ADCON0  equ     31
    49                           	global	_ADRESH
    50  001E                     _ADRESH  equ     30
    51                           	global	_CCP1CON
    52  0017                     _CCP1CON  equ     23
    53                           	global	_CCP2CON
    54  001D                     _CCP2CON  equ     29
    55                           	global	_CCPR1H
    56  0016                     _CCPR1H  equ     22
    57                           	global	_CCPR1L
    58  0015                     _CCPR1L  equ     21
    59                           	global	_CCPR2H
    60  001C                     _CCPR2H  equ     28
    61                           	global	_CCPR2L
    62  001B                     _CCPR2L  equ     27
    63                           	global	_FSR
    64  0004                     _FSR  equ     4
    65                           	global	_INDF
    66  0000                     _INDF  equ     0
    67                           	global	_INTCON
    68  000B                     _INTCON  equ     11
    69                           	global	_PCL
    70  0002                     _PCL  equ     2
    71                           	global	_PCLATH
    72  000A                     _PCLATH  equ     10
    73                           	global	_PIR1
    74  000C                     _PIR1  equ     12
    75                           	global	_PIR2
    76  000D                     _PIR2  equ     13
    77                           	global	_PORTA
    78  0005                     _PORTA  equ     5
    79                           	global	_PORTB
    80  0006                     _PORTB  equ     6
    81                           	global	_PORTC
    82  0007                     _PORTC  equ     7
    83                           	global	_RCREG
    84  001A                     _RCREG  equ     26
    85                           	global	_RCSTA
    86  0018                     _RCSTA  equ     24
    87                           	global	_SSPBUF
    88  0013                     _SSPBUF  equ     19
    89                           	global	_SSPCON
    90  0014                     _SSPCON  equ     20
    91                           	global	_STATUS
    92  0003                     _STATUS  equ     3
    93                           	global	_T1CON
    94  0010                     _T1CON  equ     16
    95                           	global	_T2CON
    96  0012                     _T2CON  equ     18
    97                           	global	_TMR0
    98  0001                     _TMR0  equ     1
    99                           	global	_TMR1H
   100  000F                     _TMR1H  equ     15
   101                           	global	_TMR1L
   102  000E                     _TMR1L  equ     14
   103                           	global	_TMR2
   104  0011                     _TMR2  equ     17
   105                           	global	_TXREG
   106  0019                     _TXREG  equ     25
   107                           	global	_ADCS0
   108  00FE                     _ADCS0  equ     254
   109                           	global	_ADCS1
   110  00FF                     _ADCS1  equ     255
   111                           	global	_ADDEN
   112  00C3                     _ADDEN  equ     195
   113                           	global	_ADGO
   114  00FA                     _ADGO  equ     250
   115                           	global	_ADIF
   116  0066                     _ADIF  equ     102
   117                           	global	_ADON
   118  00F8                     _ADON  equ     248
   119                           	global	_BCLIF
   120  006B                     _BCLIF  equ     107
   121                           	global	_CARRY
   122  0018                     _CARRY  equ     24
   123                           	global	_CCP1IF
   124  0062                     _CCP1IF  equ     98
   125                           	global	_CCP1M0
   126  00B8                     _CCP1M0  equ     184
   127                           	global	_CCP1M1
   128  00B9                     _CCP1M1  equ     185
   129                           	global	_CCP1M2
   130  00BA                     _CCP1M2  equ     186
   131                           	global	_CCP1M3
   132  00BB                     _CCP1M3  equ     187
   133                           	global	_CCP1X
   134  00BD                     _CCP1X  equ     189
   135                           	global	_CCP1Y
   136  00BC                     _CCP1Y  equ     188
   137                           	global	_CCP2IF
   138  0068                     _CCP2IF  equ     104
   139                           	global	_CCP2M0
   140  00E8                     _CCP2M0  equ     232
   141                           	global	_CCP2M1
   142  00E9                     _CCP2M1  equ     233
   143                           	global	_CCP2M2
   144  00EA                     _CCP2M2  equ     234
   145                           	global	_CCP2M3
   146  00EB                     _CCP2M3  equ     235
   147                           	global	_CCP2X
   148  00ED                     _CCP2X  equ     237
   149                           	global	_CCP2Y
   150  00EC                     _CCP2Y  equ     236
   151                           	global	_CHS0
   152  00FB                     _CHS0  equ     251
   153                           	global	_CHS1
   154  00FC                     _CHS1  equ     252
   155                           	global	_CHS2
   156  00FD                     _CHS2  equ     253
   157                           	global	_CKP
   158  00A4                     _CKP  equ     164
   159                           	global	_CMIF
   160  006E                     _CMIF  equ     110
   161                           	global	_CREN
   162  00C4                     _CREN  equ     196
   163                           	global	_DC
   164  0019                     _DC  equ     25
   165                           	global	_EEIF
   166  006C                     _EEIF  equ     108
   167                           	global	_FERR
   168  00C2                     _FERR  equ     194
   169                           	global	_GIE
   170  005F                     _GIE  equ     95
   171                           	global	_GODONE
   172  00FA                     _GODONE  equ     250
   173                           	global	_INTE
   174  005C                     _INTE  equ     92
   175                           	global	_INTF
   176  0059                     _INTF  equ     89
   177                           	global	_IRP
   178  001F                     _IRP  equ     31
   179                           	global	_OERR
   180  00C1                     _OERR  equ     193
   181                           	global	_PD
   182  001B                     _PD  equ     27
   183                           	global	_PEIE
   184  005E                     _PEIE  equ     94
   185                           	global	_RA0
   186  0028                     _RA0  equ     40
   187                           	global	_RA1
   188  0029                     _RA1  equ     41
   189                           	global	_RA2
   190  002A                     _RA2  equ     42
   191                           	global	_RA3
   192  002B                     _RA3  equ     43
   193                           	global	_RA4
   194  002C                     _RA4  equ     44
   195                           	global	_RA5
   196  002D                     _RA5  equ     45
   197                           	global	_RB0
   198  0030                     _RB0  equ     48
   199                           	global	_RB1
   200  0031                     _RB1  equ     49
   201                           	global	_RB2
   202  0032                     _RB2  equ     50
   203                           	global	_RB3
   204  0033                     _RB3  equ     51
   205                           	global	_RB4
   206  0034                     _RB4  equ     52
   207+                          	global	_RB5
   208+ 0035                     _RB5  equ     53
   209                           	global	_RB6
   210  0036                     _RB6  equ     54
   211                           	global	_RB7
   212  0037                     _RB7  equ     55
   213+                          	global	_RBIE
   214+ 005B                     _RBIE  equ     91
   215+                          	global	_RBIF
   216+ 0058                     _RBIF  equ     88
   217                           	global	_RC0
   218  0038                     _RC0  equ     56
   219+                          	global	_RC1
   220+ 0039                     _RC1  equ     57
   221                           	global	_RC2
   222  003A                     _RC2  equ     58
   223+                          	global	_RC3
   224+ 003B                     _RC3  equ     59
   225                           	global	_RC4
   226  003C                     _RC4  equ     60
   227+                          	global	_RC5
   228+ 003D                     _RC5  equ     61
   229+                          	global	_RC6
   230+ 003E                     _RC6  equ     62
   231+                          	global	_RC7
   232+ 003F                     _RC7  equ     63
   233+                          	global	_RCIF
   234+ 0065                     _RCIF  equ     101
   235+                          	global	_RP0
   236+ 001D                     _RP0  equ     29
   237                           	global	_RP1
   238  001E                     _RP1  equ     30
   239                           	global	_RX9
   240  00C6                     _RX9  equ     198
   241+                          	global	_RX9D
   242+ 00C0                     _RX9D  equ     192
   243+                          	global	_SPEN
   244+ 00C7                     _SPEN  equ     199
   245+                          	global	_SREN
   246+ 00C5                     _SREN  equ     197
   247+                          	global	_SSPEN
   248+ 00A5                     _SSPEN  equ     165
   249                           	global	_SSPIF
   250  0063                     _SSPIF  equ     99
   251+                          	global	_SSPM0
   252+ 00A0                     _SSPM0  equ     160
   253                           	global	_SSPM1
   254  00A1                     _SSPM1  equ     161
   255+                          	global	_SSPM2
   256+ 00A2                     _SSPM2  equ     162
   257+                          	global	_SSPM3
   258+ 00A3                     _SSPM3  equ     163
   259+                          	global	_SSPOV
   260+ 00A6                     _SSPOV  equ     166
   261+                          	global	_T0IE
   262+ 005D                     _T0IE  equ     93
   263+                          	global	_T0IF
   264+ 005A                     _T0IF  equ     90
   265                           	global	_T1CKPS0
   266  0084                     _T1CKPS0  equ     132
   267+                          	global	_T1CKPS1
   268+ 0085                     _T1CKPS1  equ     133
   269+                          	global	_T1OSCEN
   270+ 0083                     _T1OSCEN  equ     131
   271+                          	global	_T1SYNC
   272+ 0082                     _T1SYNC  equ     130
   273+                          	global	_T2CKPS0
   274+ 0090                     _T2CKPS0  equ     144
   275+                          	global	_T2CKPS1
   276+ 0091                     _T2CKPS1  equ     145
   277                           	global	_TMR0IE
   278  005D                     _TMR0IE  equ     93
   279+                          	global	_TMR0IF
   280+ 005A                     _TMR0IF  equ     90
   281                           	global	_TMR1CS
   282  0081                     _TMR1CS  equ     129
   283+                          	global	_TMR1IF
   284+ 0060                     _TMR1IF  equ     96
   285+                          	global	_TMR1ON
   286+ 0080                     _TMR1ON  equ     128
   287+                          	global	_TMR2IF
   288+ 0061                     _TMR2IF  equ     97
   289+                          	global	_TMR2ON
   290+ 0092                     _TMR2ON  equ     146
   291+                          	global	_TO
   292+ 001C                     _TO  equ     28
   293                           	global	_TOUTPS0
   294  0093                     _TOUTPS0  equ     147
   295+                          	global	_TOUTPS1
   296+ 0094                     _TOUTPS1  equ     148
   297+                          	global	_TOUTPS2
   298+ 0095                     _TOUTPS2  equ     149
   299+                          	global	_TOUTPS3
   300+ 0096                     _TOUTPS3  equ     150
   301+                          	global	_TXIF
   302+ 0064                     _TXIF  equ     100
   303+                          	global	_WCOL
   304+ 00A7                     _WCOL  equ     167
   305                           	global	_ZERO
   306  001A                     _ZERO  equ     26
   307+                          	global	_ADCON1
   308+ 009F                     _ADCON1  equ     159
   309                           	global	_ADRESL
   310  009E                     _ADRESL  equ     158
   311+                          	global	_CMCON
   312+ 009C                     _CMCON  equ     156
   313+                          	global	_CVRCON
   314+ 009D                     _CVRCON  equ     157
   315+                          	global	_OPTION
   316+ 0081                     _OPTION  equ     129
   317+                          	global	_PCON
   318+ 008E                     _PCON  equ     142
   319+                          	global	_PIE1
   320+ 008C                     _PIE1  equ     140
   321                           	global	_PIE2
   322  008D                     _PIE2  equ     141
   323+                          	global	_PR2
   324+ 0092                     _PR2  equ     146
   325+                          	global	_SPBRG
   326+ 0099                     _SPBRG  equ     153
   327+                          	global	_SSPADD
   328+ 0093                     _SSPADD  equ     147
   329+                          	global	_SSPCON2
   330+ 0091                     _SSPCON2  equ     145
   331+                          	global	_SSPSTAT
   332+ 0094                     _SSPSTAT  equ     148
   333                           	global	_TRISA
   334  0085                     _TRISA  equ     133
   335+                          	global	_TRISB
   336+ 0086                     _TRISB  equ     134
   337                           	global	_TRISC
   338  0087                     _TRISC  equ     135
   339+                          	global	_TXSTA
   340+ 0098                     _TXSTA  equ     152
   341+                          	global	_ACKDT
   342+ 048D                     _ACKDT  equ     1165
   343+                          	global	_ACKEN
   344+ 048C                     _ACKEN  equ     1164
   345+                          	global	_ACKSTAT
   346+ 048E                     _ACKSTAT  equ     1166
   347+                          	global	_ADCS2
   348+ 04FE                     _ADCS2  equ     1278
   349                           	global	_ADFM
   350  04FF                     _ADFM  equ     1279
   351+                          	global	_ADIE
   352+ 0466                     _ADIE  equ     1126
   353+                          	global	_BCLIE
   354+ 046B                     _BCLIE  equ     1131
   355+                          	global	_BF
   356+ 04A0                     _BF  equ     1184
   357                           	global	_BOR
   358  0470                     _BOR  equ     1136
   359+                          	global	_BRGH
   360+ 04C2                     _BRGH  equ     1218
   361                           	global	_C1INV
   362  04E4                     _C1INV  equ     1252
   363+                          	global	_C1OUT
   364+ 04E6                     _C1OUT  equ     1254
   365                           	global	_C2INV
   366  04E5                     _C2INV  equ     1253
   367+                          	global	_C2OUT
   368+ 04E7                     _C2OUT  equ     1255
   369+                          	global	_CCP1IE
   370+ 0462                     _CCP1IE  equ     1122
   371+                          	global	_CCP2IE
   372+ 0468                     _CCP2IE  equ     1128
   373+                          	global	_CIS
   374+ 04E3                     _CIS  equ     1251
   375+                          	global	_CKE
   376+ 04A6                     _CKE  equ     1190
   377                           	global	_CM0
   378  04E0                     _CM0  equ     1248
   379+                          	global	_CM1
   380+ 04E1                     _CM1  equ     1249
   381+                          	global	_CM2
   382+ 04E2                     _CM2  equ     1250
   383+                          	global	_CMIE
   384+ 046E                     _CMIE  equ     1134
   385+                          	global	_CSRC
   386+ 04C7                     _CSRC  equ     1223
   387+                          	global	_CVR0
   388+ 04E8                     _CVR0  equ     1256
   389                           	global	_CVR1
   390  04E9                     _CVR1  equ     1257
   391+                          	global	_CVR2
   392+ 04EA                     _CVR2  equ     1258
   393                           	global	_CVR3
   394  04EB                     _CVR3  equ     1259
   395+                          	global	_CVREN
   396+ 04EF                     _CVREN  equ     1263
   397+                          	global	_CVROE
   398+ 04EE                     _CVROE  equ     1262
   399+                          	global	_CVRR
   400+ 04ED                     _CVRR  equ     1261
   401+                          	global	_DA
   402+ 04A5                     _DA  equ     1189
   403+                          	global	_EEIE
   404+ 046C                     _EEIE  equ     1132
   405                           	global	_GCEN
   406  048F                     _GCEN  equ     1167
   407+                          	global	_INTEDG
   408+ 040E                     _INTEDG  equ     1038
   409+                          	global	_PCFG0
   410+ 04F8                     _PCFG0  equ     1272
   411+                          	global	_PCFG1
   412+ 04F9                     _PCFG1  equ     1273
   413                           	global	_PCFG2
   414  04FA                     _PCFG2  equ     1274
   415+                          	global	_PCFG3
   416+ 04FB                     _PCFG3  equ     1275
   417+                          	global	_PEN
   418+ 048A                     _PEN  equ     1162
   419+                          	global	_POR
   420+ 0471                     _POR  equ     1137
   421+                          	global	_PS0
   422+ 0408                     _PS0  equ     1032
   423+                          	global	_PS1
   424+ 0409                     _PS1  equ     1033
   425                           	global	_PS2
   426  040A                     _PS2  equ     1034
   427+                          	global	_PSA
   428+ 040B                     _PSA  equ     1035
   429                           	global	_RBPU
   430  040F                     _RBPU  equ     1039
   431+                          	global	_RCEN
   432+ 048B                     _RCEN  equ     1163
   433+                          	global	_RCIE
   434+ 0465                     _RCIE  equ     1125
   435+                          	global	_RSEN
   436+ 0489                     _RSEN  equ     1161
   437+                          	global	_RW
   438+ 04A2                     _RW  equ     1186
   439+                          	global	_SEN
   440+ 0488                     _SEN  equ     1160
   441                           	global	_SMP
   442  04A7                     _SMP  equ     1191
   443+                          	global	_SSPIE
   444+ 0463                     _SSPIE  equ     1123
   445+                          	global	_START
   446+ 04A3                     _START  equ     1187
   447+                          	global	_STOP
   448+ 04A4                     _STOP  equ     1188
   449+                          	global	_SYNC
   450+ 04C4                     _SYNC  equ     1220
   451+                          	global	_T0CS
   452+ 040D                     _T0CS  equ     1037
   453                           	global	_T0SE
   454  040C                     _T0SE  equ     1036
   455+                          	global	_TMR1IE
   456+ 0460                     _TMR1IE  equ     1120
   457                           	global	_TMR2IE
   458  0461                     _TMR2IE  equ     1121
   459+                          	global	_TRISA0
   460+ 0428                     _TRISA0  equ     1064
   461+                          	global	_TRISA1
   462+ 0429                     _TRISA1  equ     1065
   463+                          	global	_TRISA2
   464+ 042A                     _TRISA2  equ     1066
   465+                          	global	_TRISA3
   466+ 042B                     _TRISA3  equ     1067
   467+                          	global	_TRISA4
   468+ 042C                     _TRISA4  equ     1068
   469                           	global	_TRISA5
   470  042D                     _TRISA5  equ     1069
   471+                          	global	_TRISB0
   472+ 0430                     _TRISB0  equ     1072
   473+                          	global	_TRISB1
   474+ 0431                     _TRISB1  equ     1073
   475+                          	global	_TRISB2
   476+ 0432                     _TRISB2  equ     1074
   477+                          	global	_TRISB3
   478+ 0433                     _TRISB3  equ     1075
   479+                          	global	_TRISB4
   480+ 0434                     _TRISB4  equ     1076
   481                           	global	_TRISB5
   482  0435                     _TRISB5  equ     1077
   483+                          	global	_TRISB6
   484+ 0436                     _TRISB6  equ     1078
   485                           	global	_TRISB7
   486  0437                     _TRISB7  equ     1079
   487+                          	global	_TRISC0
   488+ 0438                     _TRISC0  equ     1080
   489+                          	global	_TRISC1
   490+ 0439                     _TRISC1  equ     1081
   491+                          	global	_TRISC2
   492+ 043A                     _TRISC2  equ     1082
   493+                          	global	_TRISC3
   494+ 043B                     _TRISC3  equ     1083
   495+                          	global	_TRISC4
   496+ 043C                     _TRISC4  equ     1084
   497                           	global	_TRISC5
   498  043D                     _TRISC5  equ     1085
   499+                          	global	_TRISC6
   500+ 043E                     _TRISC6  equ     1086
   501+                          	global	_TRISC7
   502+ 043F                     _TRISC7  equ     1087
   503+                          	global	_TRMT
   504+ 04C1                     _TRMT  equ     1217
   505+                          	global	_TX9
   506+ 04C6                     _TX9  equ     1222
   507+                          	global	_TX9D
   508+ 04C0                     _TX9D  equ     1216
   509                           	global	_TXEN
   510  04C5                     _TXEN  equ     1221
   511+                          	global	_TXIE
   512+ 0464                     _TXIE  equ     1124
   513                           	global	_UA
   514  04A1                     _UA  equ     1185
   515+                          	global	_EEADR
   516+ 010D                     _EEADR  equ     269
   517+                          	global	_EEADRH
   518+ 010F                     _EEADRH  equ     271
   519+                          	global	_EEADRL
   520+ 010D                     _EEADRL  equ     269
   521+                          	global	_EEDATA
   522+ 010C                     _EEDATA  equ     268
   523+                          	global	_EEDATH
   524+ 010E                     _EEDATH  equ     270
   525                           	global	_EECON1
   526  018C                     _EECON1  equ     396
   527                           	global	_EECON2
   528  018D                     _EECON2  equ     397
   529+                          	global	_EEPGD
   530+ 0C67                     _EEPGD  equ     3175
   531+                          	global	_RD
   532+ 0C60                     _RD  equ     3168
   533                           	global	_WR
   534  0C61                     _WR  equ     3169
   535+                          	global	_WREN
   536+ 0C62                     _WREN  equ     3170
   537                           	global	_WRERR
   538  0C63                     _WRERR  equ     3171
   539+                          	file	"T6.as"
   540+                          	line	#
   541+                          psect cinit,class=CODE,delta=2
   542+                          global start_initialization
   543+ 07A8                     start_initialization:
   544                           
   545                           psect cinit,class=CODE,delta=2
   546                           global end_of_initialization
   547                           
   548                           ;End of C runtime variable initationation code
   549                           
   550  07A8                     end_of_initialization:
   551+ 07A8  0183               clrf status
   552+ 07A9  120A  118A  2FBA   ljmp _main	;jump to C main() function
   553+                          psect	cstackCOMMON,class=COMMON,space=1
   554+                          global __pcstackCOMMON
   555+ 0070                     __pcstackCOMMON:
   556+                          	global	?_timer_func
   557+ 0070                     ?_timer_func: ;@ 0x0
   558+                          	global	??_timer_func
   559+ 0070                     ??_timer_func: ;@ 0x0
   560                           	global	??_main
   561  0070                     ??_main: ;@ 0x0
   562+                          	global	main@i
   563+ 0070                     main@i:	; 2 bytes @ 0x0
   564+ 0070                     	ds	2
   565+                          	global	?_main
   566+ 0072                     ?_main: ;@ 0x2
   567+                          ;Data sizes: Strings 0, constant 0, data 0, bss 0, persistent 0 stack 0
   568+                          ;Auto spaces:   Size  Autos    Used
   569+                          ; COMMON          14      2       2
   570+                          ; BANK0           80      0       0
   571+                          ; BANK1           80      0       0
   572+                          ; BANK3           96      0       0
   573+                          ; BANK2           96      0       0
   574+                          
   575+                          
   576+                          ;Pointer list with targets:
   577+                          
   578+                          
   579+                          
   580+                          ;Main: autosize = 0, tempsize = 0, incstack = 0, save=0
   581+                          
   582+                          
   583+                          ;Call graph:                      Base Space Used Autos Args Refs Density
   584+                          ;_main                                                2    0   40   0.00
   585+                          ;                                    0 COMMO    2
   586+                          ;         _timer_func
   587+                          ;  _timer_func                                        0    0    0   0.00
   588+                          ; Estimated maximum call depth 1
   589+                          ; Address spaces:
   590+                          
   591+                          ;Name               Size   Autos  Total    Cost      Usage
   592+                          ;BITCOMMON            E      0       0       0        0.0%
   593+                          ;CODE                 0      0       0       0        0.0%
   594+                          ;NULL                 0      0       0       0        0.0%
   595+                          ;COMMON               E      2       2       1       14.3%
   596+                          ;SFR0                 0      0       0       1        0.0%
   597+                          ;BITSFR0              0      0       0       1        0.0%
   598+                          ;BITSFR1              0      0       0       2        0.0%
   599+                          ;SFR1                 0      0       0       2        0.0%
   600+                          ;ABS                  0      0       0       2        0.0%
   601+                          ;STACK                0      0       0       3        0.0%
   602+                          ;BITBANK0            50      0       0       4        0.0%
   603+                          ;SFR3                 0      0       0       4        0.0%
   604+                          ;BITSFR3              0      0       0       4        0.0%
   605+                          ;BANK0               50      0       0       5        0.0%
   606+                          ;BITSFR2              0      0       0       5        0.0%
   607+                          ;SFR2                 0      0       0       5        0.0%
   608+                          ;BITBANK1            50      0       0       6        0.0%
   609+                          ;BANK1               50      0       0       7        0.0%
   610+                          ;BITBANK3            60      0       0       8        0.0%
   611+                          ;BANK3               60      0       0       9        0.0%
   612+                          ;BITBANK2            60      0       0      10        0.0%
   613+                          ;BANK2               60      0       0      11        0.0%
   614+                          ;DATA                 0      0       0      12        0.0%
   615+                          ;EEDATA             100      0       0    1000        0.0%
   616+                          
   617+                          	global	_main
   618+                          psect	maintext,local,class=CODE,delta=2
   619+                          global __pmaintext
   620+ 07BA                     __pmaintext:
   621+                          
   622+                          ; *************** function _main *****************
   623+                          ; Defined at:
   624+                          ;		line 7 in file "D:\ABHISHEK JOSHI\PIC\T6\T6.C"
   625+                          ; Parameters:    Size  Location     Type
   626+                          ;		None
   627+                          ; Auto vars:     Size  Location     Type
   628+                          ;  i               2    0[COMMON] unsigned int 
   629+                          ; Return value:  Size  Location     Type
   630+                          ;		None               void
   631+                          ; Registers used:
   632+                          ;		wreg, fsr0l, fsr0h, fsr1l, fsr1h, status,2, status,0, btemp+0, btemp+1, btemp+2, btem
      +                          p+3, pclath, cstack
   633+                          ; Tracked objects:
   634+                          ;		On entry : 17F/0
   635+                          ;		On exit  : 0/0
   636+                          ;		Unchanged: 0/0
   637+                          ; Data sizes:     COMMON   BANK0   BANK1   BANK3   BANK2
   638+                          ;      Locals:         2       0       0       0       0
   639+                          ;      Temp:     0
   640+                          ;      Total:    2
   641+                          ; This function calls:
   642+                          ;		_timer_func
   643+                          ; This function is called by:
   644+                          ;		Startup code after reset
   645+                          ; This function uses a non-reentrant model
   646+                          ; 
   647+                          psect	maintext
   648+                          	file	"D:\ABHISHEK JOSHI\PIC\T6\T6.C"
   649+                          	line	7
   650+                          	global	__size_of_main
   651+ 0046                     	__size_of_main	equ	__end_of_main-_main
   652                           ;pic168xa.h: 19: volatile unsigned char INDF @ 0x00;
   653                           ;pic168xa.h: 20: volatile unsigned char TMR0 @ 0x01;
   654                           ;pic168xa.h: 21: volatile unsigned char PCL @ 0x02;
   655                           ;pic168xa.h: 22: volatile unsigned char STATUS @ 0x03;
   656                           ;pic168xa.h: 23: unsigned char FSR @ 0x04;
   657                           ;pic168xa.h: 24: volatile unsigned char PORTA @ 0x05;
   658                           ;pic168xa.h: 25: volatile unsigned char PORTB @ 0x06;
   659                           ;pic168xa.h: 26: volatile unsigned char PORTC @ 0x07;
   660                           ;pic168xa.h: 31: unsigned char PCLATH @ 0x0A;
   661                           ;pic168xa.h: 32: volatile unsigned char INTCON @ 0x0B;
   662                           	
   663  07BA                     _main:	
   664+                          	opt stack 8
   665+                          ; Regs used in _main: [allreg]
   666+                          	line	8
   667+                          	
   668+ 07BA                     l30000336:	
   669                           ;T6.C: 8: TRISB=0x00;
   670  07BA  1003               	clrc
   671+ 07BB  3000               	movlw	0
   672+ 07BC  1803               	btfsc	status,0
   673+ 07BD  3001               	movlw	1
   674+ 07BE  1683               	bsf	status, 5	;RP0=1, select bank1
   675+ 07BF  1303               	bcf	status, 6	;RP1=0, select bank1
   676  07C0  0086               	movwf	(134)^080h	;volatile
   677+                          	
   678+ 07C1                     l4:	
   679+                          	line	12
   680+                          ;T6.C: 11: {
   681+                          ;T6.C: 12: PORTB=0x00;
   682+ 07C1  1003               	clrc
   683+ 07C2  3000               	movlw	0
   684+ 07C3  1803               	btfsc	status,0
   685+ 07C4  3001               	movlw	1
   686  07C5  1283               	bcf	status, 5	;RP0=0, select bank0
   687+ 07C6  1303               	bcf	status, 6	;RP1=0, select bank0
   688  07C7  0086               	movwf	(6)	;volatile
   689+                          	
   690+ 07C8                     l30000337:	
   691+                          	line	13
   692+                          ;T6.C: 13: for(i=0;i<=1000;i++)
   693+ 07C8  3000               	movlw	low(0)
   694+ 07C9  00F0               	movwf	(main@i)
   695+ 07CA  3000               	movlw	high(0)
   696  07CB  00F1               	movwf	((main@i))+1
   697                           	
   698  07CC                     l30000340:	
   699                           	line	14
   700                           ;T6.C: 14: timer_func();
   701  07CC  120A  118A  27AC   	fcall	_timer_func
              120A  118A         
   702                           	
   703  07D1                     l30000341:	
   704                           	line	13
   705  07D1  3001               	movlw	low(01h)
   706  07D2  07F0               	addwf	(main@i),f
   707  07D3  1803               	skipnc
   708  07D4  0AF1               	incf	(main@i+1),f
   709  07D5  3000               	movlw	high(01h)
   710  07D6  07F1               	addwf	(main@i+1),f
   711                           	
   712  07D7                     l30000342:	
   713  07D7  3003               	movlw	high(03E9h)
   714  07D8  0271               	subwf	(main@i+1),w
   715  07D9  30E9               	movlw	low(03E9h)
   716  07DA  1903               	skipnz
   717  07DB  0270               	subwf	(main@i),w
   718  07DC  1C03               	skipc
   719  07DD  2FDF               	goto	u11
   720  07DE  2FE0               	goto	u10
   721  07DF                     u11:
   722  07DF  2FCC               	goto	l30000340
   723  07E0                     u10:
   724                           	
   725  07E0                     l30000343:	
   726                           	line	15
   727                           ;T6.C: 15: PORTB=0xff;
   728  07E0  30FF               	movlw	(0FFh)
   729  07E1  1283               	bcf	status, 5	;RP0=0, select bank0
   730  07E2  1303               	bcf	status, 6	;RP1=0, select bank0
   731  07E3  0086               	movwf	(6)	;volatile
   732                           	line	16
   733                           ;T6.C: 16: for(i=0;i<=1000;i++)
   734  07E4  3000               	movlw	low(0)
   735  07E5  00F0               	movwf	(main@i)
   736  07E6  3000               	movlw	high(0)
   737  07E7  00F1               	movwf	((main@i))+1
   738                           	
   739  07E8                     l30000345:	
   740                           	line	17
   741                           ;T6.C: 17: timer_func();
   742  07E8  120A  118A  27AC   	fcall	_timer_func
              120A  118A         
   743                           	
   744  07ED                     l30000346:	
   745                           	line	16
   746  07ED  3001               	movlw	low(01h)
   747  07EE  07F0               	addwf	(main@i),f
   748  07EF  1803               	skipnc
   749  07F0  0AF1               	incf	(main@i+1),f
   750  07F1  3000               	movlw	high(01h)
   751  07F2  07F1               	addwf	(main@i+1),f
   752                           	
   753  07F3                     l30000347:	
   754  07F3  3003               	movlw	high(03E9h)
   755  07F4  0271               	subwf	(main@i+1),w
   756  07F5  30E9               	movlw	low(03E9h)
   757  07F6  1903               	skipnz
   758  07F7  0270               	subwf	(main@i),w
   759  07F8  1C03               	skipc
   760  07F9  2FFB               	goto	u21
   761  07FA  2FFC               	goto	u20
   762  07FB                     u21:
   763  07FB  2FE8               	goto	l30000345
   764  07FC                     u20:
   765  07FC  2FC1               	goto	l4
   766                           	global	start
   767  07FD  120A  118A  2800   	ljmp	start
   768                           	opt stack 0
   769                           GLOBAL	__end_of_main
   770  0800                     	__end_of_main:
   771                           ; =============== function _main ends ============
   772                           
   773                           psect	maintext
   774                           	line	21
   775                           	signat	_main,88
   776                           	global	_timer_func
   777                           psect	text8,local,class=CODE,delta=2
   778                           global __ptext8
   779  07AC                     __ptext8:
   780                           
   781                           ; *************** function _timer_func *****************
   782                           ; Defined at:
   783                           ;		line 24 in file "D:\ABHISHEK JOSHI\PIC\T6\T6.C"
   784                           ; Parameters:    Size  Location     Type
   785                           ;		None
   786                           ; Auto vars:     Size  Location     Type
   787                           ;		None
   788                           ; Return value:  Size  Location     Type
   789                           ;		None               void
   790                           ; Registers used:
   791                           ;		wreg
   792                           ; Tracked objects:
   793                           ;		On entry : 0/0
   794                           ;		On exit  : 0/0
   795                           ;		Unchanged: 0/0
   796                           ; Data sizes:     COMMON   BANK0   BANK1   BANK3   BANK2
   797                           ;      Locals:         0       0       0       0       0
   798                           ;      Temp:     0
   799                           ;      Total:    0
   800                           ; This function calls:
   801                           ;		Nothing
   802                           ; This function is called by:
   803                           ;		_main
   804                           ; This function uses a non-reentrant model
   805                           ; 
   806                           psect	text8
   807                           	file	"D:\ABHISHEK JOSHI\PIC\T6\T6.C"
   808                           	line	24
   809                           	global	__size_of_timer_func
   810  000E                     	__size_of_timer_func	equ	__end_of_timer_func-_timer_func
   811                           ;T6.C: 23: void timer_func()
   812                           ;T6.C: 24: {
   813                           	
   814  07AC                     _timer_func:	
   815                           	opt stack 7
   816                           ; Regs used in _timer_func: [wreg]
   817                           	line	26
   818                           	
   819  07AC                     l30000348:	
   820                           ;T6.C: 26: TMR1H=0xFC;
   821  07AC  30FC               	movlw	(0FCh)
   822  07AD  1283               	bcf	status, 5	;RP0=0, select bank0
   823  07AE  1303               	bcf	status, 6	;RP1=0, select bank0
   824  07AF  008F               	movwf	(15)	;volatile
   825                           	line	27
   826                           ;T6.C: 27: TMR1L=0x18;
   827  07B0  3018               	movlw	(018h)
   828  07B1  008E               	movwf	(14)	;volatile
   829                           	line	28
   830                           ;T6.C: 28: T1CON=0x01;
   831  07B2  3001               	movlw	(01h)
   832  07B3  0090               	movwf	(16)	;volatile
   833                           	
   834  07B4                     l13:	
   835                           	line	30
   836  07B4  1C0C               	btfss	(96/8),(96)&7
   837  07B5  2FB7               	goto	u31
   838  07B6  2FB8               	goto	u30
   839  07B7                     u31:
   840  07B7  2FB4               	goto	l13
   841  07B8                     u30:
   842                           	
   843  07B8                     l15:	
   844                           	line	31
   845                           ;T6.C: 31: TMR1IF=0;
   846  07B8  100C               	bcf	(96/8),(96)&7
   847                           	
   848  07B9                     l12:	
   849  07B9  0008               	return
   850                           	opt stack 0
   851                           GLOBAL	__end_of_timer_func
   852  07BA                     	__end_of_timer_func:
   853                           ; =============== function _timer_func ends ============
   854                           
   855                           psect	text9,local,class=CODE,delta=2
   856                           global __ptext9
   857  0003                     __ptext9:


HI-TECH Software PICC Macro Assembler V9.70 build 5239 
Symbol Table                                                                                   Wed Jan 02 14:54:07 2002

                   l4 07C1                    l12 07B9                    l13 07B4                    _DA 04A5  
                  _BF 04A0                    l15 07B8                    _DC 0019                    _PD 001B  
                  _RD 0C60                    u10 07E0                    u11 07DF                    _UA 04A1  
                  u20 07FC                    u21 07FB                    u30 07B8                    u31 07B7  
                  _TO 001C                    _RW 04A2                    _WR 0C61                   _CM0 04E0  
                 _CM1 04E1                   _CM2 04E2                   _CKE 04A6                   _CIS 04E3  
                 _CKP 00A4                   _GIE 005F                   _BOR 0470                   _RA0 0028  
                 _RA1 0029                   _RB0 0030                   _RA2 002A                   _RB1 0031  
                 _RA3 002B                   _RC0 0038                   _RB2 0032                   _RA4 002C  
                 _RC1 0039                   _RB3 0033                   _RA5 002D                   _RC2 003A  
                 _RB4 0034                   _RC3 003B                   _RB5 0035                   _RC4 003C  
                 _RB6 0036                   _RC5 003D                   _RB7 0037                   _RC6 003E  
                 _RC7 003F                   _FSR 0004                   _PCL 0002                   _PS0 0408  
                 _PR2 0092                   _PS1 0409                   _PS2 040A                   _PEN 048A  
                 _RP0 001D                   _IRP 001F                   _RP1 001E                   _SEN 0488  
                 _PSA 040B                   _POR 0471                   _RX9 00C6                   _SMP 04A7  
                 _TX9 04C6                  _ADIE 0466                  _ADIF 0066                  _ADFM 04FF  
                _ADGO 00FA                  _ADON 00F8                  _CHS0 00FB                  _CHS1 00FC  
                _CHS2 00FD                  _EEIE 046C                  _EEIF 006C                  _GCEN 048F  
                _CMIE 046E                  _CMIF 006E                  _BRGH 04C2                  _T0IE 005D  
                _T0IF 005A                  _CREN 00C4                  _T0CS 040D                  _FERR 00C2  
                _CVR0 04E8                  _CVR1 04E9                  _CVR2 04EA                  _CVR3 04EB  
                _T0SE 040C                  _CSRC 04C7                  _INDF 0000                  _PIE1 008C  
                _PIE2 008D                  _CVRR 04ED                  _PEIE 005E                  _INTE 005C  
                _INTF 0059                  _RBIE 005B                  _RBIF 0058                  _RCIE 0465  
                _RCEN 048B                  _RCIF 0065                  _PCON 008E                  _PIR1 000C  
                _PIR2 000D                  _OERR 00C1                  _RBPU 040F                  _RX9D 00C0  
                _TMR0 0001                  _TMR2 0011                  _WCOL 00A7                  _SPEN 00C7  
                _RSEN 0489                  _TX9D 04C0            _timer_func 07AC                  _SREN 00C5  
                _TRMT 04C1                  _STOP 04A4                  _TXIE 0464                  _ZERO 001A  
                _WREN 0C62                  _TXEN 04C5                  _TXIF 0064                  _SYNC 04C4  
  __end_of_timer_func 07BA                  _main 07BA                  start 0000           ?_timer_func 0070  
 start_initialization 07A8               _CCP1CON 0017               _CCP2CON 001D               _ACKSTAT 048E  
               _C1INV 04E4                 _C2INV 04E5                 _C1OUT 04E6                 _C2OUT 04E7  
               _ADCS0 00FE                 _ADCS1 00FF                 _ADCS2 04FE                 _ADDEN 00C3  
               ?_main 0072                 _ACKEN 048C                 _ACKDT 048D                 _BCLIE 046B  
               _BCLIF 006B                 _CCP1X 00BD                 _CCP1Y 00BC                 _CCP2X 00ED  
               _CCP2Y 00EC                 _EEADR 010D                 _CARRY 0018                 _EEPGD 0C67  
               _CMCON 009C                 _T1CON 0010                 _T2CON 0012               _T1CKPS0 0084  
             _T1CKPS1 0085                 _PCFG0 04F8                 _PCFG1 04F9                 _PCFG2 04FA  
               _PCFG3 04FB               _T2CKPS0 0090               _T2CKPS1 0091                 _CVREN 04EF  
               _CVROE 04EE                 _RCREG 001A                 _RCSTA 0018                 _TMR1H 000F  
               _TMR1L 000E                 _SPBRG 0099                 _PORTA 0005                 _PORTB 0006  
             _T1OSCEN 0083                 _PORTC 0007                 _START 04A3                 _SSPM0 00A0  
               _SSPM1 00A1                 _SSPM2 00A2                 _SSPM3 00A3                 _TRISA 0085  
               _TRISB 0086                 _TRISC 0087                 _SSPIE 0463                 _SSPIF 0063  
               _SSPEN 00A5                 _SSPOV 00A6                 _WRERR 0C63                 _TXREG 0019  
               _TXSTA 0098          ??_timer_func 0070        __pcstackCOMMON 0070               _SSPCON2 0091  
               main@i 0070               _SSPSTAT 0094               _TOUTPS0 0093               _TOUTPS1 0094  
             _TOUTPS2 0095               _TOUTPS3 0096                 status 0003         __size_of_main 0046  
            l30000340 07CC              l30000341 07D1              l30000342 07D7              l30000343 07E0  
            l30000336 07BA              l30000345 07E8              l30000337 07C8              l30000346 07ED  
            l30000347 07F3              l30000348 07AC                ??_main 0070               __ptext7 0003  
             __ptext8 07AC               __ptext9 0003            __pmaintext 07BA                _ADCON0 001F  
              _ADCON1 009F                _CCP1M0 00B8                _CCP1M1 00B9                _CCP1M2 00BA  
              _CCP1M3 00BB                _CCP2M0 00E8                _CCP2M1 00E9                _CCP2M2 00EA  
              _CCP2M3 00EB                _CCP1IE 0462                _CCP1IF 0062                _CCP2IE 0468  
              _CCP2IF 0068                _ADRESH 001E                _EEADRH 010F                _ADRESL 009E  
              _EEADRL 010D                _EEDATA 010C                _CCPR1H 0016                _EEDATH 010E  
              _CCPR2H 001C                _CCPR1L 0015                _CCPR2L 001B                _EECON1 018C  
              _EECON2 018D          __end_of_main 0800                _GODONE 00FA  end_of_initialization 07A8  
              _CVRCON 009D                _T1SYNC 0082                _INTEDG 040E                _PCLATH 000A  
              _INTCON 000B                _TMR0IE 005D                _TMR0IF 005A                _TMR1IE 0460  
              _TMR1IF 0060                _TMR1CS 0081                _TMR2IE 0461                _TMR2IF 0061  
              _OPTION 0081                _TMR1ON 0080                _TMR2ON 0092                _SSPADD 0093  
              _TRISA0 0428                _TRISA1 0429                _TRISB0 0430                _TRISA2 042A  
              _TRISB1 0431                _TRISA3 042B                _TRISC0 0438                _TRISB2 0432  
              _TRISA4 042C                _TRISC1 0439                _TRISB3 0433                _TRISA5 042D  
              _TRISC2 043A                _TRISB4 0434                _TRISC3 043B                _TRISB5 0435  
              _TRISC4 043C                _TRISB6 0436                _TRISC5 043D                _TRISB7 0437  
              _TRISC6 043E                _TRISC7 043F                _STATUS 0003                _SSPCON 0014  
              _SSPBUF 0013   __size_of_timer_func 000E  
