C51 COMPILER V9.00   UART_RX                                                               01/02/2002 05:59:33 PAGE 1   


C51 COMPILER V9.00, COMPILATION OF MODULE UART_RX
OBJECT MODULE PLACED IN Uart rx.OBJ
COMPILER INVOKED BY: C:\Keil\C51\BIN\C51.EXE Uart rx.C BROWSE DEBUG OBJECTEXTEND

line level    source

   1          #include<stdio.h>
   2          #include<Reg51f.h>
   3          
   4          void init_uart();
   5          void clr_screen();
   6          void home_screen();
   7          void uart_delay(unsigned int);
   8          void tx(unsigned char);
   9          unsigned char rx();
  10          
  11          unsigned char tx_data;
  12          
  13          void main()
  14          {
  15   1       init_uart();
  16   1      
  17   1       while(1)
  18   1       {
  19   2        tx_data=rx();
  20   2        uart_delay(1);
  21   2      
  22   2        tx(tx_data);
  23   2        uart_delay(1);
  24   2       }
  25   1      
  26   1      }
  27          
  28          void init_uart()
  29          {
  30   1       TMOD|=0x20;
  31   1       TH1=0xFD;
  32   1       TR1=1;
  33   1       SCON=0x53;
  34   1      }
  35          
  36          void clr_screen()
  37          {
  38   1       tx(0x1b);
  39   1       uart_delay(1);
  40   1       tx('[');
  41   1       uart_delay(1);
  42   1       tx('2');
  43   1       uart_delay(1);
  44   1       tx('J');
  45   1       uart_delay(1);
  46   1      }
  47          
  48          void home_screen()
  49          {
  50   1       tx(0x1b);
  51   1       uart_delay(1);
  52   1       tx('[');
  53   1       uart_delay(1);
  54   1       tx('H');
  55   1       uart_delay(1);
C51 COMPILER V9.00   UART_RX                                                               01/02/2002 05:59:33 PAGE 2   

  56   1      }
  57          
  58          void tx(unsigned char tx_data)
  59          {
  60   1       while(TI!=1);
  61   1       SBUF=tx_data;
  62   1       TI=0;
  63   1      }
  64          
  65          unsigned char rx()
  66          {
  67   1       while(RI!=1);
  68   1       tx_data=SBUF;
  69   1       RI=0;
  70   1       return(tx_data);
  71   1      }
  72          
  73          
  74          void uart_delay(unsigned int del)
  75          {
  76   1       int j,i;
  77   1       for(i=0;i<=del;i++)
  78   1        for(j=0;j<=120;j++);
  79   1      
  80   1      }


MODULE INFORMATION:   STATIC OVERLAYABLE
   CODE SIZE        =    152    ----
   CONSTANT SIZE    =   ----    ----
   XDATA SIZE       =   ----    ----
   PDATA SIZE       =   ----    ----
   DATA SIZE        =      1    ----
   IDATA SIZE       =   ----    ----
   BIT SIZE         =   ----    ----
END OF MODULE INFORMATION.


C51 COMPILATION COMPLETE.  0 WARNING(S),  0 ERROR(S)
