

HI-TECH Software PIC LITE Macro Assembler V9.70 build 5239 
                                                                                               Tue Jan 01 17:09:23 2002

HI-TECH Software Omniscient Code Generator (Lite mode) build 5239
     1  0000                     opt subtitle "HI-TECH Software Omniscient Code Generator (Lite mode) build 5239"
     2                           
     3                           opt pagewidth 120
     4                           
     5                           	opt lm
     6                           
     7                           	processor	16F876A
     8                           clrc	macro
     9                           	bcf	3,0
    10  0000                     	endm
    11                           clrz	macro
    12                           	bcf	3,2
    13  0000                     	endm
    14                           setc	macro
    15                           	bsf	3,0
    16  0000                     	endm
    17                           setz	macro
    18                           	bsf	3,2
    19  0000                     	endm
    20                           skipc	macro
    21                           	btfss	3,0
    22  0000                     	endm
    23                           skipz	macro
    24                           	btfss	3,2
    25  0000                     	endm
    26                           skipnc	macro
    27                           	btfsc	3,0
    28  0000                     	endm
    29                           skipnz	macro
    30                           	btfsc	3,2
    31  0000                     	endm
    32  0000                     indf	equ	0
    33  0000                     indf0	equ	0
    34  0002                     pc	equ	2
    35  0002                     pcl	equ	2
    36  0003                     status	equ	3
    37  0004                     fsr	equ	4
    38  0004                     fsr0	equ	4
    39  0001                     c	equ	1
    40  0000                     z	equ	0
    41  000A                     pclath	equ	10
    42                           	FNCALL	_main,_display
    43                           	FNCALL	_main,_incrementd
    44                           	FNCALL	_display,_delay
    45                           	FNROOT	_main
    46                           	global	_disp
    47                           psect	idataBANK0,class=CODE,space=0,delta=2
    48                           global __pidataBANK0
    49  06E7                     __pidataBANK0:
    50                           	file	"D:\ABHISHEK JOSHI\PIC\T4\T4.c"
    51                           	line	9
    52                           
    53                           ;initializer for _disp
    54  06E7  34FC               	retlw	0FCh
    55  06E8  3460               	retlw	060h
    56  06E9  34DA               	retlw	0DAh
    57  06EA  34F2               	retlw	0F2h
    58  06EB  3466               	retlw	066h
    59  06EC  34B6               	retlw	0B6h
    60  06ED  34BE               	retlw	0BEh
    61  06EE  34E0               	retlw	0E0h
    62  06EF  34FE               	retlw	0FEh
    63  06F0  34F6               	retlw	0F6h
    64  06F1  3400               	retlw	0
    65  06F2  3400               	retlw	0
    66  06F3  3400               	retlw	0
    67  06F4  3400               	retlw	0
    68  06F5  3400               	retlw	0
    69  06F6  3400               	retlw	0
    70  06F7  3400               	retlw	0
    71  06F8  3400               	retlw	0
    72  06F9  3400               	retlw	0
    73  06FA  3400               	retlw	0
    74  06FB  3400               	retlw	0
    75  06FC  3400               	retlw	0
    76  06FD  3400               	retlw	0
    77  06FE  3400               	retlw	0
    78  06FF  3400               	retlw	0
    79                           	global	_ds1
    80                           	global	_ds2
    81                           	global	_ds3
    82                           	global	_ds4
    83                           	global	_ADCON0
    84  001F                     _ADCON0  equ     31
    85                           	global	_ADRESH
    86  001E                     _ADRESH  equ     30
    87                           	global	_CCP1CON
    88  0017                     _CCP1CON  equ     23
    89                           	global	_CCP2CON
    90  001D                     _CCP2CON  equ     29
    91                           	global	_CCPR1H
    92  0016                     _CCPR1H  equ     22
    93                           	global	_CCPR1L
    94  0015                     _CCPR1L  equ     21
    95                           	global	_CCPR2H
    96  001C                     _CCPR2H  equ     28
    97                           	global	_CCPR2L
    98  001B                     _CCPR2L  equ     27
    99                           	global	_FSR
   100  0004                     _FSR  equ     4
   101                           	global	_INDF
   102  0000                     _INDF  equ     0
   103                           	global	_INTCON
   104  000B                     _INTCON  equ     11
   105                           	global	_PCL
   106  0002                     _PCL  equ     2
   107                           	global	_PCLATH
   108  000A                     _PCLATH  equ     10
   109                           	global	_PIR1
   110  000C                     _PIR1  equ     12
   111                           	global	_PIR2
   112  000D                     _PIR2  equ     13
   113                           	global	_PORTA
   114  0005                     _PORTA  equ     5
   115                           	global	_PORTB
   116  0006                     _PORTB  equ     6
   117                           	global	_PORTC
   118  0007                     _PORTC  equ     7
   119                           	global	_RCREG
   120  001A                     _RCREG  equ     26
   121                           	global	_RCSTA
   122  0018                     _RCSTA  equ     24
   123                           	global	_SSPBUF
   124  0013                     _SSPBUF  equ     19
   125                           	global	_SSPCON
   126  0014                     _SSPCON  equ     20
   127                           	global	_STATUS
   128  0003                     _STATUS  equ     3
   129                           	global	_T1CON
   130  0010                     _T1CON  equ     16
   131                           	global	_T2CON
   132  0012                     _T2CON  equ     18
   133                           	global	_TMR0
   134  0001                     _TMR0  equ     1
   135                           	global	_TMR1H
   136  000F                     _TMR1H  equ     15
   137                           	global	_TMR1L
   138  000E                     _TMR1L  equ     14
   139                           	global	_TMR2
   140  0011                     _TMR2  equ     17
   141                           	global	_TXREG
   142  0019                     _TXREG  equ     25
   143                           	global	_ADCS0
   144  00FE                     _ADCS0  equ     254
   145                           	global	_ADCS1
   146  00FF                     _ADCS1  equ     255
   147                           	global	_ADDEN
   148  00C3                     _ADDEN  equ     195
   149                           	global	_ADGO
   150  00FA                     _ADGO  equ     250
   151                           	global	_ADIF
   152  0066                     _ADIF  equ     102
   153                           	global	_ADON
   154  00F8                     _ADON  equ     248
   155                           	global	_BCLIF
   156  006B                     _BCLIF  equ     107
   157                           	global	_CARRY
   158  0018                     _CARRY  equ     24
   159                           	global	_CCP1IF
   160  0062                     _CCP1IF  equ     98
   161                           	global	_CCP1M0
   162  00B8                     _CCP1M0  equ     184
   163                           	global	_CCP1M1
   164  00B9                     _CCP1M1  equ     185
   165                           	global	_CCP1M2
   166  00BA                     _CCP1M2  equ     186
   167                           	global	_CCP1M3
   168  00BB                     _CCP1M3  equ     187
   169                           	global	_CCP1X
   170  00BD                     _CCP1X  equ     189
   171                           	global	_CCP1Y
   172  00BC                     _CCP1Y  equ     188
   173                           	global	_CCP2IF
   174  0068                     _CCP2IF  equ     104
   175                           	global	_CCP2M0
   176  00E8                     _CCP2M0  equ     232
   177                           	global	_CCP2M1
   178  00E9                     _CCP2M1  equ     233
   179                           	global	_CCP2M2
   180  00EA                     _CCP2M2  equ     234
   181                           	global	_CCP2M3
   182  00EB                     _CCP2M3  equ     235
   183                           	global	_CCP2X
   184  00ED                     _CCP2X  equ     237
   185                           	global	_CCP2Y
   186  00EC                     _CCP2Y  equ     236
   187                           	global	_CHS0
   188  00FB                     _CHS0  equ     251
   189                           	global	_CHS1
   190  00FC                     _CHS1  equ     252
   191                           	global	_CHS2
   192  00FD                     _CHS2  equ     253
   193+                          	global	_CKP
   194+ 00A4                     _CKP  equ     164
   195                           	global	_CMIF
   196  006E                     _CMIF  equ     110
   197                           	global	_CREN
   198  00C4                     _CREN  equ     196
   199+                          	global	_DC
   200+ 0019                     _DC  equ     25
   201+                          	global	_EEIF
   202+ 006C                     _EEIF  equ     108
   203+                          	global	_FERR
   204+ 00C2                     _FERR  equ     194
   205+                          	global	_GIE
   206+ 005F                     _GIE  equ     95
   207                           	global	_GODONE
   208  00FA                     _GODONE  equ     250
   209+                          	global	_INTE
   210+ 005C                     _INTE  equ     92
   211                           	global	_INTF
   212  0059                     _INTF  equ     89
   213+                          	global	_IRP
   214+ 001F                     _IRP  equ     31
   215+                          	global	_OERR
   216+ 00C1                     _OERR  equ     193
   217+                          	global	_PD
   218+ 001B                     _PD  equ     27
   219+                          	global	_PEIE
   220+ 005E                     _PEIE  equ     94
   221+                          	global	_RA0
   222+ 0028                     _RA0  equ     40
   223                           	global	_RA1
   224  0029                     _RA1  equ     41
   225+                          	global	_RA2
   226+ 002A                     _RA2  equ     42
   227+                          	global	_RA3
   228+ 002B                     _RA3  equ     43
   229+                          	global	_RA4
   230+ 002C                     _RA4  equ     44
   231+                          	global	_RA5
   232+ 002D                     _RA5  equ     45
   233+                          	global	_RB0
   234+ 0030                     _RB0  equ     48
   235                           	global	_RB1
   236  0031                     _RB1  equ     49
   237+                          	global	_RB2
   238+ 0032                     _RB2  equ     50
   239                           	global	_RB3
   240  0033                     _RB3  equ     51
   241+                          	global	_RB4
   242+ 0034                     _RB4  equ     52
   243+                          	global	_RB5
   244+ 0035                     _RB5  equ     53
   245+                          	global	_RB6
   246+ 0036                     _RB6  equ     54
   247+                          	global	_RB7
   248+ 0037                     _RB7  equ     55
   249+                          	global	_RBIE
   250+ 005B                     _RBIE  equ     91
   251                           	global	_RBIF
   252  0058                     _RBIF  equ     88
   253                           	global	_RC0
   254  0038                     _RC0  equ     56
   255+                          	global	_RC1
   256+ 0039                     _RC1  equ     57
   257+                          	global	_RC2
   258+ 003A                     _RC2  equ     58
   259                           	global	_RC3
   260  003B                     _RC3  equ     59
   261+                          	global	_RC4
   262+ 003C                     _RC4  equ     60
   263                           	global	_RC5
   264  003D                     _RC5  equ     61
   265+                          	global	_RC6
   266+ 003E                     _RC6  equ     62
   267                           	global	_RC7
   268  003F                     _RC7  equ     63
   269+                          	global	_RCIF
   270+ 0065                     _RCIF  equ     101
   271+                          	global	_RP0
   272+ 001D                     _RP0  equ     29
   273+                          	global	_RP1
   274+ 001E                     _RP1  equ     30
   275+                          	global	_RX9
   276+ 00C6                     _RX9  equ     198
   277+                          	global	_RX9D
   278+ 00C0                     _RX9D  equ     192
   279                           	global	_SPEN
   280  00C7                     _SPEN  equ     199
   281                           	global	_SREN
   282  00C5                     _SREN  equ     197
   283+                          	global	_SSPEN
   284+ 00A5                     _SSPEN  equ     165
   285+                          	global	_SSPIF
   286+ 0063                     _SSPIF  equ     99
   287                           	global	_SSPM0
   288  00A0                     _SSPM0  equ     160
   289+                          	global	_SSPM1
   290+ 00A1                     _SSPM1  equ     161
   291                           	global	_SSPM2
   292  00A2                     _SSPM2  equ     162
   293+                          	global	_SSPM3
   294+ 00A3                     _SSPM3  equ     163
   295+                          	global	_SSPOV
   296+ 00A6                     _SSPOV  equ     166
   297+                          	global	_T0IE
   298+ 005D                     _T0IE  equ     93
   299+                          	global	_T0IF
   300+ 005A                     _T0IF  equ     90
   301+                          	global	_T1CKPS0
   302+ 0084                     _T1CKPS0  equ     132
   303+                          	global	_T1CKPS1
   304+ 0085                     _T1CKPS1  equ     133
   305+                          	global	_T1OSCEN
   306+ 0083                     _T1OSCEN  equ     131
   307                           	global	_T1SYNC
   308  0082                     _T1SYNC  equ     130
   309                           	global	_T2CKPS0
   310  0090                     _T2CKPS0  equ     144
   311+                          	global	_T2CKPS1
   312+ 0091                     _T2CKPS1  equ     145
   313                           	global	_TMR0IE
   314  005D                     _TMR0IE  equ     93
   315                           	global	_TMR0IF
   316  005A                     _TMR0IF  equ     90
   317+                          	global	_TMR1CS
   318+ 0081                     _TMR1CS  equ     129
   319                           	global	_TMR1IF
   320  0060                     _TMR1IF  equ     96
   321+                          	global	_TMR1ON
   322+ 0080                     _TMR1ON  equ     128
   323                           	global	_TMR2IF
   324  0061                     _TMR2IF  equ     97
   325+                          	global	_TMR2ON
   326+ 0092                     _TMR2ON  equ     146
   327+                          	global	_TO
   328+ 001C                     _TO  equ     28
   329+                          	global	_TOUTPS0
   330+ 0093                     _TOUTPS0  equ     147
   331+                          	global	_TOUTPS1
   332+ 0094                     _TOUTPS1  equ     148
   333+                          	global	_TOUTPS2
   334+ 0095                     _TOUTPS2  equ     149
   335                           	global	_TOUTPS3
   336  0096                     _TOUTPS3  equ     150
   337+                          	global	_TXIF
   338+ 0064                     _TXIF  equ     100
   339+                          	global	_WCOL
   340+ 00A7                     _WCOL  equ     167
   341+                          	global	_ZERO
   342+ 001A                     _ZERO  equ     26
   343+                          	global	_ADCON1
   344+ 009F                     _ADCON1  equ     159
   345+                          	global	_ADRESL
   346+ 009E                     _ADRESL  equ     158
   347                           	global	_CMCON
   348  009C                     _CMCON  equ     156
   349+                          	global	_CVRCON
   350+ 009D                     _CVRCON  equ     157
   351                           	global	_OPTION
   352  0081                     _OPTION  equ     129
   353+                          	global	_PCON
   354+ 008E                     _PCON  equ     142
   355+                          	global	_PIE1
   356+ 008C                     _PIE1  equ     140
   357+                          	global	_PIE2
   358+ 008D                     _PIE2  equ     141
   359+                          	global	_PR2
   360+ 0092                     _PR2  equ     146
   361+                          	global	_SPBRG
   362+ 0099                     _SPBRG  equ     153
   363                           	global	_SSPADD
   364  0093                     _SSPADD  equ     147
   365+                          	global	_SSPCON2
   366+ 0091                     _SSPCON2  equ     145
   367+                          	global	_SSPSTAT
   368+ 0094                     _SSPSTAT  equ     148
   369+                          	global	_TRISA
   370+ 0085                     _TRISA  equ     133
   371+                          	global	_TRISB
   372+ 0086                     _TRISB  equ     134
   373+                          	global	_TRISC
   374+ 0087                     _TRISC  equ     135
   375                           	global	_TXSTA
   376  0098                     _TXSTA  equ     152
   377+                          	global	_ACKDT
   378+ 048D                     _ACKDT  equ     1165
   379                           	global	_ACKEN
   380  048C                     _ACKEN  equ     1164
   381+                          	global	_ACKSTAT
   382+ 048E                     _ACKSTAT  equ     1166
   383+                          	global	_ADCS2
   384+ 04FE                     _ADCS2  equ     1278
   385+                          	global	_ADFM
   386+ 04FF                     _ADFM  equ     1279
   387+                          	global	_ADIE
   388+ 0466                     _ADIE  equ     1126
   389+                          	global	_BCLIE
   390+ 046B                     _BCLIE  equ     1131
   391                           	global	_BF
   392  04A0                     _BF  equ     1184
   393                           	global	_BOR
   394  0470                     _BOR  equ     1136
   395                           	global	_BRGH
   396  04C2                     _BRGH  equ     1218
   397                           	global	_C1INV
   398  04E4                     _C1INV  equ     1252
   399                           	global	_C1OUT
   400  04E6                     _C1OUT  equ     1254
   401                           	global	_C2INV
   402  04E5                     _C2INV  equ     1253
   403                           	global	_C2OUT
   404  04E7                     _C2OUT  equ     1255
   405                           	global	_CCP1IE
   406  0462                     _CCP1IE  equ     1122
   407                           	global	_CCP2IE
   408  0468                     _CCP2IE  equ     1128
   409                           	global	_CIS
   410  04E3                     _CIS  equ     1251
   411                           	global	_CKE
   412  04A6                     _CKE  equ     1190
   413                           	global	_CM0
   414  04E0                     _CM0  equ     1248
   415                           	global	_CM1
   416  04E1                     _CM1  equ     1249
   417                           	global	_CM2
   418  04E2                     _CM2  equ     1250
   419                           	global	_CMIE
   420  046E                     _CMIE  equ     1134
   421                           	global	_CSRC
   422  04C7                     _CSRC  equ     1223
   423                           	global	_CVR0
   424  04E8                     _CVR0  equ     1256
   425                           	global	_CVR1
   426  04E9                     _CVR1  equ     1257
   427                           	global	_CVR2
   428  04EA                     _CVR2  equ     1258
   429                           	global	_CVR3
   430  04EB                     _CVR3  equ     1259
   431                           	global	_CVREN
   432  04EF                     _CVREN  equ     1263
   433                           	global	_CVROE
   434  04EE                     _CVROE  equ     1262
   435                           	global	_CVRR
   436  04ED                     _CVRR  equ     1261
   437                           	global	_DA
   438  04A5                     _DA  equ     1189
   439                           	global	_EEIE
   440  046C                     _EEIE  equ     1132
   441                           	global	_GCEN
   442  048F                     _GCEN  equ     1167
   443                           	global	_INTEDG
   444  040E                     _INTEDG  equ     1038
   445                           	global	_PCFG0
   446  04F8                     _PCFG0  equ     1272
   447                           	global	_PCFG1
   448  04F9                     _PCFG1  equ     1273
   449                           	global	_PCFG2
   450  04FA                     _PCFG2  equ     1274
   451                           	global	_PCFG3
   452  04FB                     _PCFG3  equ     1275
   453                           	global	_PEN
   454  048A                     _PEN  equ     1162
   455                           	global	_POR
   456  0471                     _POR  equ     1137
   457                           	global	_PS0
   458  0408                     _PS0  equ     1032
   459                           	global	_PS1
   460  0409                     _PS1  equ     1033
   461                           	global	_PS2
   462  040A                     _PS2  equ     1034
   463                           	global	_PSA
   464  040B                     _PSA  equ     1035
   465                           	global	_RBPU
   466  040F                     _RBPU  equ     1039
   467                           	global	_RCEN
   468  048B                     _RCEN  equ     1163
   469                           	global	_RCIE
   470  0465                     _RCIE  equ     1125
   471                           	global	_RSEN
   472  0489                     _RSEN  equ     1161
   473                           	global	_RW
   474  04A2                     _RW  equ     1186
   475                           	global	_SEN
   476  0488                     _SEN  equ     1160
   477                           	global	_SMP
   478  04A7                     _SMP  equ     1191
   479                           	global	_SSPIE
   480  0463                     _SSPIE  equ     1123
   481                           	global	_START
   482  04A3                     _START  equ     1187
   483                           	global	_STOP
   484  04A4                     _STOP  equ     1188
   485                           	global	_SYNC
   486  04C4                     _SYNC  equ     1220
   487                           	global	_T0CS
   488  040D                     _T0CS  equ     1037
   489                           	global	_T0SE
   490  040C                     _T0SE  equ     1036
   491                           	global	_TMR1IE
   492  0460                     _TMR1IE  equ     1120
   493                           	global	_TMR2IE
   494  0461                     _TMR2IE  equ     1121
   495                           	global	_TRISA0
   496  0428                     _TRISA0  equ     1064
   497                           	global	_TRISA1
   498  0429                     _TRISA1  equ     1065
   499                           	global	_TRISA2
   500  042A                     _TRISA2  equ     1066
   501                           	global	_TRISA3
   502  042B                     _TRISA3  equ     1067
   503                           	global	_TRISA4
   504  042C                     _TRISA4  equ     1068
   505                           	global	_TRISA5
   506  042D                     _TRISA5  equ     1069
   507                           	global	_TRISB0
   508  0430                     _TRISB0  equ     1072
   509                           	global	_TRISB1
   510  0431                     _TRISB1  equ     1073
   511                           	global	_TRISB2
   512  0432                     _TRISB2  equ     1074
   513                           	global	_TRISB3
   514  0433                     _TRISB3  equ     1075
   515                           	global	_TRISB4
   516  0434                     _TRISB4  equ     1076
   517                           	global	_TRISB5
   518  0435                     _TRISB5  equ     1077
   519                           	global	_TRISB6
   520  0436                     _TRISB6  equ     1078
   521                           	global	_TRISB7
   522  0437                     _TRISB7  equ     1079
   523                           	global	_TRISC0
   524  0438                     _TRISC0  equ     1080
   525                           	global	_TRISC1
   526  0439                     _TRISC1  equ     1081
   527                           	global	_TRISC2
   528  043A                     _TRISC2  equ     1082
   529                           	global	_TRISC3
   530  043B                     _TRISC3  equ     1083
   531                           	global	_TRISC4
   532  043C                     _TRISC4  equ     1084
   533                           	global	_TRISC5
   534  043D                     _TRISC5  equ     1085
   535                           	global	_TRISC6
   536  043E                     _TRISC6  equ     1086
   537                           	global	_TRISC7
   538  043F                     _TRISC7  equ     1087
   539                           	global	_TRMT
   540  04C1                     _TRMT  equ     1217
   541                           	global	_TX9
   542  04C6                     _TX9  equ     1222
   543                           	global	_TX9D
   544  04C0                     _TX9D  equ     1216
   545                           	global	_TXEN
   546  04C5                     _TXEN  equ     1221
   547                           	global	_TXIE
   548  0464                     _TXIE  equ     1124
   549                           	global	_UA
   550  04A1                     _UA  equ     1185
   551                           	global	_EEADR
   552  010D                     _EEADR  equ     269
   553                           	global	_EEADRH
   554  010F                     _EEADRH  equ     271
   555                           	global	_EEADRL
   556  010D                     _EEADRL  equ     269
   557                           	global	_EEDATA
   558  010C                     _EEDATA  equ     268
   559                           	global	_EEDATH
   560  010E                     _EEDATH  equ     270
   561                           	global	_EECON1
   562  018C                     _EECON1  equ     396
   563                           	global	_EECON2
   564  018D                     _EECON2  equ     397
   565                           	global	_EEPGD
   566  0C67                     _EEPGD  equ     3175
   567                           	global	_RD
   568  0C60                     _RD  equ     3168
   569                           	global	_WR
   570  0C61                     _WR  equ     3169
   571                           	global	_WREN
   572  0C62                     _WREN  equ     3170
   573                           	global	_WRERR
   574  0C63                     _WRERR  equ     3171
   575                           	file	"T4.as"
   576                           	line	#
   577                           psect cinit,class=CODE,delta=2
   578                           global start_initialization
   579  06D1                     start_initialization:
   580                           
   581                           psect	bssCOMMON,class=COMMON,space=1
   582                           global __pbssCOMMON
   583  007A                     __pbssCOMMON:
   584  007A                     _ds1:
   585  007A                            ds      1
   586                           
   587  007B                     _ds2:
   588  007B                            ds      1
   589                           
   590  007C                     _ds3:
   591  007C                            ds      1
   592                           
   593  007D                     _ds4:
   594  007D                            ds      1
   595                           
   596                           psect	dataBANK0,class=BANK0,space=1
   597                           global __pdataBANK0
   598  0020                     __pdataBANK0:
   599                           	file	"D:\ABHISHEK JOSHI\PIC\T4\T4.c"
   600                           	line	9
   601  0020                     _disp:
   602  0020                            ds      25
   603                           
   604                           ; Clear objects allocated to COMMON
   605                           psect cinit,class=CODE,delta=2
   606  06D1  01FA               	clrf	((__pbssCOMMON)+0)&07Fh
   607  06D2  01FB               	clrf	((__pbssCOMMON)+1)&07Fh
   608  06D3  01FC               	clrf	((__pbssCOMMON)+2)&07Fh
   609  06D4  01FD               	clrf	((__pbssCOMMON)+3)&07Fh
   610                           global btemp
   611                           psect inittext,class=CODE,delta=2
   612                           global init_fetch,btemp
   613                           ;	Called with low address in FSR and high address in W
   614  06C0                     init_fetch:
   615  06C0  087E               	movf btemp,w
   616  06C1  008A               	movwf pclath
   617  06C2  087F               	movf btemp+1,w
   618  06C3  0082               	movwf pc
   619                           global init_ram
   620                           ;Called with:
   621                           ;	high address of idata address in btemp 
   622                           ;	low address of idata address in btemp+1 
   623                           ;	low address of data in FSR
   624                           ;	high address + 1 of data in btemp-1
   625  06C4                     init_ram:
   626  06C4  26C0  120A  118A   	fcall init_fetch
   627  06C7  0080               	movwf indf,f
   628  06C8  0A84               	incf fsr,f
   629  06C9  0804               	movf fsr,w
   630  06CA  067D               	xorwf btemp-1,w
   631  06CB  1903               	btfsc status,2
   632  06CC  3400               	retlw 0
   633  06CD  0AFF               	incf btemp+1,f
   634  06CE  1903               	btfsc status,2
   635  06CF  0AFE               	incf btemp,f
   636  06D0  2EC4               	goto init_ram
   637                           ; Initialize objects allocated to BANK0
   638                           psect cinit,class=CODE,delta=2
   639                           global init_ram, __pidataBANK0
   640  06D5  1383               	bcf	status, 7	;select IRP bank0
   641  06D6  3039               	movlw low(__pdataBANK0+25)
   642  06D7  00FD               	movwf btemp-1,f
   643  06D8  3006               	movlw high(__pidataBANK0)
   644  06D9  00FE               	movwf btemp,f
   645  06DA  30E7               	movlw low(__pidataBANK0)
   646  06DB  00FF               	movwf btemp+1,f
   647  06DC  3020               	movlw low(__pdataBANK0)
   648  06DD  0084               	movwf fsr,f
   649  06DE  120A  118A  26C4   	fcall init_ram
              120A  118A         
   650                           psect cinit,class=CODE,delta=2
   651                           global end_of_initialization
   652                           
   653                           ;End of C runtime variable initationation code
   654                           
   655  06E3                     end_of_initialization:
   656  06E3  0183               clrf status
   657  06E4  120A  118A  2F2D   ljmp _main	;jump to C main() function
   658                           psect	cstackCOMMON,class=COMMON,space=1
   659                           global __pcstackCOMMON
   660  0070                     __pcstackCOMMON:
   661                           	global	?_incrementd
   662  0070                     ?_incrementd: ;@ 0x0
   663                           	global	??_incrementd
   664  0070                     ??_incrementd: ;@ 0x0
   665                           	global	??_delay
   666  0070                     ??_delay: ;@ 0x0
   667  0070                     	ds	1
   668                           	global	??_display
   669  0071                     ??_display: ;@ 0x1
   670                           	global	delay@d1
   671  0071                     delay@d1:	; 2 bytes @ 0x1
   672  0071                     	ds	2
   673                           	global	delay@d2
   674  0073                     delay@d2:	; 2 bytes @ 0x3
   675  0073                     	ds	2
   676                           	global	?_delay
   677  0075                     ?_delay: ;@ 0x5
   678                           	global	delay@del
   679  0075                     delay@del:	; 2 bytes @ 0x5
   680  0075                     	ds	2
   681                           	global	??_main
   682  0077                     ??_main: ;@ 0x7
   683                           	global	?_display
   684  0077                     ?_display: ;@ 0x7
   685  0077                     	ds	1
   686                           	global	main@j
   687  0078                     main@j:	; 2 bytes @ 0x8
   688  0078                     	ds	2
   689                           	global	?_main
   690  007A                     ?_main: ;@ 0xA
   691                           ;Data sizes: Strings 0, constant 0, data 25, bss 4, persistent 0 stack 0
   692                           ;Auto spaces:   Size  Autos    Used
   693                           ; COMMON          14     10      14
   694                           ; BANK0           80      0      25
   695                           ; BANK1           80      0       0
   696                           ; BANK3           96      0       0
   697                           ; BANK2           96      0       0
   698                           
   699                           
   700                           ;Pointer list with targets:
   701                           
   702                           
   703                           
   704                           ;Main: autosize = 0, tempsize = 1, incstack = 0, save=0
   705                           
   706                           
   707                           ;Call graph:                      Base Space Used Autos Args Refs Density
   708                           ;_main                                                5    0   60   0.00
   709                           ;                                    7 COMMO    3
   710                           ;            _display
   711                           ;         _incrementd
   712                           ;  _incrementd                                        0    0    0   0.00
   713                           ;  _display                                           0    0   40   0.00
   714                           ;              _delay
   715                           ;    _delay                                           5    2   40   0.00
   716                           ;                                    0 COMMO    7
   717                           ; Estimated maximum call depth 2
   718                           ; Address spaces:
   719                           
   720                           ;Name               Size   Autos  Total    Cost      Usage
   721                           ;BITCOMMON            E      0       0       0        0.0%
   722                           ;CODE                 0      0       0       0        0.0%
   723                           ;NULL                 0      0       0       0        0.0%
   724                           ;COMMON               E      A       E       1      100.0%
   725                           ;SFR0                 0      0       0       1        0.0%
   726                           ;BITSFR0              0      0       0       1        0.0%
   727                           ;BITSFR1              0      0       0       2        0.0%
   728                           ;SFR1                 0      0       0       2        0.0%
   729                           ;ABS                  0      0      27       2        0.0%
   730                           ;STACK                0      0       0       3        0.0%
   731                           ;BITBANK0            50      0       0       4        0.0%
   732                           ;SFR3                 0      0       0       4        0.0%
   733                           ;BITSFR3              0      0       0       4        0.0%
   734                           ;BANK0               50      0      19       5       31.3%
   735                           ;BITSFR2              0      0       0       5        0.0%
   736                           ;SFR2                 0      0       0       5        0.0%
   737                           ;BITBANK1            50      0       0       6        0.0%
   738                           ;BANK1               50      0       0       7        0.0%
   739                           ;BITBANK3            60      0       0       8        0.0%
   740                           ;BANK3               60      0       0       9        0.0%
   741                           ;BITBANK2            60      0       0      10        0.0%
   742                           ;BANK2               60      0       0      11        0.0%
   743                           ;DATA                 0      0      27      12        0.0%
   744                           ;EEDATA             100      0       0    1000        0.0%
   745                           
   746                           	global	_main
   747                           psect	maintext,local,class=CODE,delta=2
   748                           global __pmaintext
   749  072D                     __pmaintext:
   750                           
   751                           ; *************** function _main *****************
   752                           ; Defined at:
   753                           ;		line 17 in file "D:\ABHISHEK JOSHI\PIC\T4\T4.c"
   754                           ; Parameters:    Size  Location     Type
   755                           ;		None
   756                           ; Auto vars:     Size  Location     Type
   757                           ;  j               2    8[COMMON] int 
   758                           ;  i               2    0        int 
   759                           ; Return value:  Size  Location     Type
   760                           ;		None               void
   761                           ; Registers used:
   762                           ;		wreg, fsr0l, fsr0h, fsr1l, fsr1h, status,2, status,0, btemp+0, btemp+1, btemp+2, btem
                                 p+3, pclath, cstack
   763                           ; Tracked objects:
   764                           ;		On entry : 17F/0
   765                           ;		On exit  : 0/0
   766                           ;		Unchanged: 0/0
   767                           ; Data sizes:     COMMON   BANK0   BANK1   BANK3   BANK2
   768                           ;      Locals:         3       0       0       0       0
   769                           ;      Temp:     1
   770                           ;      Total:    3
   771                           ; This function calls:
   772                           ;		_display
   773                           ;		_incrementd
   774                           ; This function is called by:
   775                           ;		Startup code after reset
   776                           ; This function uses a non-reentrant model
   777                           ; 
   778                           psect	maintext
   779                           	file	"D:\ABHISHEK JOSHI\PIC\T4\T4.c"
   780                           	line	17
   781                           	global	__size_of_main
   782  0036                     	__size_of_main	equ	__end_of_main-_main
   783                           ;pic168xa.h: 19: volatile unsigned char INDF @ 0x00;
   784                           ;pic168xa.h: 20: volatile unsigned char TMR0 @ 0x01;
   785                           ;pic168xa.h: 21: volatile unsigned char PCL @ 0x02;
   786                           ;pic168xa.h: 22: volatile unsigned char STATUS @ 0x03;
   787                           ;pic168xa.h: 23: unsigned char FSR @ 0x04;
   788                           ;pic168xa.h: 24: volatile unsigned char PORTA @ 0x05;
   789                           ;pic168xa.h: 25: volatile unsigned char PORTB @ 0x06;
   790                           ;pic168xa.h: 26: volatile unsigned char PORTC @ 0x07;
   791                           ;pic168xa.h: 31: unsigned char PCLATH @ 0x0A;
   792                           ;pic168xa.h: 32: volatile unsigned char INTCON @ 0x0B;
   793                           	
   794  072D                     _main:	
   795                           	opt stack 8
   796                           ; Regs used in _main: [allreg]
   797                           	line	18
   798                           	
   799  072D                     l30000345:	
   800                           ;T4.c: 18: TRISB=0x00;
   801  072D  1003               	clrc
   802  072E  3000               	movlw	0
   803  072F  1803               	btfsc	status,0
   804  0730  3001               	movlw	1
   805  0731  1683               	bsf	status, 5	;RP0=1, select bank1
   806  0732  1303               	bcf	status, 6	;RP1=0, select bank1
   807  0733  0086               	movwf	(134)^080h	;volatile
   808                           	line	19
   809                           ;T4.c: 19: TRISA=0x00;
   810  0734  1003               	clrc
   811  0735  3000               	movlw	0
   812  0736  1803               	btfsc	status,0
   813  0737  3001               	movlw	1
   814  0738  0085               	movwf	(133)^080h	;volatile
   815                           	line	20
   816                           ;T4.c: 20: TRISC=0x00;
   817  0739  1003               	clrc
   818  073A  3000               	movlw	0
   819  073B  1803               	btfsc	status,0
   820  073C  3001               	movlw	1
   821  073D  0087               	movwf	(135)^080h	;volatile
   822                           	
   823  073E                     l30000346:	
   824                           	line	24
   825                           ;T4.c: 23: {
   826                           ;T4.c: 24: for(j=0;j<=5;j++)
   827  073E  3000               	movlw	low(0)
   828  073F  00F8               	movwf	(main@j)
   829  0740  3000               	movlw	high(0)
   830  0741  00F9               	movwf	((main@j))+1
   831                           	
   832  0742                     l30000349:	
   833                           	line	25
   834                           ;T4.c: 25: display();
   835  0742  120A  118A  27AB   	fcall	_display
              120A  118A         
   836                           	
   837  0747                     l30000350:	
   838                           	line	24
   839  0747  3001               	movlw	low(01h)
   840  0748  07F8               	addwf	(main@j),f
   841  0749  1803               	skipnc
   842  074A  0AF9               	incf	(main@j+1),f
   843  074B  3000               	movlw	high(01h)
   844  074C  07F9               	addwf	(main@j+1),f
   845                           	
   846  074D                     l30000351:	
   847  074D  0879               	movf	(main@j+1),w
   848  074E  3A80               	xorlw	80h
   849  074F  00F7               	movwf	(??_main+0+0)
   850  0750  3080               	movlw	(high(06h))^80h
   851  0751  0277               	subwf	(??_main+0+0),w
   852  0752  1D03               	skipz
   853  0753  2F56               	goto	u15
   854  0754  3006               	movlw	low(06h)
   855  0755  0278               	subwf	(main@j),w
   856  0756                     u15:
   857                           
   858  0756  1C03               	skipc
   859  0757  2F59               	goto	u11
   860  0758  2F5A               	goto	u10
   861  0759                     u11:
   862  0759  2F42               	goto	l30000349
   863  075A                     u10:
   864                           	
   865  075A                     l30000352:	
   866                           	line	26
   867                           ;T4.c: 26: incrementd();
   868  075A  120A  118A  2763   	fcall	_incrementd
              120A  118A         
   869  075F  2F3E               	goto	l30000346
   870                           	global	start
   871  0760  120A  118A  2800   	ljmp	start
   872                           	opt stack 0
   873                           GLOBAL	__end_of_main
   874  0763                     	__end_of_main:
   875                           ; =============== function _main ends ============
   876                           
   877                           psect	maintext
   878                           	line	28
   879                           	signat	_main,88
   880                           	global	_incrementd
   881                           psect	text11,local,class=CODE,delta=2
   882                           global __ptext11
   883  0763                     __ptext11:
   884                           
   885                           ; *************** function _incrementd *****************
   886                           ; Defined at:
   887                           ;		line 74 in file "D:\ABHISHEK JOSHI\PIC\T4\T4.c"
   888                           ; Parameters:    Size  Location     Type
   889                           ;		None
   890                           ; Auto vars:     Size  Location     Type
   891                           ;		None
   892                           ; Return value:  Size  Location     Type
   893                           ;		None               void
   894                           ; Registers used:
   895                           ;		wreg, status,2, status,0
   896                           ; Tracked objects:
   897                           ;		On entry : 0/0
   898                           ;		On exit  : 0/0
   899                           ;		Unchanged: 0/0
   900                           ; Data sizes:     COMMON   BANK0   BANK1   BANK3   BANK2
   901                           ;      Locals:         0       0       0       0       0
   902                           ;      Temp:     0
   903                           ;      Total:    0
   904                           ; This function calls:
   905                           ;		Nothing
   906                           ; This function is called by:
   907                           ;		_main
   908                           ; This function uses a non-reentrant model
   909                           ; 
   910                           psect	text11
   911                           	file	"D:\ABHISHEK JOSHI\PIC\T4\T4.c"
   912                           	line	74
   913                           	global	__size_of_incrementd
   914  0048                     	__size_of_incrementd	equ	__end_of_incrementd-_incrementd
   915                           ;T4.c: 73: void incrementd()
   916                           ;T4.c: 74: {
   917                           	
   918  0763                     _incrementd:	
   919                           	opt stack 7
   920                           ; Regs used in _incrementd: [wreg+status,2+status,0]
   921                           	line	76
   922                           	
   923  0763                     l30000377:	
   924                           ;T4.c: 76: ds1=ds1+1;
   925  0763  087A               	movf	(_ds1),w
   926  0764  3E01               	addlw	01h
   927  0765  00FA               	movwf	(_ds1)
   928                           	
   929  0766                     l30000378:	
   930                           	line	77
   931                           ;T4.c: 77: if (ds1>9)
   932  0766  300A               	movlw	(0Ah)
   933  0767  027A               	subwf	(_ds1),w
   934  0768  1C03               	skipc
   935  0769  2F6B               	goto	u41
   936  076A  2F6C               	goto	u40
   937  076B                     u41:
   938  076B  2FAA               	goto	l18
   939  076C                     u40:
   940                           	
   941  076C                     l30000379:	
   942                           	line	79
   943                           ;T4.c: 78: {
   944                           ;T4.c: 79: ds1=0;
   945  076C  1003               	clrc
   946  076D  3000               	movlw	0
   947  076E  1803               	btfsc	status,0
   948  076F  3001               	movlw	1
   949  0770  00FA               	movwf	(_ds1)
   950                           	line	80
   951                           ;T4.c: 80: ds2=ds2+1;
   952  0771  087B               	movf	(_ds2),w
   953  0772  3E01               	addlw	01h
   954  0773  00FB               	movwf	(_ds2)
   955                           	
   956  0774                     l30000380:	
   957                           	line	82
   958                           ;T4.c: 82: if (ds2>9)
   959  0774  300A               	movlw	(0Ah)
   960  0775  027B               	subwf	(_ds2),w
   961  0776  1C03               	skipc
   962  0777  2F79               	goto	u51
   963  0778  2F7A               	goto	u50
   964  0779                     u51:
   965  0779  2FAA               	goto	l18
   966  077A                     u50:
   967                           	
   968  077A                     l30000381:	
   969                           	line	84
   970                           ;T4.c: 83: {
   971                           ;T4.c: 84: ds2=0;
   972  077A  1003               	clrc
   973  077B  3000               	movlw	0
   974  077C  1803               	btfsc	status,0
   975  077D  3001               	movlw	1
   976  077E  00FB               	movwf	(_ds2)
   977                           	line	85
   978                           ;T4.c: 85: ds3=ds3+1;
   979  077F  087C               	movf	(_ds3),w
   980  0780  3E01               	addlw	01h
   981  0781  00FC               	movwf	(_ds3)
   982                           	
   983  0782                     l30000382:	
   984                           	line	87
   985                           ;T4.c: 87: if (ds3>9)
   986  0782  300A               	movlw	(0Ah)
   987  0783  027C               	subwf	(_ds3),w
   988  0784  1C03               	skipc
   989  0785  2F87               	goto	u61
   990  0786  2F88               	goto	u60
   991  0787                     u61:
   992  0787  2FAA               	goto	l18
   993  0788                     u60:
   994                           	
   995  0788                     l30000383:	
   996                           	line	89
   997                           ;T4.c: 88: {
   998                           ;T4.c: 89: ds3=0;
   999  0788  1003               	clrc
  1000  0789  3000               	movlw	0
  1001  078A  1803               	btfsc	status,0
  1002  078B  3001               	movlw	1
  1003  078C  00FC               	movwf	(_ds3)
  1004                           	line	90
  1005                           ;T4.c: 90: ds4=ds4+1;
  1006  078D  087D               	movf	(_ds4),w
  1007  078E  3E01               	addlw	01h
  1008  078F  00FD               	movwf	(_ds4)
  1009                           	
  1010  0790                     l30000384:	
  1011                           	line	92
  1012                           ;T4.c: 92: if(ds4>9)
  1013  0790  300A               	movlw	(0Ah)
  1014  0791  027D               	subwf	(_ds4),w
  1015  0792  1C03               	skipc
  1016  0793  2F95               	goto	u71
  1017  0794  2F96               	goto	u70
  1018  0795                     u71:
  1019  0795  2FAA               	goto	l18
  1020  0796                     u70:
  1021                           	
  1022  0796                     l30000385:	
  1023                           	line	94
  1024                           ;T4.c: 93: {
  1025                           ;T4.c: 94: ds1=0;
  1026  0796  1003               	clrc
  1027  0797  3000               	movlw	0
  1028  0798  1803               	btfsc	status,0
  1029  0799  3001               	movlw	1
  1030  079A  00FA               	movwf	(_ds1)
  1031                           	line	95
  1032                           ;T4.c: 95: ds2=0;
  1033  079B  1003               	clrc
  1034  079C  3000               	movlw	0
  1035  079D  1803               	btfsc	status,0
  1036  079E  3001               	movlw	1
  1037  079F  00FB               	movwf	(_ds2)
  1038                           	line	96
  1039                           ;T4.c: 96: ds3=0;
  1040  07A0  1003               	clrc
  1041  07A1  3000               	movlw	0
  1042  07A2  1803               	btfsc	status,0
  1043  07A3  3001               	movlw	1
  1044  07A4  00FC               	movwf	(_ds3)
  1045                           	line	97
  1046                           ;T4.c: 97: ds4=0;
  1047  07A5  1003               	clrc
  1048  07A6  3000               	movlw	0
  1049  07A7  1803               	btfsc	status,0
  1050  07A8  3001               	movlw	1
  1051  07A9  00FD               	movwf	(_ds4)
  1052                           	
  1053  07AA                     l18:	
  1054  07AA  0008               	return
  1055                           	opt stack 0
  1056                           GLOBAL	__end_of_incrementd
  1057  07AB                     	__end_of_incrementd:
  1058                           ; =============== function _incrementd ends ============
  1059                           
  1060                           psect	text12,local,class=CODE,delta=2
  1061                           global __ptext12
  1062  07AB                     __ptext12:
  1063                           	line	107
  1064                           	signat	_incrementd,88
  1065                           	global	_display
  1066                           
  1067                           ; *************** function _display *****************
  1068                           ; Defined at:
  1069                           ;		line 31 in file "D:\ABHISHEK JOSHI\PIC\T4\T4.c"
  1070                           ; Parameters:    Size  Location     Type
  1071                           ;		None
  1072                           ; Auto vars:     Size  Location     Type
  1073                           ;		None
  1074                           ; Return value:  Size  Location     Type
  1075                           ;		None               void
  1076                           ; Registers used:
  1077                           ;		wreg, fsr0l, fsr0h, fsr1l, fsr1h, status,2, status,0, btemp+0, btemp+1, btemp+2, btem
                                 p+3, pclath, cstack
  1078                           ; Tracked objects:
  1079                           ;		On entry : 0/0
  1080                           ;		On exit  : 0/0
  1081                           ;		Unchanged: 0/0
  1082                           ; Data sizes:     COMMON   BANK0   BANK1   BANK3   BANK2
  1083                           ;      Locals:         0       0       0       0       0
  1084                           ;      Temp:     0
  1085                           ;      Total:    0
  1086                           ; This function calls:
  1087                           ;		_delay
  1088                           ; This function is called by:
  1089                           ;		_main
  1090                           ; This function uses a non-reentrant model
  1091                           ; 
  1092                           psect	text12
  1093                           	file	"D:\ABHISHEK JOSHI\PIC\T4\T4.c"
  1094                           	line	31
  1095                           	global	__size_of_display
  1096  0055                     	__size_of_display	equ	__end_of_display-_display
  1097                           ;T4.c: 29: void display()
  1098                           ;T4.c: 31: {
  1099                           	
  1100  07AB                     _display:	
  1101                           	opt stack 7
  1102                           ; Regs used in _display: [allreg]
  1103                           	line	32
  1104                           	
  1105  07AB                     l30000353:	
  1106                           ;T4.c: 32: RA1=0;
  1107  07AB  1283               	bcf	status, 5	;RP0=0, select bank0
  1108  07AC  1303               	bcf	status, 6	;RP1=0, select bank0
  1109  07AD  1085               	bcf	(41/8),(41)&7
  1110                           	line	33
  1111                           ;T4.c: 33: RC0=1;
  1112  07AE  1407               	bsf	(56/8),(56)&7
  1113                           	line	34
  1114                           ;T4.c: 34: RC1=1;
  1115  07AF  1487               	bsf	(57/8),(57)&7
  1116                           	line	35
  1117                           ;T4.c: 35: RC2=1;
  1118  07B0  1507               	bsf	(58/8),(58)&7
  1119                           	
  1120  07B1                     l30000354:	
  1121                           	line	37
  1122                           ;T4.c: 37: PORTB=disp[ds1];
  1123  07B1  087A               	movf	(_ds1),w
  1124  07B2  3E20               	addlw	(_disp)&0ffh
  1125  07B3  0084               	movwf	fsr0
  1126  07B4  1383               	bcf	status, 7	;select IRP bank0
  1127  07B5  0800               	movf	indf,w
  1128  07B6  0086               	movwf	(6)	;volatile
  1129                           	
  1130  07B7                     l30000355:	
  1131                           	line	38
  1132                           ;T4.c: 38: delay(1);
  1133  07B7  3001               	movlw	low(01h)
  1134  07B8  00F5               	movwf	(?_delay)
  1135  07B9  3000               	movlw	high(01h)
  1136  07BA  00F6               	movwf	((?_delay))+1
  1137  07BB  120A  118A  2700   	fcall	_delay
              120A  118A         
  1138                           	
  1139  07C0                     l30000356:	
  1140                           	line	40
  1141                           ;T4.c: 40: RA1=1;
  1142  07C0  1283               	bcf	status, 5	;RP0=0, select bank0
  1143  07C1  1303               	bcf	status, 6	;RP1=0, select bank0
  1144  07C2  1485               	bsf	(41/8),(41)&7
  1145                           	
  1146  07C3                     l30000357:	
  1147                           	line	41
  1148                           ;T4.c: 41: RC0=0;
  1149  07C3  1007               	bcf	(56/8),(56)&7
  1150                           	
  1151  07C4                     l30000358:	
  1152                           	line	42
  1153                           ;T4.c: 42: RC1=1;
  1154  07C4  1487               	bsf	(57/8),(57)&7
  1155                           	
  1156  07C5                     l30000359:	
  1157                           	line	43
  1158                           ;T4.c: 43: RC2=1;
  1159  07C5  1507               	bsf	(58/8),(58)&7
  1160                           	
  1161  07C6                     l30000360:	
  1162                           	line	45
  1163                           ;T4.c: 45: PORTB=disp[ds2];
  1164  07C6  087B               	movf	(_ds2),w
  1165  07C7  3E20               	addlw	(_disp)&0ffh
  1166  07C8  0084               	movwf	fsr0
  1167  07C9  1383               	bcf	status, 7	;select IRP bank0
  1168  07CA  0800               	movf	indf,w
  1169  07CB  0086               	movwf	(6)	;volatile
  1170                           	line	46
  1171                           ;T4.c: 46: delay(1);
  1172  07CC  3001               	movlw	low(01h)
  1173  07CD  00F5               	movwf	(?_delay)
  1174  07CE  3000               	movlw	high(01h)
  1175  07CF  00F6               	movwf	((?_delay))+1
  1176  07D0  120A  118A  2700   	fcall	_delay
              120A  118A         
  1177                           	
  1178  07D5                     l30000361:	
  1179                           	line	48
  1180                           ;T4.c: 48: RA1=1;
  1181  07D5  1283               	bcf	status, 5	;RP0=0, select bank0
  1182  07D6  1303               	bcf	status, 6	;RP1=0, select bank0
  1183  07D7  1485               	bsf	(41/8),(41)&7
  1184                           	
  1185  07D8                     l30000362:	
  1186                           	line	49
  1187                           ;T4.c: 49: RC0=1;
  1188  07D8  1407               	bsf	(56/8),(56)&7
  1189                           	
  1190  07D9                     l30000363:	
  1191                           	line	50
  1192                           ;T4.c: 50: RC1=0;
  1193  07D9  1087               	bcf	(57/8),(57)&7
  1194                           	
  1195  07DA                     l30000364:	
  1196                           	line	51
  1197                           ;T4.c: 51: RC2=1;
  1198  07DA  1507               	bsf	(58/8),(58)&7
  1199                           	
  1200  07DB                     l30000365:	
  1201                           	line	53
  1202                           ;T4.c: 53: PORTB=disp[ds3];
  1203  07DB  087C               	movf	(_ds3),w
  1204  07DC  3E20               	addlw	(_disp)&0ffh
  1205  07DD  0084               	movwf	fsr0
  1206  07DE  1383               	bcf	status, 7	;select IRP bank0
  1207  07DF  0800               	movf	indf,w
  1208  07E0  0086               	movwf	(6)	;volatile
  1209                           	
  1210  07E1                     l30000366:	
  1211                           	line	54
  1212                           ;T4.c: 54: delay(1);
  1213  07E1  3001               	movlw	low(01h)
  1214  07E2  00F5               	movwf	(?_delay)
  1215  07E3  3000               	movlw	high(01h)
  1216  07E4  00F6               	movwf	((?_delay))+1
  1217  07E5  120A  118A  2700   	fcall	_delay
              120A  118A         
  1218                           	
  1219  07EA                     l30000367:	
  1220                           	line	56
  1221                           ;T4.c: 56: RA1=1;
  1222  07EA  1283               	bcf	status, 5	;RP0=0, select bank0
  1223  07EB  1303               	bcf	status, 6	;RP1=0, select bank0
  1224  07EC  1485               	bsf	(41/8),(41)&7
  1225                           	
  1226  07ED                     l30000368:	
  1227                           	line	57
  1228                           ;T4.c: 57: RC0=1;
  1229  07ED  1407               	bsf	(56/8),(56)&7
  1230                           	
  1231  07EE                     l30000369:	
  1232                           	line	58
  1233                           ;T4.c: 58: RC1=1;
  1234  07EE  1487               	bsf	(57/8),(57)&7
  1235                           	
  1236  07EF                     l30000370:	
  1237                           	line	59
  1238                           ;T4.c: 59: RC2=0;
  1239  07EF  1107               	bcf	(58/8),(58)&7
  1240                           	line	61
  1241                           ;T4.c: 61: PORTB=disp[ds4];
  1242  07F0  087D               	movf	(_ds4),w
  1243  07F1  3E20               	addlw	(_disp)&0ffh
  1244  07F2  0084               	movwf	fsr0
  1245  07F3  1383               	bcf	status, 7	;select IRP bank0
  1246  07F4  0800               	movf	indf,w
  1247  07F5  0086               	movwf	(6)	;volatile
  1248                           	
  1249  07F6                     l30000371:	
  1250                           	line	62
  1251                           ;T4.c: 62: delay(1);
  1252  07F6  3001               	movlw	low(01h)
  1253  07F7  00F5               	movwf	(?_delay)
  1254  07F8  3000               	movlw	high(01h)
  1255  07F9  00F6               	movwf	((?_delay))+1
  1256  07FA  120A  118A  2700   	fcall	_delay
              120A  118A         
  1257                           	
  1258  07FF                     l9:	
  1259  07FF  0008               	return
  1260                           	opt stack 0
  1261                           GLOBAL	__end_of_display
  1262  0800                     	__end_of_display:
  1263                           ; =============== function _display ends ============
  1264                           
  1265                           psect	text13,local,class=CODE,delta=2
  1266                           global __ptext13
  1267  0700                     __ptext13:
  1268                           	line	64
  1269                           	signat	_display,88
  1270                           	global	_delay
  1271                           
  1272                           ; *************** function _delay *****************
  1273                           ; Defined at:
  1274                           ;		line 67 in file "D:\ABHISHEK JOSHI\PIC\T4\T4.c"
  1275                           ; Parameters:    Size  Location     Type
  1276                           ;  del             2    5[COMMON] unsigned int 
  1277                           ; Auto vars:     Size  Location     Type
  1278                           ;  d2              2    3[COMMON] int 
  1279                           ;  d1              2    1[COMMON] int 
  1280                           ; Return value:  Size  Location     Type
  1281                           ;		None               void
  1282                           ; Registers used:
  1283                           ;		wreg
  1284                           ; Tracked objects:
  1285                           ;		On entry : 0/0
  1286                           ;		On exit  : 0/0
  1287                           ;		Unchanged: 0/0
  1288                           ; Data sizes:     COMMON   BANK0   BANK1   BANK3   BANK2
  1289                           ;      Locals:         7       0       0       0       0
  1290                           ;      Temp:     1
  1291                           ;      Total:    7
  1292                           ; This function calls:
  1293                           ;		Nothing
  1294                           ; This function is called by:
  1295                           ;		_display
  1296                           ; This function uses a non-reentrant model
  1297                           ; 
  1298                           psect	text13
  1299                           	file	"D:\ABHISHEK JOSHI\PIC\T4\T4.c"
  1300                           	line	67
  1301                           	global	__size_of_delay
  1302  002D                     	__size_of_delay	equ	__end_of_delay-_delay
  1303                           ;T4.c: 66: void delay(unsigned int del)
  1304                           ;T4.c: 67: {
  1305                           	
  1306  0700                     _delay:	
  1307                           	opt stack 6
  1308                           ; Regs used in _delay: [wreg]
  1309                           	line	69
  1310                           	
  1311  0700                     l30000372:	
  1312                           ;T4.c: 68: int d1,d2;
  1313                           ;T4.c: 69: for(d1=0;d1<=del;d1++)
  1314  0700  3000               	movlw	low(0)
  1315  0701  00F1               	movwf	(delay@d1)
  1316  0702  3000               	movlw	high(0)
  1317  0703  00F2               	movwf	((delay@d1))+1
  1318  0704  2F22               	goto	l14
  1319                           	
  1320  0705                     l30000373:	
  1321                           	line	70
  1322                           ;T4.c: 70: for(d2=0;d2<=120;d2++);
  1323  0705  3000               	movlw	low(0)
  1324  0706  00F3               	movwf	(delay@d2)
  1325  0707  3000               	movlw	high(0)
  1326  0708  00F4               	movwf	((delay@d2))+1
  1327                           	
  1328  0709                     l30000375:	
  1329  0709  3001               	movlw	low(01h)
  1330  070A  07F3               	addwf	(delay@d2),f
  1331  070B  1803               	skipnc
  1332  070C  0AF4               	incf	(delay@d2+1),f
  1333  070D  3000               	movlw	high(01h)
  1334  070E  07F4               	addwf	(delay@d2+1),f
  1335  070F  0874               	movf	(delay@d2+1),w
  1336  0710  3A80               	xorlw	80h
  1337  0711  00F0               	movwf	(??_delay+0+0)
  1338  0712  3080               	movlw	(high(079h))^80h
  1339  0713  0270               	subwf	(??_delay+0+0),w
  1340  0714  1D03               	skipz
  1341  0715  2F18               	goto	u25
  1342  0716  3079               	movlw	low(079h)
  1343  0717  0273               	subwf	(delay@d2),w
  1344  0718                     u25:
  1345                           
  1346  0718  1C03               	skipc
  1347  0719  2F1B               	goto	u21
  1348  071A  2F1C               	goto	u20
  1349  071B                     u21:
  1350  071B  2F09               	goto	l30000375
  1351  071C                     u20:
  1352                           	
  1353  071C                     l30000376:	
  1354                           	line	69
  1355  071C  3001               	movlw	low(01h)
  1356  071D  07F1               	addwf	(delay@d1),f
  1357  071E  1803               	skipnc
  1358  071F  0AF2               	incf	(delay@d1+1),f
  1359  0720  3000               	movlw	high(01h)
  1360  0721  07F2               	addwf	(delay@d1+1),f
  1361                           	
  1362  0722                     l14:	
  1363  0722  0872               	movf	(delay@d1+1),w
  1364  0723  0276               	subwf	(delay@del+1),w
  1365  0724  1D03               	skipz
  1366  0725  2F28               	goto	u35
  1367  0726  0871               	movf	(delay@d1),w
  1368  0727  0275               	subwf	(delay@del),w
  1369  0728                     u35:
  1370  0728  1803               	skipnc
  1371  0729  2F2B               	goto	u31
  1372  072A  2F2C               	goto	u30
  1373  072B                     u31:
  1374  072B  2F05               	goto	l30000373
  1375  072C                     u30:
  1376                           	
  1377  072C                     l10:	
  1378  072C  0008               	return
  1379                           	opt stack 0
  1380                           GLOBAL	__end_of_delay
  1381  072D                     	__end_of_delay:
  1382                           ; =============== function _delay ends ============
  1383                           
  1384                           psect	text14,local,class=CODE,delta=2
  1385                           global __ptext14
  1386  0003                     __ptext14:
  1387                           	line	71
  1388                           	signat	_delay,4216
  1389                           	global	btemp
  1390  007E                     	btemp set 07Eh


HI-TECH Software PICC Macro Assembler V9.70 build 5239 
Symbol Table                                                                                   Tue Jan 01 17:09:23 2002

                   l9 07FF                     pc 0002        __size_of_delay 002D                    l10 072C  
                  _DA 04A5                    l14 0722                    _BF 04A0                    _DC 0019  
                  l18 07AA                    _PD 001B                    _RD 0C60                    u10 075A  
                  u11 0759                    _UA 04A1                    u20 071C                    u21 071B  
                  u30 072C                    u31 072B                    u15 0756                    u40 076C  
                  u25 0718                    u41 076B                    u50 077A                    u35 0728  
                  u51 0779                    u60 0788                    u61 0787                    u70 0796  
                  u71 0795                    _TO 001C                    _RW 04A2                    _WR 0C61  
                  fsr 0004          ??_incrementd 0070           __pbssCOMMON 007A                   _CM0 04E0  
                 _CM1 04E1                   _CM2 04E2                   _CKE 04A6                   _CIS 04E3  
                 _CKP 00A4                   _GIE 005F                   _BOR 0470                   _RA0 0028  
                 _RA1 0029                   _RB0 0030                   _RA2 002A                   _RB1 0031  
                 _RA3 002B                   _RC0 0038                   _RB2 0032                   _RA4 002C  
                 _RC1 0039                   _RB3 0033                   _RA5 002D                   _RC2 003A  
                 _RB4 0034                   _RC3 003B                   _RB5 0035                   _RC4 003C  
                 _RB6 0036                   _RC5 003D                   _RB7 0037                   _RC6 003E  
                 _RC7 003F                   _FSR 0004                   _PCL 0002                   _PS0 0408  
                 _PR2 0092                   _PS1 0409                   _PS2 040A                   _PEN 048A  
                 _RP0 001D                   _IRP 001F                   _RP1 001E                   _SEN 0488  
                 _PSA 040B                   _POR 0471                   _RX9 00C6                   _SMP 04A7  
                 _TX9 04C6                   _ds1 007A                   _ds2 007B                   _ds3 007C  
                 _ds4 007D                   fsr0 0004                   indf 0000               ??_delay 0070  
                _ADIE 0466                  _ADIF 0066                  _ADFM 04FF                  _ADGO 00FA  
            __ptext11 0763              __ptext12 07AB              __ptext13 0700              __ptext14 0003  
                _ADON 00F8                  _CHS0 00FB                  _CHS1 00FC                  _CHS2 00FD  
                _EEIE 046C                  _EEIF 006C                  _GCEN 048F      __size_of_display 0055  
                _CMIE 046E                  _CMIF 006E                  _BRGH 04C2                  _T0IE 005D  
                _T0IF 005A                  _CREN 00C4                  _T0CS 040D                  _FERR 00C2  
                _CVR0 04E8                  _CVR1 04E9                  _CVR2 04EA                  _CVR3 04EB  
                _T0SE 040C                  _CSRC 04C7                  _INDF 0000                  _PIE1 008C  
                _PIE2 008D                  _CVRR 04ED                  _PEIE 005E                  _INTE 005C  
                _INTF 0059                  _RBIE 005B                  _RBIF 0058                  _RCIE 0465  
                _RCEN 048B                  _RCIF 0065                  _PCON 008E                  _PIR1 000C  
                _PIR2 000D                  _OERR 00C1                  _RBPU 040F          __pidataBANK0 06E7  
                _RX9D 00C0                  _TMR0 0001                  _TMR2 0011                  _WCOL 00A7  
                _SPEN 00C7                  _RSEN 0489                  _TX9D 04C0                  _SREN 00C5  
                _TRMT 04C1                  _STOP 04A4                  _TXIE 0464                  _ZERO 001A  
                _WREN 0C62                  _TXEN 04C5                  _TXIF 0064                  _SYNC 04C4  
                _disp 0020                  _main 072D                  btemp 007E                  start 0000  
            delay@del 0075   start_initialization 06D1               _CCP1CON 0017               _CCP2CON 001D  
             _ACKSTAT 048E                 _C1INV 04E4                 _C2INV 04E5                 _C1OUT 04E6  
               _C2OUT 04E7                 _ADCS0 00FE                 _ADCS1 00FF                 _ADCS2 04FE  
               _ADDEN 00C3                 ?_main 007A                 _ACKEN 048C                 _ACKDT 048D  
               _BCLIE 046B                 _BCLIF 006B                 _CCP1X 00BD                 _CCP1Y 00BC  
               _CCP2X 00ED                 _CCP2Y 00EC                 _EEADR 010D         __end_of_delay 072D  
               _CARRY 0018                 _EEPGD 0C67                 _CMCON 009C                 _T1CON 0010  
               _T2CON 0012               _T1CKPS0 0084               _T1CKPS1 0085                 _PCFG0 04F8  
               _PCFG1 04F9                 _PCFG2 04FA                 _PCFG3 04FB               _T2CKPS0 0090  
             _T2CKPS1 0091                 _CVREN 04EF                 _CVROE 04EE       __end_of_display 0800  
               _RCREG 001A                 _RCSTA 0018                 _TMR1H 000F                 _TMR1L 000E  
               _SPBRG 0099                 _PORTA 0005                 _PORTB 0006               _T1OSCEN 0083  
               _PORTC 0007                 _START 04A3                 _SSPM0 00A0                 _SSPM1 00A1  
               _SSPM2 00A2                 _SSPM3 00A3                 _TRISA 0085                 _TRISB 0086  
               _TRISC 0087                 _SSPIE 0463                 _SSPIF 0063                 _SSPEN 00A5  
               _SSPOV 00A6                 _WRERR 0C63                 _TXREG 0019                 _TXSTA 0098  
      __pcstackCOMMON 0070                 _delay 0700               _SSPCON2 0091                 main@j 0078  
             _SSPSTAT 0094               _TOUTPS0 0093               _TOUTPS1 0094               _TOUTPS2 0095  
             _TOUTPS3 0096                 pclath 000A   __size_of_incrementd 0048                 status 0003  
       __size_of_main 0036              l30000350 0747              l30000351 074D              l30000360 07C6  
            l30000352 075A              l30000361 07D5              l30000353 07AB              l30000345 072D  
            l30000370 07EF              l30000362 07D8              l30000354 07B1              l30000346 073E  
            l30000371 07F6              l30000363 07D9              l30000355 07B7              l30000372 0700  
            l30000364 07DA              l30000356 07C0              l30000380 0774              l30000373 0705  
            l30000365 07DB              l30000357 07C3              l30000381 077A              l30000349 0742  
            l30000366 07E1              l30000358 07C4              l30000382 0782              l30000375 0709  
            l30000367 07EA              l30000359 07C5              l30000383 0788              l30000376 071C  
            l30000368 07ED              l30000384 0790              l30000369 07EE              l30000385 0796  
            l30000377 0763              l30000378 0766              l30000379 076C                ??_main 0077  
             _display 07AB              ?_display 0077            __pmaintext 072D               delay@d1 0071  
             delay@d2 0073             ??_display 0071                ?_delay 0075                _ADCON0 001F  
              _ADCON1 009F                _CCP1M0 00B8                _CCP1M1 00B9                _CCP1M2 00BA  
              _CCP1M3 00BB                _CCP2M0 00E8                _CCP2M1 00E9                _CCP2M2 00EA  
              _CCP2M3 00EB                _CCP1IE 0462                _CCP1IF 0062                _CCP2IE 0468  
              _CCP2IF 0068                _ADRESH 001E                _EEADRH 010F                _ADRESL 009E  
              _EEADRL 010D                _EEDATA 010C                _CCPR1H 0016                _EEDATH 010E  
              _CCPR2H 001C                _CCPR1L 0015                _CCPR2L 001B                _EECON1 018C  
              _EECON2 018D          __end_of_main 0763                _GODONE 00FA  end_of_initialization 06E3  
              _CVRCON 009D                _T1SYNC 0082                _INTEDG 040E                _PCLATH 000A  
              _INTCON 000B                _TMR0IE 005D                _TMR0IF 005A                _TMR1IE 0460  
              _TMR1IF 0060                _TMR1CS 0081                _TMR2IE 0461                _TMR2IF 0061  
              _OPTION 0081                _TMR1ON 0080                _TMR2ON 0092                _SSPADD 0093  
              _TRISA0 0428                _TRISA1 0429                _TRISB0 0430                _TRISA2 042A  
              _TRISB1 0431                _TRISA3 042B                _TRISC0 0438                _TRISB2 0432  
              _TRISA4 042C                _TRISC1 0439                _TRISB3 0433                _TRISA5 042D  
              _TRISC2 043A                _TRISB4 0434                _TRISC3 043B                _TRISB5 0435  
              _TRISC4 043C                _TRISB6 0436                _TRISC5 043D                _TRISB7 0437  
              _TRISC6 043E                _TRISC7 043F                _STATUS 0003                _SSPCON 0014  
              _SSPBUF 0013               init_ram 06C4             init_fetch 06C0            _incrementd 0763  
  __end_of_incrementd 07AB           ?_incrementd 0070           __pdataBANK0 0020  
